=== OpenSSL for Ruby configurator ===
=== Checking for system dependent stuff... ===
have_library: checking for t_open() in -lnsl... -------------------- no

"gcc -o conftest -I/Users/ilmira/.rvm/rubies/ruby-2.5.5/include/ruby-2.5.0/x86_64-darwin17 -I/Users/ilmira/.rvm/rubies/ruby-2.5.5/include/ruby-2.5.0/ruby/backward -I/Users/ilmira/.rvm/rubies/ruby-2.5.5/include/ruby-2.5.0 -I.  -I/usr/local/opt/libyaml/include -I/usr/local/opt/libksba/include -I/usr/local/opt/readline/include -I/usr/local/opt/zlib/include -I/usr/local/opt/openssl@1.1/include -D_XOPEN_SOURCE -D_DARWIN_C_SOURCE -D_DARWIN_UNLIMITED_SELECT -D_REENTRANT   -O3 -ggdb3 -Wall -Wextra -Wno-unused-parameter -Wno-parentheses -Wno-long-long -Wno-missing-field-initializers -Wno-tautological-compare -Wno-parentheses-equality -Wno-constant-logical-operand -Wno-self-assign -Wunused-variable -Wimplicit-int -Wpointer-arith -Wwrite-strings -Wdeclaration-after-statement -Wshorten-64-to-32 -Wimplicit-function-declaration -Wdivision-by-zero -Wdeprecated-declarations -Wextra-tokens  -fno-common -pipe conftest.c  -L. -L/Users/ilmira/.rvm/rubies/ruby-2.5.5/lib -L/usr/local/opt/libyaml/lib -L/usr/local/opt/libksba/lib -L/usr/local/opt/readline/lib -L/usr/local/opt/zlib/lib -L/usr/local/opt/openssl@1.1/lib -L. -fstack-protector -L/usr/local/lib -L/usr/local/opt/libyaml/lib -L/usr/local/opt/libksba/lib -L/usr/local/opt/readline/lib -L/usr/local/opt/zlib/lib -L/usr/local/opt/openssl@1.1/lib     -lruby.2.5.5  -lpthread -lgmp -ldl -lobjc "
checked program was:
/* begin */
1: #include "ruby.h"
2: 
3: int main(int argc, char **argv)
4: {
5:   return 0;
6: }
/* end */

"gcc -o conftest -I/Users/ilmira/.rvm/rubies/ruby-2.5.5/include/ruby-2.5.0/x86_64-darwin17 -I/Users/ilmira/.rvm/rubies/ruby-2.5.5/include/ruby-2.5.0/ruby/backward -I/Users/ilmira/.rvm/rubies/ruby-2.5.5/include/ruby-2.5.0 -I.  -I/usr/local/opt/libyaml/include -I/usr/local/opt/libksba/include -I/usr/local/opt/readline/include -I/usr/local/opt/zlib/include -I/usr/local/opt/openssl@1.1/include -D_XOPEN_SOURCE -D_DARWIN_C_SOURCE -D_DARWIN_UNLIMITED_SELECT -D_REENTRANT   -O3 -ggdb3 -Wall -Wextra -Wno-unused-parameter -Wno-parentheses -Wno-long-long -Wno-missing-field-initializers -Wno-tautological-compare -Wno-parentheses-equality -Wno-constant-logical-operand -Wno-self-assign -Wunused-variable -Wimplicit-int -Wpointer-arith -Wwrite-strings -Wdeclaration-after-statement -Wshorten-64-to-32 -Wimplicit-function-declaration -Wdivision-by-zero -Wdeprecated-declarations -Wextra-tokens  -fno-common -pipe conftest.c  -L. -L/Users/ilmira/.rvm/rubies/ruby-2.5.5/lib -L/usr/local/opt/libyaml/lib -L/usr/local/opt/libksba/lib -L/usr/local/opt/readline/lib -L/usr/local/opt/zlib/lib -L/usr/local/opt/openssl@1.1/lib -L. -fstack-protector -L/usr/local/lib -L/usr/local/opt/libyaml/lib -L/usr/local/opt/libksba/lib -L/usr/local/opt/readline/lib -L/usr/local/opt/zlib/lib -L/usr/local/opt/openssl@1.1/lib     -lruby.2.5.5 -lnsl  -lpthread -lgmp -ldl -lobjc "
conftest.c:13:57: error: use of undeclared identifier 't_open'
int t(void) { void ((*volatile p)()); p = (void ((*)()))t_open; return !p; }
                                                        ^
1 error generated.
checked program was:
/* begin */
 1: #include "ruby.h"
 2: 
 3: /*top*/
 4: extern int t(void);
 5: int main(int argc, char **argv)
 6: {
 7:   if (argc > 1000000) {
 8:     printf("%p", &t);
 9:   }
10: 
11:   return 0;
12: }
13: int t(void) { void ((*volatile p)()); p = (void ((*)()))t_open; return !p; }
/* end */

"gcc -o conftest -I/Users/ilmira/.rvm/rubies/ruby-2.5.5/include/ruby-2.5.0/x86_64-darwin17 -I/Users/ilmira/.rvm/rubies/ruby-2.5.5/include/ruby-2.5.0/ruby/backward -I/Users/ilmira/.rvm/rubies/ruby-2.5.5/include/ruby-2.5.0 -I.  -I/usr/local/opt/libyaml/include -I/usr/local/opt/libksba/include -I/usr/local/opt/readline/include -I/usr/local/opt/zlib/include -I/usr/local/opt/openssl@1.1/include -D_XOPEN_SOURCE -D_DARWIN_C_SOURCE -D_DARWIN_UNLIMITED_SELECT -D_REENTRANT   -O3 -ggdb3 -Wall -Wextra -Wno-unused-parameter -Wno-parentheses -Wno-long-long -Wno-missing-field-initializers -Wno-tautological-compare -Wno-parentheses-equality -Wno-constant-logical-operand -Wno-self-assign -Wunused-variable -Wimplicit-int -Wpointer-arith -Wwrite-strings -Wdeclaration-after-statement -Wshorten-64-to-32 -Wimplicit-function-declaration -Wdivision-by-zero -Wdeprecated-declarations -Wextra-tokens  -fno-common -pipe conftest.c  -L. -L/Users/ilmira/.rvm/rubies/ruby-2.5.5/lib -L/usr/local/opt/libyaml/lib -L/usr/local/opt/libksba/lib -L/usr/local/opt/readline/lib -L/usr/local/opt/zlib/lib -L/usr/local/opt/openssl@1.1/lib -L. -fstack-protector -L/usr/local/lib -L/usr/local/opt/libyaml/lib -L/usr/local/opt/libksba/lib -L/usr/local/opt/readline/lib -L/usr/local/opt/zlib/lib -L/usr/local/opt/openssl@1.1/lib     -lruby.2.5.5 -lnsl  -lpthread -lgmp -ldl -lobjc "
ld: library not found for -lnsl
clang: error: linker command failed with exit code 1 (use -v to see invocation)
checked program was:
/* begin */
 1: #include "ruby.h"
 2: 
 3: /*top*/
 4: extern int t(void);
 5: int main(int argc, char **argv)
 6: {
 7:   if (argc > 1000000) {
 8:     printf("%p", &t);
 9:   }
10: 
11:   return 0;
12: }
13: extern void t_open();
14: int t(void) { t_open(); return 0; }
/* end */

--------------------

have_library: checking for socket() in -lsocket... -------------------- no

"gcc -o conftest -I/Users/ilmira/.rvm/rubies/ruby-2.5.5/include/ruby-2.5.0/x86_64-darwin17 -I/Users/ilmira/.rvm/rubies/ruby-2.5.5/include/ruby-2.5.0/ruby/backward -I/Users/ilmira/.rvm/rubies/ruby-2.5.5/include/ruby-2.5.0 -I.  -I/usr/local/opt/libyaml/include -I/usr/local/opt/libksba/include -I/usr/local/opt/readline/include -I/usr/local/opt/zlib/include -I/usr/local/opt/openssl@1.1/include -D_XOPEN_SOURCE -D_DARWIN_C_SOURCE -D_DARWIN_UNLIMITED_SELECT -D_REENTRANT   -O3 -ggdb3 -Wall -Wextra -Wno-unused-parameter -Wno-parentheses -Wno-long-long -Wno-missing-field-initializers -Wno-tautological-compare -Wno-parentheses-equality -Wno-constant-logical-operand -Wno-self-assign -Wunused-variable -Wimplicit-int -Wpointer-arith -Wwrite-strings -Wdeclaration-after-statement -Wshorten-64-to-32 -Wimplicit-function-declaration -Wdivision-by-zero -Wdeprecated-declarations -Wextra-tokens  -fno-common -pipe conftest.c  -L. -L/Users/ilmira/.rvm/rubies/ruby-2.5.5/lib -L/usr/local/opt/libyaml/lib -L/usr/local/opt/libksba/lib -L/usr/local/opt/readline/lib -L/usr/local/opt/zlib/lib -L/usr/local/opt/openssl@1.1/lib -L. -fstack-protector -L/usr/local/lib -L/usr/local/opt/libyaml/lib -L/usr/local/opt/libksba/lib -L/usr/local/opt/readline/lib -L/usr/local/opt/zlib/lib -L/usr/local/opt/openssl@1.1/lib     -lruby.2.5.5 -lsocket  -lpthread -lgmp -ldl -lobjc "
conftest.c:13:57: error: use of undeclared identifier 'socket'
int t(void) { void ((*volatile p)()); p = (void ((*)()))socket; return !p; }
                                                        ^
1 error generated.
checked program was:
/* begin */
 1: #include "ruby.h"
 2: 
 3: /*top*/
 4: extern int t(void);
 5: int main(int argc, char **argv)
 6: {
 7:   if (argc > 1000000) {
 8:     printf("%p", &t);
 9:   }
10: 
11:   return 0;
12: }
13: int t(void) { void ((*volatile p)()); p = (void ((*)()))socket; return !p; }
/* end */

"gcc -o conftest -I/Users/ilmira/.rvm/rubies/ruby-2.5.5/include/ruby-2.5.0/x86_64-darwin17 -I/Users/ilmira/.rvm/rubies/ruby-2.5.5/include/ruby-2.5.0/ruby/backward -I/Users/ilmira/.rvm/rubies/ruby-2.5.5/include/ruby-2.5.0 -I.  -I/usr/local/opt/libyaml/include -I/usr/local/opt/libksba/include -I/usr/local/opt/readline/include -I/usr/local/opt/zlib/include -I/usr/local/opt/openssl@1.1/include -D_XOPEN_SOURCE -D_DARWIN_C_SOURCE -D_DARWIN_UNLIMITED_SELECT -D_REENTRANT   -O3 -ggdb3 -Wall -Wextra -Wno-unused-parameter -Wno-parentheses -Wno-long-long -Wno-missing-field-initializers -Wno-tautological-compare -Wno-parentheses-equality -Wno-constant-logical-operand -Wno-self-assign -Wunused-variable -Wimplicit-int -Wpointer-arith -Wwrite-strings -Wdeclaration-after-statement -Wshorten-64-to-32 -Wimplicit-function-declaration -Wdivision-by-zero -Wdeprecated-declarations -Wextra-tokens  -fno-common -pipe conftest.c  -L. -L/Users/ilmira/.rvm/rubies/ruby-2.5.5/lib -L/usr/local/opt/libyaml/lib -L/usr/local/opt/libksba/lib -L/usr/local/opt/readline/lib -L/usr/local/opt/zlib/lib -L/usr/local/opt/openssl@1.1/lib -L. -fstack-protector -L/usr/local/lib -L/usr/local/opt/libyaml/lib -L/usr/local/opt/libksba/lib -L/usr/local/opt/readline/lib -L/usr/local/opt/zlib/lib -L/usr/local/opt/openssl@1.1/lib     -lruby.2.5.5 -lsocket  -lpthread -lgmp -ldl -lobjc "
ld: library not found for -lsocket
clang: error: linker command failed with exit code 1 (use -v to see invocation)
checked program was:
/* begin */
 1: #include "ruby.h"
 2: 
 3: /*top*/
 4: extern int t(void);
 5: int main(int argc, char **argv)
 6: {
 7:   if (argc > 1000000) {
 8:     printf("%p", &t);
 9:   }
10: 
11:   return 0;
12: }
13: extern void socket();
14: int t(void) { socket(); return 0; }
/* end */

--------------------

=== Checking for required stuff... ===
"pkg-config --exists openssl"
| pkg-config --libs openssl
=> "-L/opt/local/lib -lssl -lcrypto\n"
"gcc -o conftest -I/Users/ilmira/.rvm/rubies/ruby-2.5.5/include/ruby-2.5.0/x86_64-darwin17 -I/Users/ilmira/.rvm/rubies/ruby-2.5.5/include/ruby-2.5.0/ruby/backward -I/Users/ilmira/.rvm/rubies/ruby-2.5.5/include/ruby-2.5.0 -I.  -I/usr/local/opt/libyaml/include -I/usr/local/opt/libksba/include -I/usr/local/opt/readline/include -I/usr/local/opt/zlib/include -I/usr/local/opt/openssl@1.1/include -D_XOPEN_SOURCE -D_DARWIN_C_SOURCE -D_DARWIN_UNLIMITED_SELECT -D_REENTRANT   -O3 -ggdb3 -Wall -Wextra -Wno-unused-parameter -Wno-parentheses -Wno-long-long -Wno-missing-field-initializers -Wno-tautological-compare -Wno-parentheses-equality -Wno-constant-logical-operand -Wno-self-assign -Wunused-variable -Wimplicit-int -Wpointer-arith -Wwrite-strings -Wdeclaration-after-statement -Wshorten-64-to-32 -Wimplicit-function-declaration -Wdivision-by-zero -Wdeprecated-declarations -Wextra-tokens  -fno-common -pipe conftest.c  -L. -L/Users/ilmira/.rvm/rubies/ruby-2.5.5/lib -L/usr/local/opt/libyaml/lib -L/usr/local/opt/libksba/lib -L/usr/local/opt/readline/lib -L/usr/local/opt/zlib/lib -L/usr/local/opt/openssl@1.1/lib -L. -fstack-protector -L/usr/local/lib -L/usr/local/opt/libyaml/lib -L/usr/local/opt/libksba/lib -L/usr/local/opt/readline/lib -L/usr/local/opt/zlib/lib -L/usr/local/opt/openssl@1.1/lib     -lruby.2.5.5 -L/opt/local/lib -lssl -lcrypto -lpthread -lgmp -ldl -lobjc "
checked program was:
/* begin */
1: #include "ruby.h"
2: 
3: int main(int argc, char **argv)
4: {
5:   return 0;
6: }
/* end */

| pkg-config --cflags-only-I openssl
=> "-I/opt/local/include\n"
| pkg-config --cflags-only-other openssl
=> "\n"
| pkg-config --libs-only-l openssl
=> "-lssl -lcrypto\n"
package configuration for openssl
cflags: 
ldflags: -L/opt/local/lib
libs: -lssl -lcrypto

have_header: checking for openssl/ssl.h... -------------------- yes

"gcc -E -I/Users/ilmira/.rvm/rubies/ruby-2.5.5/include/ruby-2.5.0/x86_64-darwin17 -I/Users/ilmira/.rvm/rubies/ruby-2.5.5/include/ruby-2.5.0/ruby/backward -I/Users/ilmira/.rvm/rubies/ruby-2.5.5/include/ruby-2.5.0 -I. -I/opt/local/include  -I/usr/local/opt/libyaml/include -I/usr/local/opt/libksba/include -I/usr/local/opt/readline/include -I/usr/local/opt/zlib/include -I/usr/local/opt/openssl@1.1/include -D_XOPEN_SOURCE -D_DARWIN_C_SOURCE -D_DARWIN_UNLIMITED_SELECT -D_REENTRANT   -O3 -ggdb3 -Wall -Wextra -Wno-unused-parameter -Wno-parentheses -Wno-long-long -Wno-missing-field-initializers -Wno-tautological-compare -Wno-parentheses-equality -Wno-constant-logical-operand -Wno-self-assign -Wunused-variable -Wimplicit-int -Wpointer-arith -Wwrite-strings -Wdeclaration-after-statement -Wshorten-64-to-32 -Wimplicit-function-declaration -Wdivision-by-zero -Wdeprecated-declarations -Wextra-tokens  -fno-common -pipe   conftest.c -o conftest.i"
checked program was:
/* begin */
1: #include "ruby.h"
2: 
3: #include <openssl/ssl.h>
/* end */

--------------------

checking for OpenSSL version is 1.0.1 or later... -------------------- yes

"gcc -I/Users/ilmira/.rvm/rubies/ruby-2.5.5/include/ruby-2.5.0/x86_64-darwin17 -I/Users/ilmira/.rvm/rubies/ruby-2.5.5/include/ruby-2.5.0/ruby/backward -I/Users/ilmira/.rvm/rubies/ruby-2.5.5/include/ruby-2.5.0 -I. -I/opt/local/include  -I/usr/local/opt/libyaml/include -I/usr/local/opt/libksba/include -I/usr/local/opt/readline/include -I/usr/local/opt/zlib/include -I/usr/local/opt/openssl@1.1/include -D_XOPEN_SOURCE -D_DARWIN_C_SOURCE -D_DARWIN_UNLIMITED_SELECT -D_REENTRANT   -O3 -ggdb3 -Wall -Wextra -Wno-unused-parameter -Wno-parentheses -Wno-long-long -Wno-missing-field-initializers -Wno-tautological-compare -Wno-parentheses-equality -Wno-constant-logical-operand -Wno-self-assign -Wunused-variable -Wimplicit-int -Wpointer-arith -Wwrite-strings -Wdeclaration-after-statement -Wshorten-64-to-32 -Wimplicit-function-declaration -Wdivision-by-zero -Wdeprecated-declarations -Wextra-tokens  -fno-common -pipe    -c conftest.c"
checked program was:
/* begin */
1: #include "ruby.h"
2: 
3: #include <openssl/opensslv.h>
4: 
5: /*top*/
6: int conftest_const[(OPENSSL_VERSION_NUMBER >= 0x10001000L) ? 1 : -1];
/* end */

--------------------

=== Checking for OpenSSL features... ===
have_func: checking for RAND_egd()... -------------------- no

"gcc -o conftest -I/Users/ilmira/.rvm/rubies/ruby-2.5.5/include/ruby-2.5.0/x86_64-darwin17 -I/Users/ilmira/.rvm/rubies/ruby-2.5.5/include/ruby-2.5.0/ruby/backward -I/Users/ilmira/.rvm/rubies/ruby-2.5.5/include/ruby-2.5.0 -I. -I/opt/local/include  -I/usr/local/opt/libyaml/include -I/usr/local/opt/libksba/include -I/usr/local/opt/readline/include -I/usr/local/opt/zlib/include -I/usr/local/opt/openssl@1.1/include -D_XOPEN_SOURCE -D_DARWIN_C_SOURCE -D_DARWIN_UNLIMITED_SELECT -D_REENTRANT   -O3 -ggdb3 -Wall -Wextra -Wno-unused-parameter -Wno-parentheses -Wno-long-long -Wno-missing-field-initializers -Wno-tautological-compare -Wno-parentheses-equality -Wno-constant-logical-operand -Wno-self-assign -Wunused-variable -Wimplicit-int -Wpointer-arith -Wwrite-strings -Wdeclaration-after-statement -Wshorten-64-to-32 -Wimplicit-function-declaration -Wdivision-by-zero -Wdeprecated-declarations -Wextra-tokens  -fno-common -pipe  conftest.c  -L. -L/Users/ilmira/.rvm/rubies/ruby-2.5.5/lib -L/usr/local/opt/libyaml/lib -L/usr/local/opt/libksba/lib -L/usr/local/opt/readline/lib -L/usr/local/opt/zlib/lib -L/usr/local/opt/openssl@1.1/lib -L. -fstack-protector -L/usr/local/lib -L/usr/local/opt/libyaml/lib -L/usr/local/opt/libksba/lib -L/usr/local/opt/readline/lib -L/usr/local/opt/zlib/lib -L/usr/local/opt/openssl@1.1/lib -L/opt/local/lib     -lssl -lcrypto -lruby.2.5.5  -lssl -lcrypto -lpthread -lgmp -ldl -lobjc "
conftest.c:13:57: error: use of undeclared identifier 'RAND_egd'
int t(void) { void ((*volatile p)()); p = (void ((*)()))RAND_egd; return !p; }
                                                        ^
1 error generated.
checked program was:
/* begin */
 1: #include "ruby.h"
 2: 
 3: /*top*/
 4: extern int t(void);
 5: int main(int argc, char **argv)
 6: {
 7:   if (argc > 1000000) {
 8:     printf("%p", &t);
 9:   }
10: 
11:   return 0;
12: }
13: int t(void) { void ((*volatile p)()); p = (void ((*)()))RAND_egd; return !p; }
/* end */

"gcc -o conftest -I/Users/ilmira/.rvm/rubies/ruby-2.5.5/include/ruby-2.5.0/x86_64-darwin17 -I/Users/ilmira/.rvm/rubies/ruby-2.5.5/include/ruby-2.5.0/ruby/backward -I/Users/ilmira/.rvm/rubies/ruby-2.5.5/include/ruby-2.5.0 -I. -I/opt/local/include  -I/usr/local/opt/libyaml/include -I/usr/local/opt/libksba/include -I/usr/local/opt/readline/include -I/usr/local/opt/zlib/include -I/usr/local/opt/openssl@1.1/include -D_XOPEN_SOURCE -D_DARWIN_C_SOURCE -D_DARWIN_UNLIMITED_SELECT -D_REENTRANT   -O3 -ggdb3 -Wall -Wextra -Wno-unused-parameter -Wno-parentheses -Wno-long-long -Wno-missing-field-initializers -Wno-tautological-compare -Wno-parentheses-equality -Wno-constant-logical-operand -Wno-self-assign -Wunused-variable -Wimplicit-int -Wpointer-arith -Wwrite-strings -Wdeclaration-after-statement -Wshorten-64-to-32 -Wimplicit-function-declaration -Wdivision-by-zero -Wdeprecated-declarations -Wextra-tokens  -fno-common -pipe  conftest.c  -L. -L/Users/ilmira/.rvm/rubies/ruby-2.5.5/lib -L/usr/local/opt/libyaml/lib -L/usr/local/opt/libksba/lib -L/usr/local/opt/readline/lib -L/usr/local/opt/zlib/lib -L/usr/local/opt/openssl@1.1/lib -L. -fstack-protector -L/usr/local/lib -L/usr/local/opt/libyaml/lib -L/usr/local/opt/libksba/lib -L/usr/local/opt/readline/lib -L/usr/local/opt/zlib/lib -L/usr/local/opt/openssl@1.1/lib -L/opt/local/lib     -lssl -lcrypto -lruby.2.5.5  -lssl -lcrypto -lpthread -lgmp -ldl -lobjc "
Undefined symbols for architecture x86_64:
  "_RAND_egd", referenced from:
      _t in conftest-589656.o
ld: symbol(s) not found for architecture x86_64
clang: error: linker command failed with exit code 1 (use -v to see invocation)
checked program was:
/* begin */
 1: #include "ruby.h"
 2: 
 3: /*top*/
 4: extern int t(void);
 5: int main(int argc, char **argv)
 6: {
 7:   if (argc > 1000000) {
 8:     printf("%p", &t);
 9:   }
10: 
11:   return 0;
12: }
13: extern void RAND_egd();
14: int t(void) { RAND_egd(); return 0; }
/* end */

--------------------

have_func: checking for ENGINE_load_dynamic() in openssl/engine.h... -------------------- yes

"gcc -o conftest -I/Users/ilmira/.rvm/rubies/ruby-2.5.5/include/ruby-2.5.0/x86_64-darwin17 -I/Users/ilmira/.rvm/rubies/ruby-2.5.5/include/ruby-2.5.0/ruby/backward -I/Users/ilmira/.rvm/rubies/ruby-2.5.5/include/ruby-2.5.0 -I. -I/opt/local/include  -I/usr/local/opt/libyaml/include -I/usr/local/opt/libksba/include -I/usr/local/opt/readline/include -I/usr/local/opt/zlib/include -I/usr/local/opt/openssl@1.1/include -D_XOPEN_SOURCE -D_DARWIN_C_SOURCE -D_DARWIN_UNLIMITED_SELECT -D_REENTRANT   -O3 -ggdb3 -Wall -Wextra -Wno-unused-parameter -Wno-parentheses -Wno-long-long -Wno-missing-field-initializers -Wno-tautological-compare -Wno-parentheses-equality -Wno-constant-logical-operand -Wno-self-assign -Wunused-variable -Wimplicit-int -Wpointer-arith -Wwrite-strings -Wdeclaration-after-statement -Wshorten-64-to-32 -Wimplicit-function-declaration -Wdivision-by-zero -Wdeprecated-declarations -Wextra-tokens  -fno-common -pipe  conftest.c  -L. -L/Users/ilmira/.rvm/rubies/ruby-2.5.5/lib -L/usr/local/opt/libyaml/lib -L/usr/local/opt/libksba/lib -L/usr/local/opt/readline/lib -L/usr/local/opt/zlib/lib -L/usr/local/opt/openssl@1.1/lib -L. -fstack-protector -L/usr/local/lib -L/usr/local/opt/libyaml/lib -L/usr/local/opt/libksba/lib -L/usr/local/opt/readline/lib -L/usr/local/opt/zlib/lib -L/usr/local/opt/openssl@1.1/lib -L/opt/local/lib     -lssl -lcrypto -lruby.2.5.5  -lssl -lcrypto -lpthread -lgmp -ldl -lobjc "
checked program was:
/* begin */
 1: #include "ruby.h"
 2: 
 3: #include <openssl/engine.h>
 4: 
 5: /*top*/
 6: extern int t(void);
 7: int main(int argc, char **argv)
 8: {
 9:   if (argc > 1000000) {
10:     printf("%p", &t);
11:   }
12: 
13:   return 0;
14: }
15: 
16: int t(void) { ENGINE_load_dynamic(); return 0; }
/* end */

--------------------

have_func: checking for ENGINE_load_4758cca() in openssl/engine.h... -------------------- no

"gcc -o conftest -I/Users/ilmira/.rvm/rubies/ruby-2.5.5/include/ruby-2.5.0/x86_64-darwin17 -I/Users/ilmira/.rvm/rubies/ruby-2.5.5/include/ruby-2.5.0/ruby/backward -I/Users/ilmira/.rvm/rubies/ruby-2.5.5/include/ruby-2.5.0 -I. -I/opt/local/include  -I/usr/local/opt/libyaml/include -I/usr/local/opt/libksba/include -I/usr/local/opt/readline/include -I/usr/local/opt/zlib/include -I/usr/local/opt/openssl@1.1/include -D_XOPEN_SOURCE -D_DARWIN_C_SOURCE -D_DARWIN_UNLIMITED_SELECT -D_REENTRANT   -O3 -ggdb3 -Wall -Wextra -Wno-unused-parameter -Wno-parentheses -Wno-long-long -Wno-missing-field-initializers -Wno-tautological-compare -Wno-parentheses-equality -Wno-constant-logical-operand -Wno-self-assign -Wunused-variable -Wimplicit-int -Wpointer-arith -Wwrite-strings -Wdeclaration-after-statement -Wshorten-64-to-32 -Wimplicit-function-declaration -Wdivision-by-zero -Wdeprecated-declarations -Wextra-tokens  -fno-common -pipe  conftest.c  -L. -L/Users/ilmira/.rvm/rubies/ruby-2.5.5/lib -L/usr/local/opt/libyaml/lib -L/usr/local/opt/libksba/lib -L/usr/local/opt/readline/lib -L/usr/local/opt/zlib/lib -L/usr/local/opt/openssl@1.1/lib -L. -fstack-protector -L/usr/local/lib -L/usr/local/opt/libyaml/lib -L/usr/local/opt/libksba/lib -L/usr/local/opt/readline/lib -L/usr/local/opt/zlib/lib -L/usr/local/opt/openssl@1.1/lib -L/opt/local/lib     -lssl -lcrypto -lruby.2.5.5  -lssl -lcrypto -lpthread -lgmp -ldl -lobjc "
conftest.c:16:15: warning: implicit declaration of function 'ENGINE_load_4758cca' is invalid in C99 [-Wimplicit-function-declaration]
int t(void) { ENGINE_load_4758cca(); return 0; }
              ^
1 warning generated.
Undefined symbols for architecture x86_64:
  "_ENGINE_load_4758cca", referenced from:
      _t in conftest-d87c90.o
ld: symbol(s) not found for architecture x86_64
clang: error: linker command failed with exit code 1 (use -v to see invocation)
checked program was:
/* begin */
 1: #include "ruby.h"
 2: 
 3: #include <openssl/engine.h>
 4: 
 5: /*top*/
 6: extern int t(void);
 7: int main(int argc, char **argv)
 8: {
 9:   if (argc > 1000000) {
10:     printf("%p", &t);
11:   }
12: 
13:   return 0;
14: }
15: 
16: int t(void) { ENGINE_load_4758cca(); return 0; }
/* end */

--------------------

have_func: checking for ENGINE_load_aep() in openssl/engine.h... -------------------- no

"gcc -o conftest -I/Users/ilmira/.rvm/rubies/ruby-2.5.5/include/ruby-2.5.0/x86_64-darwin17 -I/Users/ilmira/.rvm/rubies/ruby-2.5.5/include/ruby-2.5.0/ruby/backward -I/Users/ilmira/.rvm/rubies/ruby-2.5.5/include/ruby-2.5.0 -I. -I/opt/local/include  -I/usr/local/opt/libyaml/include -I/usr/local/opt/libksba/include -I/usr/local/opt/readline/include -I/usr/local/opt/zlib/include -I/usr/local/opt/openssl@1.1/include -D_XOPEN_SOURCE -D_DARWIN_C_SOURCE -D_DARWIN_UNLIMITED_SELECT -D_REENTRANT   -O3 -ggdb3 -Wall -Wextra -Wno-unused-parameter -Wno-parentheses -Wno-long-long -Wno-missing-field-initializers -Wno-tautological-compare -Wno-parentheses-equality -Wno-constant-logical-operand -Wno-self-assign -Wunused-variable -Wimplicit-int -Wpointer-arith -Wwrite-strings -Wdeclaration-after-statement -Wshorten-64-to-32 -Wimplicit-function-declaration -Wdivision-by-zero -Wdeprecated-declarations -Wextra-tokens  -fno-common -pipe  conftest.c  -L. -L/Users/ilmira/.rvm/rubies/ruby-2.5.5/lib -L/usr/local/opt/libyaml/lib -L/usr/local/opt/libksba/lib -L/usr/local/opt/readline/lib -L/usr/local/opt/zlib/lib -L/usr/local/opt/openssl@1.1/lib -L. -fstack-protector -L/usr/local/lib -L/usr/local/opt/libyaml/lib -L/usr/local/opt/libksba/lib -L/usr/local/opt/readline/lib -L/usr/local/opt/zlib/lib -L/usr/local/opt/openssl@1.1/lib -L/opt/local/lib     -lssl -lcrypto -lruby.2.5.5  -lssl -lcrypto -lpthread -lgmp -ldl -lobjc "
conftest.c:16:15: warning: implicit declaration of function 'ENGINE_load_aep' is invalid in C99 [-Wimplicit-function-declaration]
int t(void) { ENGINE_load_aep(); return 0; }
              ^
1 warning generated.
Undefined symbols for architecture x86_64:
  "_ENGINE_load_aep", referenced from:
      _t in conftest-1742ca.o
ld: symbol(s) not found for architecture x86_64
clang: error: linker command failed with exit code 1 (use -v to see invocation)
checked program was:
/* begin */
 1: #include "ruby.h"
 2: 
 3: #include <openssl/engine.h>
 4: 
 5: /*top*/
 6: extern int t(void);
 7: int main(int argc, char **argv)
 8: {
 9:   if (argc > 1000000) {
10:     printf("%p", &t);
11:   }
12: 
13:   return 0;
14: }
15: 
16: int t(void) { ENGINE_load_aep(); return 0; }
/* end */

--------------------

have_func: checking for ENGINE_load_atalla() in openssl/engine.h... -------------------- no

"gcc -o conftest -I/Users/ilmira/.rvm/rubies/ruby-2.5.5/include/ruby-2.5.0/x86_64-darwin17 -I/Users/ilmira/.rvm/rubies/ruby-2.5.5/include/ruby-2.5.0/ruby/backward -I/Users/ilmira/.rvm/rubies/ruby-2.5.5/include/ruby-2.5.0 -I. -I/opt/local/include  -I/usr/local/opt/libyaml/include -I/usr/local/opt/libksba/include -I/usr/local/opt/readline/include -I/usr/local/opt/zlib/include -I/usr/local/opt/openssl@1.1/include -D_XOPEN_SOURCE -D_DARWIN_C_SOURCE -D_DARWIN_UNLIMITED_SELECT -D_REENTRANT   -O3 -ggdb3 -Wall -Wextra -Wno-unused-parameter -Wno-parentheses -Wno-long-long -Wno-missing-field-initializers -Wno-tautological-compare -Wno-parentheses-equality -Wno-constant-logical-operand -Wno-self-assign -Wunused-variable -Wimplicit-int -Wpointer-arith -Wwrite-strings -Wdeclaration-after-statement -Wshorten-64-to-32 -Wimplicit-function-declaration -Wdivision-by-zero -Wdeprecated-declarations -Wextra-tokens  -fno-common -pipe  conftest.c  -L. -L/Users/ilmira/.rvm/rubies/ruby-2.5.5/lib -L/usr/local/opt/libyaml/lib -L/usr/local/opt/libksba/lib -L/usr/local/opt/readline/lib -L/usr/local/opt/zlib/lib -L/usr/local/opt/openssl@1.1/lib -L. -fstack-protector -L/usr/local/lib -L/usr/local/opt/libyaml/lib -L/usr/local/opt/libksba/lib -L/usr/local/opt/readline/lib -L/usr/local/opt/zlib/lib -L/usr/local/opt/openssl@1.1/lib -L/opt/local/lib     -lssl -lcrypto -lruby.2.5.5  -lssl -lcrypto -lpthread -lgmp -ldl -lobjc "
conftest.c:16:15: warning: implicit declaration of function 'ENGINE_load_atalla' is invalid in C99 [-Wimplicit-function-declaration]
int t(void) { ENGINE_load_atalla(); return 0; }
              ^
1 warning generated.
Undefined symbols for architecture x86_64:
  "_ENGINE_load_atalla", referenced from:
      _t in conftest-30d5ac.o
ld: symbol(s) not found for architecture x86_64
clang: error: linker command failed with exit code 1 (use -v to see invocation)
checked program was:
/* begin */
 1: #include "ruby.h"
 2: 
 3: #include <openssl/engine.h>
 4: 
 5: /*top*/
 6: extern int t(void);
 7: int main(int argc, char **argv)
 8: {
 9:   if (argc > 1000000) {
10:     printf("%p", &t);
11:   }
12: 
13:   return 0;
14: }
15: 
16: int t(void) { ENGINE_load_atalla(); return 0; }
/* end */

--------------------

have_func: checking for ENGINE_load_chil() in openssl/engine.h... -------------------- no

"gcc -o conftest -I/Users/ilmira/.rvm/rubies/ruby-2.5.5/include/ruby-2.5.0/x86_64-darwin17 -I/Users/ilmira/.rvm/rubies/ruby-2.5.5/include/ruby-2.5.0/ruby/backward -I/Users/ilmira/.rvm/rubies/ruby-2.5.5/include/ruby-2.5.0 -I. -I/opt/local/include  -I/usr/local/opt/libyaml/include -I/usr/local/opt/libksba/include -I/usr/local/opt/readline/include -I/usr/local/opt/zlib/include -I/usr/local/opt/openssl@1.1/include -D_XOPEN_SOURCE -D_DARWIN_C_SOURCE -D_DARWIN_UNLIMITED_SELECT -D_REENTRANT   -O3 -ggdb3 -Wall -Wextra -Wno-unused-parameter -Wno-parentheses -Wno-long-long -Wno-missing-field-initializers -Wno-tautological-compare -Wno-parentheses-equality -Wno-constant-logical-operand -Wno-self-assign -Wunused-variable -Wimplicit-int -Wpointer-arith -Wwrite-strings -Wdeclaration-after-statement -Wshorten-64-to-32 -Wimplicit-function-declaration -Wdivision-by-zero -Wdeprecated-declarations -Wextra-tokens  -fno-common -pipe  conftest.c  -L. -L/Users/ilmira/.rvm/rubies/ruby-2.5.5/lib -L/usr/local/opt/libyaml/lib -L/usr/local/opt/libksba/lib -L/usr/local/opt/readline/lib -L/usr/local/opt/zlib/lib -L/usr/local/opt/openssl@1.1/lib -L. -fstack-protector -L/usr/local/lib -L/usr/local/opt/libyaml/lib -L/usr/local/opt/libksba/lib -L/usr/local/opt/readline/lib -L/usr/local/opt/zlib/lib -L/usr/local/opt/openssl@1.1/lib -L/opt/local/lib     -lssl -lcrypto -lruby.2.5.5  -lssl -lcrypto -lpthread -lgmp -ldl -lobjc "
conftest.c:16:15: warning: implicit declaration of function 'ENGINE_load_chil' is invalid in C99 [-Wimplicit-function-declaration]
int t(void) { ENGINE_load_chil(); return 0; }
              ^
1 warning generated.
Undefined symbols for architecture x86_64:
  "_ENGINE_load_chil", referenced from:
      _t in conftest-3bffde.o
ld: symbol(s) not found for architecture x86_64
clang: error: linker command failed with exit code 1 (use -v to see invocation)
checked program was:
/* begin */
 1: #include "ruby.h"
 2: 
 3: #include <openssl/engine.h>
 4: 
 5: /*top*/
 6: extern int t(void);
 7: int main(int argc, char **argv)
 8: {
 9:   if (argc > 1000000) {
10:     printf("%p", &t);
11:   }
12: 
13:   return 0;
14: }
15: 
16: int t(void) { ENGINE_load_chil(); return 0; }
/* end */

--------------------

have_func: checking for ENGINE_load_cswift() in openssl/engine.h... -------------------- no

"gcc -o conftest -I/Users/ilmira/.rvm/rubies/ruby-2.5.5/include/ruby-2.5.0/x86_64-darwin17 -I/Users/ilmira/.rvm/rubies/ruby-2.5.5/include/ruby-2.5.0/ruby/backward -I/Users/ilmira/.rvm/rubies/ruby-2.5.5/include/ruby-2.5.0 -I. -I/opt/local/include  -I/usr/local/opt/libyaml/include -I/usr/local/opt/libksba/include -I/usr/local/opt/readline/include -I/usr/local/opt/zlib/include -I/usr/local/opt/openssl@1.1/include -D_XOPEN_SOURCE -D_DARWIN_C_SOURCE -D_DARWIN_UNLIMITED_SELECT -D_REENTRANT   -O3 -ggdb3 -Wall -Wextra -Wno-unused-parameter -Wno-parentheses -Wno-long-long -Wno-missing-field-initializers -Wno-tautological-compare -Wno-parentheses-equality -Wno-constant-logical-operand -Wno-self-assign -Wunused-variable -Wimplicit-int -Wpointer-arith -Wwrite-strings -Wdeclaration-after-statement -Wshorten-64-to-32 -Wimplicit-function-declaration -Wdivision-by-zero -Wdeprecated-declarations -Wextra-tokens  -fno-common -pipe  conftest.c  -L. -L/Users/ilmira/.rvm/rubies/ruby-2.5.5/lib -L/usr/local/opt/libyaml/lib -L/usr/local/opt/libksba/lib -L/usr/local/opt/readline/lib -L/usr/local/opt/zlib/lib -L/usr/local/opt/openssl@1.1/lib -L. -fstack-protector -L/usr/local/lib -L/usr/local/opt/libyaml/lib -L/usr/local/opt/libksba/lib -L/usr/local/opt/readline/lib -L/usr/local/opt/zlib/lib -L/usr/local/opt/openssl@1.1/lib -L/opt/local/lib     -lssl -lcrypto -lruby.2.5.5  -lssl -lcrypto -lpthread -lgmp -ldl -lobjc "
conftest.c:16:15: warning: implicit declaration of function 'ENGINE_load_cswift' is invalid in C99 [-Wimplicit-function-declaration]
int t(void) { ENGINE_load_cswift(); return 0; }
              ^
1 warning generated.
Undefined symbols for architecture x86_64:
  "_ENGINE_load_cswift", referenced from:
      _t in conftest-14e3d1.o
ld: symbol(s) not found for architecture x86_64
clang: error: linker command failed with exit code 1 (use -v to see invocation)
checked program was:
/* begin */
 1: #include "ruby.h"
 2: 
 3: #include <openssl/engine.h>
 4: 
 5: /*top*/
 6: extern int t(void);
 7: int main(int argc, char **argv)
 8: {
 9:   if (argc > 1000000) {
10:     printf("%p", &t);
11:   }
12: 
13:   return 0;
14: }
15: 
16: int t(void) { ENGINE_load_cswift(); return 0; }
/* end */

--------------------

have_func: checking for ENGINE_load_nuron() in openssl/engine.h... -------------------- no

"gcc -o conftest -I/Users/ilmira/.rvm/rubies/ruby-2.5.5/include/ruby-2.5.0/x86_64-darwin17 -I/Users/ilmira/.rvm/rubies/ruby-2.5.5/include/ruby-2.5.0/ruby/backward -I/Users/ilmira/.rvm/rubies/ruby-2.5.5/include/ruby-2.5.0 -I. -I/opt/local/include  -I/usr/local/opt/libyaml/include -I/usr/local/opt/libksba/include -I/usr/local/opt/readline/include -I/usr/local/opt/zlib/include -I/usr/local/opt/openssl@1.1/include -D_XOPEN_SOURCE -D_DARWIN_C_SOURCE -D_DARWIN_UNLIMITED_SELECT -D_REENTRANT   -O3 -ggdb3 -Wall -Wextra -Wno-unused-parameter -Wno-parentheses -Wno-long-long -Wno-missing-field-initializers -Wno-tautological-compare -Wno-parentheses-equality -Wno-constant-logical-operand -Wno-self-assign -Wunused-variable -Wimplicit-int -Wpointer-arith -Wwrite-strings -Wdeclaration-after-statement -Wshorten-64-to-32 -Wimplicit-function-declaration -Wdivision-by-zero -Wdeprecated-declarations -Wextra-tokens  -fno-common -pipe  conftest.c  -L. -L/Users/ilmira/.rvm/rubies/ruby-2.5.5/lib -L/usr/local/opt/libyaml/lib -L/usr/local/opt/libksba/lib -L/usr/local/opt/readline/lib -L/usr/local/opt/zlib/lib -L/usr/local/opt/openssl@1.1/lib -L. -fstack-protector -L/usr/local/lib -L/usr/local/opt/libyaml/lib -L/usr/local/opt/libksba/lib -L/usr/local/opt/readline/lib -L/usr/local/opt/zlib/lib -L/usr/local/opt/openssl@1.1/lib -L/opt/local/lib     -lssl -lcrypto -lruby.2.5.5  -lssl -lcrypto -lpthread -lgmp -ldl -lobjc "
conftest.c:16:15: warning: implicit declaration of function 'ENGINE_load_nuron' is invalid in C99 [-Wimplicit-function-declaration]
int t(void) { ENGINE_load_nuron(); return 0; }
              ^
1 warning generated.
Undefined symbols for architecture x86_64:
  "_ENGINE_load_nuron", referenced from:
      _t in conftest-d7d94a.o
ld: symbol(s) not found for architecture x86_64
clang: error: linker command failed with exit code 1 (use -v to see invocation)
checked program was:
/* begin */
 1: #include "ruby.h"
 2: 
 3: #include <openssl/engine.h>
 4: 
 5: /*top*/
 6: extern int t(void);
 7: int main(int argc, char **argv)
 8: {
 9:   if (argc > 1000000) {
10:     printf("%p", &t);
11:   }
12: 
13:   return 0;
14: }
15: 
16: int t(void) { ENGINE_load_nuron(); return 0; }
/* end */

--------------------

have_func: checking for ENGINE_load_sureware() in openssl/engine.h... -------------------- no

"gcc -o conftest -I/Users/ilmira/.rvm/rubies/ruby-2.5.5/include/ruby-2.5.0/x86_64-darwin17 -I/Users/ilmira/.rvm/rubies/ruby-2.5.5/include/ruby-2.5.0/ruby/backward -I/Users/ilmira/.rvm/rubies/ruby-2.5.5/include/ruby-2.5.0 -I. -I/opt/local/include  -I/usr/local/opt/libyaml/include -I/usr/local/opt/libksba/include -I/usr/local/opt/readline/include -I/usr/local/opt/zlib/include -I/usr/local/opt/openssl@1.1/include -D_XOPEN_SOURCE -D_DARWIN_C_SOURCE -D_DARWIN_UNLIMITED_SELECT -D_REENTRANT   -O3 -ggdb3 -Wall -Wextra -Wno-unused-parameter -Wno-parentheses -Wno-long-long -Wno-missing-field-initializers -Wno-tautological-compare -Wno-parentheses-equality -Wno-constant-logical-operand -Wno-self-assign -Wunused-variable -Wimplicit-int -Wpointer-arith -Wwrite-strings -Wdeclaration-after-statement -Wshorten-64-to-32 -Wimplicit-function-declaration -Wdivision-by-zero -Wdeprecated-declarations -Wextra-tokens  -fno-common -pipe  conftest.c  -L. -L/Users/ilmira/.rvm/rubies/ruby-2.5.5/lib -L/usr/local/opt/libyaml/lib -L/usr/local/opt/libksba/lib -L/usr/local/opt/readline/lib -L/usr/local/opt/zlib/lib -L/usr/local/opt/openssl@1.1/lib -L. -fstack-protector -L/usr/local/lib -L/usr/local/opt/libyaml/lib -L/usr/local/opt/libksba/lib -L/usr/local/opt/readline/lib -L/usr/local/opt/zlib/lib -L/usr/local/opt/openssl@1.1/lib -L/opt/local/lib     -lssl -lcrypto -lruby.2.5.5  -lssl -lcrypto -lpthread -lgmp -ldl -lobjc "
conftest.c:16:15: warning: implicit declaration of function 'ENGINE_load_sureware' is invalid in C99 [-Wimplicit-function-declaration]
int t(void) { ENGINE_load_sureware(); return 0; }
              ^
1 warning generated.
Undefined symbols for architecture x86_64:
  "_ENGINE_load_sureware", referenced from:
      _t in conftest-cedd40.o
ld: symbol(s) not found for architecture x86_64
clang: error: linker command failed with exit code 1 (use -v to see invocation)
checked program was:
/* begin */
 1: #include "ruby.h"
 2: 
 3: #include <openssl/engine.h>
 4: 
 5: /*top*/
 6: extern int t(void);
 7: int main(int argc, char **argv)
 8: {
 9:   if (argc > 1000000) {
10:     printf("%p", &t);
11:   }
12: 
13:   return 0;
14: }
15: 
16: int t(void) { ENGINE_load_sureware(); return 0; }
/* end */

--------------------

have_func: checking for ENGINE_load_ubsec() in openssl/engine.h... -------------------- no

"gcc -o conftest -I/Users/ilmira/.rvm/rubies/ruby-2.5.5/include/ruby-2.5.0/x86_64-darwin17 -I/Users/ilmira/.rvm/rubies/ruby-2.5.5/include/ruby-2.5.0/ruby/backward -I/Users/ilmira/.rvm/rubies/ruby-2.5.5/include/ruby-2.5.0 -I. -I/opt/local/include  -I/usr/local/opt/libyaml/include -I/usr/local/opt/libksba/include -I/usr/local/opt/readline/include -I/usr/local/opt/zlib/include -I/usr/local/opt/openssl@1.1/include -D_XOPEN_SOURCE -D_DARWIN_C_SOURCE -D_DARWIN_UNLIMITED_SELECT -D_REENTRANT   -O3 -ggdb3 -Wall -Wextra -Wno-unused-parameter -Wno-parentheses -Wno-long-long -Wno-missing-field-initializers -Wno-tautological-compare -Wno-parentheses-equality -Wno-constant-logical-operand -Wno-self-assign -Wunused-variable -Wimplicit-int -Wpointer-arith -Wwrite-strings -Wdeclaration-after-statement -Wshorten-64-to-32 -Wimplicit-function-declaration -Wdivision-by-zero -Wdeprecated-declarations -Wextra-tokens  -fno-common -pipe  conftest.c  -L. -L/Users/ilmira/.rvm/rubies/ruby-2.5.5/lib -L/usr/local/opt/libyaml/lib -L/usr/local/opt/libksba/lib -L/usr/local/opt/readline/lib -L/usr/local/opt/zlib/lib -L/usr/local/opt/openssl@1.1/lib -L. -fstack-protector -L/usr/local/lib -L/usr/local/opt/libyaml/lib -L/usr/local/opt/libksba/lib -L/usr/local/opt/readline/lib -L/usr/local/opt/zlib/lib -L/usr/local/opt/openssl@1.1/lib -L/opt/local/lib     -lssl -lcrypto -lruby.2.5.5  -lssl -lcrypto -lpthread -lgmp -ldl -lobjc "
conftest.c:16:15: warning: implicit declaration of function 'ENGINE_load_ubsec' is invalid in C99 [-Wimplicit-function-declaration]
int t(void) { ENGINE_load_ubsec(); return 0; }
              ^
1 warning generated.
Undefined symbols for architecture x86_64:
  "_ENGINE_load_ubsec", referenced from:
      _t in conftest-248886.o
ld: symbol(s) not found for architecture x86_64
clang: error: linker command failed with exit code 1 (use -v to see invocation)
checked program was:
/* begin */
 1: #include "ruby.h"
 2: 
 3: #include <openssl/engine.h>
 4: 
 5: /*top*/
 6: extern int t(void);
 7: int main(int argc, char **argv)
 8: {
 9:   if (argc > 1000000) {
10:     printf("%p", &t);
11:   }
12: 
13:   return 0;
14: }
15: 
16: int t(void) { ENGINE_load_ubsec(); return 0; }
/* end */

--------------------

have_func: checking for ENGINE_load_padlock() in openssl/engine.h... -------------------- no

"gcc -o conftest -I/Users/ilmira/.rvm/rubies/ruby-2.5.5/include/ruby-2.5.0/x86_64-darwin17 -I/Users/ilmira/.rvm/rubies/ruby-2.5.5/include/ruby-2.5.0/ruby/backward -I/Users/ilmira/.rvm/rubies/ruby-2.5.5/include/ruby-2.5.0 -I. -I/opt/local/include  -I/usr/local/opt/libyaml/include -I/usr/local/opt/libksba/include -I/usr/local/opt/readline/include -I/usr/local/opt/zlib/include -I/usr/local/opt/openssl@1.1/include -D_XOPEN_SOURCE -D_DARWIN_C_SOURCE -D_DARWIN_UNLIMITED_SELECT -D_REENTRANT   -O3 -ggdb3 -Wall -Wextra -Wno-unused-parameter -Wno-parentheses -Wno-long-long -Wno-missing-field-initializers -Wno-tautological-compare -Wno-parentheses-equality -Wno-constant-logical-operand -Wno-self-assign -Wunused-variable -Wimplicit-int -Wpointer-arith -Wwrite-strings -Wdeclaration-after-statement -Wshorten-64-to-32 -Wimplicit-function-declaration -Wdivision-by-zero -Wdeprecated-declarations -Wextra-tokens  -fno-common -pipe  conftest.c  -L. -L/Users/ilmira/.rvm/rubies/ruby-2.5.5/lib -L/usr/local/opt/libyaml/lib -L/usr/local/opt/libksba/lib -L/usr/local/opt/readline/lib -L/usr/local/opt/zlib/lib -L/usr/local/opt/openssl@1.1/lib -L. -fstack-protector -L/usr/local/lib -L/usr/local/opt/libyaml/lib -L/usr/local/opt/libksba/lib -L/usr/local/opt/readline/lib -L/usr/local/opt/zlib/lib -L/usr/local/opt/openssl@1.1/lib -L/opt/local/lib     -lssl -lcrypto -lruby.2.5.5  -lssl -lcrypto -lpthread -lgmp -ldl -lobjc "
conftest.c:16:15: warning: implicit declaration of function 'ENGINE_load_padlock' is invalid in C99 [-Wimplicit-function-declaration]
int t(void) { ENGINE_load_padlock(); return 0; }
              ^
1 warning generated.
Undefined symbols for architecture x86_64:
  "_ENGINE_load_padlock", referenced from:
      _t in conftest-c66018.o
ld: symbol(s) not found for architecture x86_64
clang: error: linker command failed with exit code 1 (use -v to see invocation)
checked program was:
/* begin */
 1: #include "ruby.h"
 2: 
 3: #include <openssl/engine.h>
 4: 
 5: /*top*/
 6: extern int t(void);
 7: int main(int argc, char **argv)
 8: {
 9:   if (argc > 1000000) {
10:     printf("%p", &t);
11:   }
12: 
13:   return 0;
14: }
15: 
16: int t(void) { ENGINE_load_padlock(); return 0; }
/* end */

--------------------

have_func: checking for ENGINE_load_capi() in openssl/engine.h... -------------------- no

"gcc -o conftest -I/Users/ilmira/.rvm/rubies/ruby-2.5.5/include/ruby-2.5.0/x86_64-darwin17 -I/Users/ilmira/.rvm/rubies/ruby-2.5.5/include/ruby-2.5.0/ruby/backward -I/Users/ilmira/.rvm/rubies/ruby-2.5.5/include/ruby-2.5.0 -I. -I/opt/local/include  -I/usr/local/opt/libyaml/include -I/usr/local/opt/libksba/include -I/usr/local/opt/readline/include -I/usr/local/opt/zlib/include -I/usr/local/opt/openssl@1.1/include -D_XOPEN_SOURCE -D_DARWIN_C_SOURCE -D_DARWIN_UNLIMITED_SELECT -D_REENTRANT   -O3 -ggdb3 -Wall -Wextra -Wno-unused-parameter -Wno-parentheses -Wno-long-long -Wno-missing-field-initializers -Wno-tautological-compare -Wno-parentheses-equality -Wno-constant-logical-operand -Wno-self-assign -Wunused-variable -Wimplicit-int -Wpointer-arith -Wwrite-strings -Wdeclaration-after-statement -Wshorten-64-to-32 -Wimplicit-function-declaration -Wdivision-by-zero -Wdeprecated-declarations -Wextra-tokens  -fno-common -pipe  conftest.c  -L. -L/Users/ilmira/.rvm/rubies/ruby-2.5.5/lib -L/usr/local/opt/libyaml/lib -L/usr/local/opt/libksba/lib -L/usr/local/opt/readline/lib -L/usr/local/opt/zlib/lib -L/usr/local/opt/openssl@1.1/lib -L. -fstack-protector -L/usr/local/lib -L/usr/local/opt/libyaml/lib -L/usr/local/opt/libksba/lib -L/usr/local/opt/readline/lib -L/usr/local/opt/zlib/lib -L/usr/local/opt/openssl@1.1/lib -L/opt/local/lib     -lssl -lcrypto -lruby.2.5.5  -lssl -lcrypto -lpthread -lgmp -ldl -lobjc "
conftest.c:16:15: warning: implicit declaration of function 'ENGINE_load_capi' is invalid in C99 [-Wimplicit-function-declaration]
int t(void) { ENGINE_load_capi(); return 0; }
              ^
1 warning generated.
Undefined symbols for architecture x86_64:
  "_ENGINE_load_capi", referenced from:
      _t in conftest-072820.o
ld: symbol(s) not found for architecture x86_64
clang: error: linker command failed with exit code 1 (use -v to see invocation)
checked program was:
/* begin */
 1: #include "ruby.h"
 2: 
 3: #include <openssl/engine.h>
 4: 
 5: /*top*/
 6: extern int t(void);
 7: int main(int argc, char **argv)
 8: {
 9:   if (argc > 1000000) {
10:     printf("%p", &t);
11:   }
12: 
13:   return 0;
14: }
15: 
16: int t(void) { ENGINE_load_capi(); return 0; }
/* end */

--------------------

have_func: checking for ENGINE_load_gmp() in openssl/engine.h... -------------------- no

"gcc -o conftest -I/Users/ilmira/.rvm/rubies/ruby-2.5.5/include/ruby-2.5.0/x86_64-darwin17 -I/Users/ilmira/.rvm/rubies/ruby-2.5.5/include/ruby-2.5.0/ruby/backward -I/Users/ilmira/.rvm/rubies/ruby-2.5.5/include/ruby-2.5.0 -I. -I/opt/local/include  -I/usr/local/opt/libyaml/include -I/usr/local/opt/libksba/include -I/usr/local/opt/readline/include -I/usr/local/opt/zlib/include -I/usr/local/opt/openssl@1.1/include -D_XOPEN_SOURCE -D_DARWIN_C_SOURCE -D_DARWIN_UNLIMITED_SELECT -D_REENTRANT   -O3 -ggdb3 -Wall -Wextra -Wno-unused-parameter -Wno-parentheses -Wno-long-long -Wno-missing-field-initializers -Wno-tautological-compare -Wno-parentheses-equality -Wno-constant-logical-operand -Wno-self-assign -Wunused-variable -Wimplicit-int -Wpointer-arith -Wwrite-strings -Wdeclaration-after-statement -Wshorten-64-to-32 -Wimplicit-function-declaration -Wdivision-by-zero -Wdeprecated-declarations -Wextra-tokens  -fno-common -pipe  conftest.c  -L. -L/Users/ilmira/.rvm/rubies/ruby-2.5.5/lib -L/usr/local/opt/libyaml/lib -L/usr/local/opt/libksba/lib -L/usr/local/opt/readline/lib -L/usr/local/opt/zlib/lib -L/usr/local/opt/openssl@1.1/lib -L. -fstack-protector -L/usr/local/lib -L/usr/local/opt/libyaml/lib -L/usr/local/opt/libksba/lib -L/usr/local/opt/readline/lib -L/usr/local/opt/zlib/lib -L/usr/local/opt/openssl@1.1/lib -L/opt/local/lib     -lssl -lcrypto -lruby.2.5.5  -lssl -lcrypto -lpthread -lgmp -ldl -lobjc "
conftest.c:16:15: warning: implicit declaration of function 'ENGINE_load_gmp' is invalid in C99 [-Wimplicit-function-declaration]
int t(void) { ENGINE_load_gmp(); return 0; }
              ^
1 warning generated.
Undefined symbols for architecture x86_64:
  "_ENGINE_load_gmp", referenced from:
      _t in conftest-d0431d.o
ld: symbol(s) not found for architecture x86_64
clang: error: linker command failed with exit code 1 (use -v to see invocation)
checked program was:
/* begin */
 1: #include "ruby.h"
 2: 
 3: #include <openssl/engine.h>
 4: 
 5: /*top*/
 6: extern int t(void);
 7: int main(int argc, char **argv)
 8: {
 9:   if (argc > 1000000) {
10:     printf("%p", &t);
11:   }
12: 
13:   return 0;
14: }
15: 
16: int t(void) { ENGINE_load_gmp(); return 0; }
/* end */

--------------------

have_func: checking for ENGINE_load_gost() in openssl/engine.h... -------------------- no

"gcc -o conftest -I/Users/ilmira/.rvm/rubies/ruby-2.5.5/include/ruby-2.5.0/x86_64-darwin17 -I/Users/ilmira/.rvm/rubies/ruby-2.5.5/include/ruby-2.5.0/ruby/backward -I/Users/ilmira/.rvm/rubies/ruby-2.5.5/include/ruby-2.5.0 -I. -I/opt/local/include  -I/usr/local/opt/libyaml/include -I/usr/local/opt/libksba/include -I/usr/local/opt/readline/include -I/usr/local/opt/zlib/include -I/usr/local/opt/openssl@1.1/include -D_XOPEN_SOURCE -D_DARWIN_C_SOURCE -D_DARWIN_UNLIMITED_SELECT -D_REENTRANT   -O3 -ggdb3 -Wall -Wextra -Wno-unused-parameter -Wno-parentheses -Wno-long-long -Wno-missing-field-initializers -Wno-tautological-compare -Wno-parentheses-equality -Wno-constant-logical-operand -Wno-self-assign -Wunused-variable -Wimplicit-int -Wpointer-arith -Wwrite-strings -Wdeclaration-after-statement -Wshorten-64-to-32 -Wimplicit-function-declaration -Wdivision-by-zero -Wdeprecated-declarations -Wextra-tokens  -fno-common -pipe  conftest.c  -L. -L/Users/ilmira/.rvm/rubies/ruby-2.5.5/lib -L/usr/local/opt/libyaml/lib -L/usr/local/opt/libksba/lib -L/usr/local/opt/readline/lib -L/usr/local/opt/zlib/lib -L/usr/local/opt/openssl@1.1/lib -L. -fstack-protector -L/usr/local/lib -L/usr/local/opt/libyaml/lib -L/usr/local/opt/libksba/lib -L/usr/local/opt/readline/lib -L/usr/local/opt/zlib/lib -L/usr/local/opt/openssl@1.1/lib -L/opt/local/lib     -lssl -lcrypto -lruby.2.5.5  -lssl -lcrypto -lpthread -lgmp -ldl -lobjc "
conftest.c:16:15: warning: implicit declaration of function 'ENGINE_load_gost' is invalid in C99 [-Wimplicit-function-declaration]
int t(void) { ENGINE_load_gost(); return 0; }
              ^
1 warning generated.
Undefined symbols for architecture x86_64:
  "_ENGINE_load_gost", referenced from:
      _t in conftest-abe016.o
ld: symbol(s) not found for architecture x86_64
clang: error: linker command failed with exit code 1 (use -v to see invocation)
checked program was:
/* begin */
 1: #include "ruby.h"
 2: 
 3: #include <openssl/engine.h>
 4: 
 5: /*top*/
 6: extern int t(void);
 7: int main(int argc, char **argv)
 8: {
 9:   if (argc > 1000000) {
10:     printf("%p", &t);
11:   }
12: 
13:   return 0;
14: }
15: 
16: int t(void) { ENGINE_load_gost(); return 0; }
/* end */

--------------------

have_func: checking for ENGINE_load_cryptodev() in openssl/engine.h... -------------------- yes

"gcc -o conftest -I/Users/ilmira/.rvm/rubies/ruby-2.5.5/include/ruby-2.5.0/x86_64-darwin17 -I/Users/ilmira/.rvm/rubies/ruby-2.5.5/include/ruby-2.5.0/ruby/backward -I/Users/ilmira/.rvm/rubies/ruby-2.5.5/include/ruby-2.5.0 -I. -I/opt/local/include  -I/usr/local/opt/libyaml/include -I/usr/local/opt/libksba/include -I/usr/local/opt/readline/include -I/usr/local/opt/zlib/include -I/usr/local/opt/openssl@1.1/include -D_XOPEN_SOURCE -D_DARWIN_C_SOURCE -D_DARWIN_UNLIMITED_SELECT -D_REENTRANT   -O3 -ggdb3 -Wall -Wextra -Wno-unused-parameter -Wno-parentheses -Wno-long-long -Wno-missing-field-initializers -Wno-tautological-compare -Wno-parentheses-equality -Wno-constant-logical-operand -Wno-self-assign -Wunused-variable -Wimplicit-int -Wpointer-arith -Wwrite-strings -Wdeclaration-after-statement -Wshorten-64-to-32 -Wimplicit-function-declaration -Wdivision-by-zero -Wdeprecated-declarations -Wextra-tokens  -fno-common -pipe  conftest.c  -L. -L/Users/ilmira/.rvm/rubies/ruby-2.5.5/lib -L/usr/local/opt/libyaml/lib -L/usr/local/opt/libksba/lib -L/usr/local/opt/readline/lib -L/usr/local/opt/zlib/lib -L/usr/local/opt/openssl@1.1/lib -L. -fstack-protector -L/usr/local/lib -L/usr/local/opt/libyaml/lib -L/usr/local/opt/libksba/lib -L/usr/local/opt/readline/lib -L/usr/local/opt/zlib/lib -L/usr/local/opt/openssl@1.1/lib -L/opt/local/lib     -lssl -lcrypto -lruby.2.5.5  -lssl -lcrypto -lpthread -lgmp -ldl -lobjc "
checked program was:
/* begin */
 1: #include "ruby.h"
 2: 
 3: #include <openssl/engine.h>
 4: 
 5: /*top*/
 6: extern int t(void);
 7: int main(int argc, char **argv)
 8: {
 9:   if (argc > 1000000) {
10:     printf("%p", &t);
11:   }
12: 
13:   return 0;
14: }
15: 
16: int t(void) { ENGINE_load_cryptodev(); return 0; }
/* end */

--------------------

have_func: checking for EC_curve_nist2nid()... -------------------- yes

"gcc -o conftest -I/Users/ilmira/.rvm/rubies/ruby-2.5.5/include/ruby-2.5.0/x86_64-darwin17 -I/Users/ilmira/.rvm/rubies/ruby-2.5.5/include/ruby-2.5.0/ruby/backward -I/Users/ilmira/.rvm/rubies/ruby-2.5.5/include/ruby-2.5.0 -I. -I/opt/local/include  -I/usr/local/opt/libyaml/include -I/usr/local/opt/libksba/include -I/usr/local/opt/readline/include -I/usr/local/opt/zlib/include -I/usr/local/opt/openssl@1.1/include -D_XOPEN_SOURCE -D_DARWIN_C_SOURCE -D_DARWIN_UNLIMITED_SELECT -D_REENTRANT   -O3 -ggdb3 -Wall -Wextra -Wno-unused-parameter -Wno-parentheses -Wno-long-long -Wno-missing-field-initializers -Wno-tautological-compare -Wno-parentheses-equality -Wno-constant-logical-operand -Wno-self-assign -Wunused-variable -Wimplicit-int -Wpointer-arith -Wwrite-strings -Wdeclaration-after-statement -Wshorten-64-to-32 -Wimplicit-function-declaration -Wdivision-by-zero -Wdeprecated-declarations -Wextra-tokens  -fno-common -pipe  conftest.c  -L. -L/Users/ilmira/.rvm/rubies/ruby-2.5.5/lib -L/usr/local/opt/libyaml/lib -L/usr/local/opt/libksba/lib -L/usr/local/opt/readline/lib -L/usr/local/opt/zlib/lib -L/usr/local/opt/openssl@1.1/lib -L. -fstack-protector -L/usr/local/lib -L/usr/local/opt/libyaml/lib -L/usr/local/opt/libksba/lib -L/usr/local/opt/readline/lib -L/usr/local/opt/zlib/lib -L/usr/local/opt/openssl@1.1/lib -L/opt/local/lib     -lssl -lcrypto -lruby.2.5.5  -lssl -lcrypto -lpthread -lgmp -ldl -lobjc "
conftest.c:13:57: error: use of undeclared identifier 'EC_curve_nist2nid'
int t(void) { void ((*volatile p)()); p = (void ((*)()))EC_curve_nist2nid; return !p; }
                                                        ^
1 error generated.
checked program was:
/* begin */
 1: #include "ruby.h"
 2: 
 3: /*top*/
 4: extern int t(void);
 5: int main(int argc, char **argv)
 6: {
 7:   if (argc > 1000000) {
 8:     printf("%p", &t);
 9:   }
10: 
11:   return 0;
12: }
13: int t(void) { void ((*volatile p)()); p = (void ((*)()))EC_curve_nist2nid; return !p; }
/* end */

"gcc -o conftest -I/Users/ilmira/.rvm/rubies/ruby-2.5.5/include/ruby-2.5.0/x86_64-darwin17 -I/Users/ilmira/.rvm/rubies/ruby-2.5.5/include/ruby-2.5.0/ruby/backward -I/Users/ilmira/.rvm/rubies/ruby-2.5.5/include/ruby-2.5.0 -I. -I/opt/local/include  -I/usr/local/opt/libyaml/include -I/usr/local/opt/libksba/include -I/usr/local/opt/readline/include -I/usr/local/opt/zlib/include -I/usr/local/opt/openssl@1.1/include -D_XOPEN_SOURCE -D_DARWIN_C_SOURCE -D_DARWIN_UNLIMITED_SELECT -D_REENTRANT   -O3 -ggdb3 -Wall -Wextra -Wno-unused-parameter -Wno-parentheses -Wno-long-long -Wno-missing-field-initializers -Wno-tautological-compare -Wno-parentheses-equality -Wno-constant-logical-operand -Wno-self-assign -Wunused-variable -Wimplicit-int -Wpointer-arith -Wwrite-strings -Wdeclaration-after-statement -Wshorten-64-to-32 -Wimplicit-function-declaration -Wdivision-by-zero -Wdeprecated-declarations -Wextra-tokens  -fno-common -pipe  conftest.c  -L. -L/Users/ilmira/.rvm/rubies/ruby-2.5.5/lib -L/usr/local/opt/libyaml/lib -L/usr/local/opt/libksba/lib -L/usr/local/opt/readline/lib -L/usr/local/opt/zlib/lib -L/usr/local/opt/openssl@1.1/lib -L. -fstack-protector -L/usr/local/lib -L/usr/local/opt/libyaml/lib -L/usr/local/opt/libksba/lib -L/usr/local/opt/readline/lib -L/usr/local/opt/zlib/lib -L/usr/local/opt/openssl@1.1/lib -L/opt/local/lib     -lssl -lcrypto -lruby.2.5.5  -lssl -lcrypto -lpthread -lgmp -ldl -lobjc "
checked program was:
/* begin */
 1: #include "ruby.h"
 2: 
 3: /*top*/
 4: extern int t(void);
 5: int main(int argc, char **argv)
 6: {
 7:   if (argc > 1000000) {
 8:     printf("%p", &t);
 9:   }
10: 
11:   return 0;
12: }
13: extern void EC_curve_nist2nid();
14: int t(void) { EC_curve_nist2nid(); return 0; }
/* end */

--------------------

have_func: checking for X509_REVOKED_dup()... -------------------- yes

"gcc -o conftest -I/Users/ilmira/.rvm/rubies/ruby-2.5.5/include/ruby-2.5.0/x86_64-darwin17 -I/Users/ilmira/.rvm/rubies/ruby-2.5.5/include/ruby-2.5.0/ruby/backward -I/Users/ilmira/.rvm/rubies/ruby-2.5.5/include/ruby-2.5.0 -I. -I/opt/local/include  -I/usr/local/opt/libyaml/include -I/usr/local/opt/libksba/include -I/usr/local/opt/readline/include -I/usr/local/opt/zlib/include -I/usr/local/opt/openssl@1.1/include -D_XOPEN_SOURCE -D_DARWIN_C_SOURCE -D_DARWIN_UNLIMITED_SELECT -D_REENTRANT   -O3 -ggdb3 -Wall -Wextra -Wno-unused-parameter -Wno-parentheses -Wno-long-long -Wno-missing-field-initializers -Wno-tautological-compare -Wno-parentheses-equality -Wno-constant-logical-operand -Wno-self-assign -Wunused-variable -Wimplicit-int -Wpointer-arith -Wwrite-strings -Wdeclaration-after-statement -Wshorten-64-to-32 -Wimplicit-function-declaration -Wdivision-by-zero -Wdeprecated-declarations -Wextra-tokens  -fno-common -pipe  conftest.c  -L. -L/Users/ilmira/.rvm/rubies/ruby-2.5.5/lib -L/usr/local/opt/libyaml/lib -L/usr/local/opt/libksba/lib -L/usr/local/opt/readline/lib -L/usr/local/opt/zlib/lib -L/usr/local/opt/openssl@1.1/lib -L. -fstack-protector -L/usr/local/lib -L/usr/local/opt/libyaml/lib -L/usr/local/opt/libksba/lib -L/usr/local/opt/readline/lib -L/usr/local/opt/zlib/lib -L/usr/local/opt/openssl@1.1/lib -L/opt/local/lib     -lssl -lcrypto -lruby.2.5.5  -lssl -lcrypto -lpthread -lgmp -ldl -lobjc "
conftest.c:13:57: error: use of undeclared identifier 'X509_REVOKED_dup'
int t(void) { void ((*volatile p)()); p = (void ((*)()))X509_REVOKED_dup; return !p; }
                                                        ^
1 error generated.
checked program was:
/* begin */
 1: #include "ruby.h"
 2: 
 3: /*top*/
 4: extern int t(void);
 5: int main(int argc, char **argv)
 6: {
 7:   if (argc > 1000000) {
 8:     printf("%p", &t);
 9:   }
10: 
11:   return 0;
12: }
13: int t(void) { void ((*volatile p)()); p = (void ((*)()))X509_REVOKED_dup; return !p; }
/* end */

"gcc -o conftest -I/Users/ilmira/.rvm/rubies/ruby-2.5.5/include/ruby-2.5.0/x86_64-darwin17 -I/Users/ilmira/.rvm/rubies/ruby-2.5.5/include/ruby-2.5.0/ruby/backward -I/Users/ilmira/.rvm/rubies/ruby-2.5.5/include/ruby-2.5.0 -I. -I/opt/local/include  -I/usr/local/opt/libyaml/include -I/usr/local/opt/libksba/include -I/usr/local/opt/readline/include -I/usr/local/opt/zlib/include -I/usr/local/opt/openssl@1.1/include -D_XOPEN_SOURCE -D_DARWIN_C_SOURCE -D_DARWIN_UNLIMITED_SELECT -D_REENTRANT   -O3 -ggdb3 -Wall -Wextra -Wno-unused-parameter -Wno-parentheses -Wno-long-long -Wno-missing-field-initializers -Wno-tautological-compare -Wno-parentheses-equality -Wno-constant-logical-operand -Wno-self-assign -Wunused-variable -Wimplicit-int -Wpointer-arith -Wwrite-strings -Wdeclaration-after-statement -Wshorten-64-to-32 -Wimplicit-function-declaration -Wdivision-by-zero -Wdeprecated-declarations -Wextra-tokens  -fno-common -pipe  conftest.c  -L. -L/Users/ilmira/.rvm/rubies/ruby-2.5.5/lib -L/usr/local/opt/libyaml/lib -L/usr/local/opt/libksba/lib -L/usr/local/opt/readline/lib -L/usr/local/opt/zlib/lib -L/usr/local/opt/openssl@1.1/lib -L. -fstack-protector -L/usr/local/lib -L/usr/local/opt/libyaml/lib -L/usr/local/opt/libksba/lib -L/usr/local/opt/readline/lib -L/usr/local/opt/zlib/lib -L/usr/local/opt/openssl@1.1/lib -L/opt/local/lib     -lssl -lcrypto -lruby.2.5.5  -lssl -lcrypto -lpthread -lgmp -ldl -lobjc "
checked program was:
/* begin */
 1: #include "ruby.h"
 2: 
 3: /*top*/
 4: extern int t(void);
 5: int main(int argc, char **argv)
 6: {
 7:   if (argc > 1000000) {
 8:     printf("%p", &t);
 9:   }
10: 
11:   return 0;
12: }
13: extern void X509_REVOKED_dup();
14: int t(void) { X509_REVOKED_dup(); return 0; }
/* end */

--------------------

have_func: checking for X509_STORE_CTX_get0_store()... -------------------- yes

"gcc -o conftest -I/Users/ilmira/.rvm/rubies/ruby-2.5.5/include/ruby-2.5.0/x86_64-darwin17 -I/Users/ilmira/.rvm/rubies/ruby-2.5.5/include/ruby-2.5.0/ruby/backward -I/Users/ilmira/.rvm/rubies/ruby-2.5.5/include/ruby-2.5.0 -I. -I/opt/local/include  -I/usr/local/opt/libyaml/include -I/usr/local/opt/libksba/include -I/usr/local/opt/readline/include -I/usr/local/opt/zlib/include -I/usr/local/opt/openssl@1.1/include -D_XOPEN_SOURCE -D_DARWIN_C_SOURCE -D_DARWIN_UNLIMITED_SELECT -D_REENTRANT   -O3 -ggdb3 -Wall -Wextra -Wno-unused-parameter -Wno-parentheses -Wno-long-long -Wno-missing-field-initializers -Wno-tautological-compare -Wno-parentheses-equality -Wno-constant-logical-operand -Wno-self-assign -Wunused-variable -Wimplicit-int -Wpointer-arith -Wwrite-strings -Wdeclaration-after-statement -Wshorten-64-to-32 -Wimplicit-function-declaration -Wdivision-by-zero -Wdeprecated-declarations -Wextra-tokens  -fno-common -pipe  conftest.c  -L. -L/Users/ilmira/.rvm/rubies/ruby-2.5.5/lib -L/usr/local/opt/libyaml/lib -L/usr/local/opt/libksba/lib -L/usr/local/opt/readline/lib -L/usr/local/opt/zlib/lib -L/usr/local/opt/openssl@1.1/lib -L. -fstack-protector -L/usr/local/lib -L/usr/local/opt/libyaml/lib -L/usr/local/opt/libksba/lib -L/usr/local/opt/readline/lib -L/usr/local/opt/zlib/lib -L/usr/local/opt/openssl@1.1/lib -L/opt/local/lib     -lssl -lcrypto -lruby.2.5.5  -lssl -lcrypto -lpthread -lgmp -ldl -lobjc "
conftest.c:13:57: error: use of undeclared identifier 'X509_STORE_CTX_get0_store'
int t(void) { void ((*volatile p)()); p = (void ((*)()))X509_STORE_CTX_get0_store; return !p; }
                                                        ^
1 error generated.
checked program was:
/* begin */
 1: #include "ruby.h"
 2: 
 3: /*top*/
 4: extern int t(void);
 5: int main(int argc, char **argv)
 6: {
 7:   if (argc > 1000000) {
 8:     printf("%p", &t);
 9:   }
10: 
11:   return 0;
12: }
13: int t(void) { void ((*volatile p)()); p = (void ((*)()))X509_STORE_CTX_get0_store; return !p; }
/* end */

"gcc -o conftest -I/Users/ilmira/.rvm/rubies/ruby-2.5.5/include/ruby-2.5.0/x86_64-darwin17 -I/Users/ilmira/.rvm/rubies/ruby-2.5.5/include/ruby-2.5.0/ruby/backward -I/Users/ilmira/.rvm/rubies/ruby-2.5.5/include/ruby-2.5.0 -I. -I/opt/local/include  -I/usr/local/opt/libyaml/include -I/usr/local/opt/libksba/include -I/usr/local/opt/readline/include -I/usr/local/opt/zlib/include -I/usr/local/opt/openssl@1.1/include -D_XOPEN_SOURCE -D_DARWIN_C_SOURCE -D_DARWIN_UNLIMITED_SELECT -D_REENTRANT   -O3 -ggdb3 -Wall -Wextra -Wno-unused-parameter -Wno-parentheses -Wno-long-long -Wno-missing-field-initializers -Wno-tautological-compare -Wno-parentheses-equality -Wno-constant-logical-operand -Wno-self-assign -Wunused-variable -Wimplicit-int -Wpointer-arith -Wwrite-strings -Wdeclaration-after-statement -Wshorten-64-to-32 -Wimplicit-function-declaration -Wdivision-by-zero -Wdeprecated-declarations -Wextra-tokens  -fno-common -pipe  conftest.c  -L. -L/Users/ilmira/.rvm/rubies/ruby-2.5.5/lib -L/usr/local/opt/libyaml/lib -L/usr/local/opt/libksba/lib -L/usr/local/opt/readline/lib -L/usr/local/opt/zlib/lib -L/usr/local/opt/openssl@1.1/lib -L. -fstack-protector -L/usr/local/lib -L/usr/local/opt/libyaml/lib -L/usr/local/opt/libksba/lib -L/usr/local/opt/readline/lib -L/usr/local/opt/zlib/lib -L/usr/local/opt/openssl@1.1/lib -L/opt/local/lib     -lssl -lcrypto -lruby.2.5.5  -lssl -lcrypto -lpthread -lgmp -ldl -lobjc "
checked program was:
/* begin */
 1: #include "ruby.h"
 2: 
 3: /*top*/
 4: extern int t(void);
 5: int main(int argc, char **argv)
 6: {
 7:   if (argc > 1000000) {
 8:     printf("%p", &t);
 9:   }
10: 
11:   return 0;
12: }
13: extern void X509_STORE_CTX_get0_store();
14: int t(void) { X509_STORE_CTX_get0_store(); return 0; }
/* end */

--------------------

have_func: checking for SSL_CTX_set_alpn_select_cb()... -------------------- yes

"gcc -o conftest -I/Users/ilmira/.rvm/rubies/ruby-2.5.5/include/ruby-2.5.0/x86_64-darwin17 -I/Users/ilmira/.rvm/rubies/ruby-2.5.5/include/ruby-2.5.0/ruby/backward -I/Users/ilmira/.rvm/rubies/ruby-2.5.5/include/ruby-2.5.0 -I. -I/opt/local/include  -I/usr/local/opt/libyaml/include -I/usr/local/opt/libksba/include -I/usr/local/opt/readline/include -I/usr/local/opt/zlib/include -I/usr/local/opt/openssl@1.1/include -D_XOPEN_SOURCE -D_DARWIN_C_SOURCE -D_DARWIN_UNLIMITED_SELECT -D_REENTRANT   -O3 -ggdb3 -Wall -Wextra -Wno-unused-parameter -Wno-parentheses -Wno-long-long -Wno-missing-field-initializers -Wno-tautological-compare -Wno-parentheses-equality -Wno-constant-logical-operand -Wno-self-assign -Wunused-variable -Wimplicit-int -Wpointer-arith -Wwrite-strings -Wdeclaration-after-statement -Wshorten-64-to-32 -Wimplicit-function-declaration -Wdivision-by-zero -Wdeprecated-declarations -Wextra-tokens  -fno-common -pipe  conftest.c  -L. -L/Users/ilmira/.rvm/rubies/ruby-2.5.5/lib -L/usr/local/opt/libyaml/lib -L/usr/local/opt/libksba/lib -L/usr/local/opt/readline/lib -L/usr/local/opt/zlib/lib -L/usr/local/opt/openssl@1.1/lib -L. -fstack-protector -L/usr/local/lib -L/usr/local/opt/libyaml/lib -L/usr/local/opt/libksba/lib -L/usr/local/opt/readline/lib -L/usr/local/opt/zlib/lib -L/usr/local/opt/openssl@1.1/lib -L/opt/local/lib     -lssl -lcrypto -lruby.2.5.5  -lssl -lcrypto -lpthread -lgmp -ldl -lobjc "
conftest.c:13:57: error: use of undeclared identifier 'SSL_CTX_set_alpn_select_cb'
int t(void) { void ((*volatile p)()); p = (void ((*)()))SSL_CTX_set_alpn_select_cb; return !p; }
                                                        ^
1 error generated.
checked program was:
/* begin */
 1: #include "ruby.h"
 2: 
 3: /*top*/
 4: extern int t(void);
 5: int main(int argc, char **argv)
 6: {
 7:   if (argc > 1000000) {
 8:     printf("%p", &t);
 9:   }
10: 
11:   return 0;
12: }
13: int t(void) { void ((*volatile p)()); p = (void ((*)()))SSL_CTX_set_alpn_select_cb; return !p; }
/* end */

"gcc -o conftest -I/Users/ilmira/.rvm/rubies/ruby-2.5.5/include/ruby-2.5.0/x86_64-darwin17 -I/Users/ilmira/.rvm/rubies/ruby-2.5.5/include/ruby-2.5.0/ruby/backward -I/Users/ilmira/.rvm/rubies/ruby-2.5.5/include/ruby-2.5.0 -I. -I/opt/local/include  -I/usr/local/opt/libyaml/include -I/usr/local/opt/libksba/include -I/usr/local/opt/readline/include -I/usr/local/opt/zlib/include -I/usr/local/opt/openssl@1.1/include -D_XOPEN_SOURCE -D_DARWIN_C_SOURCE -D_DARWIN_UNLIMITED_SELECT -D_REENTRANT   -O3 -ggdb3 -Wall -Wextra -Wno-unused-parameter -Wno-parentheses -Wno-long-long -Wno-missing-field-initializers -Wno-tautological-compare -Wno-parentheses-equality -Wno-constant-logical-operand -Wno-self-assign -Wunused-variable -Wimplicit-int -Wpointer-arith -Wwrite-strings -Wdeclaration-after-statement -Wshorten-64-to-32 -Wimplicit-function-declaration -Wdivision-by-zero -Wdeprecated-declarations -Wextra-tokens  -fno-common -pipe  conftest.c  -L. -L/Users/ilmira/.rvm/rubies/ruby-2.5.5/lib -L/usr/local/opt/libyaml/lib -L/usr/local/opt/libksba/lib -L/usr/local/opt/readline/lib -L/usr/local/opt/zlib/lib -L/usr/local/opt/openssl@1.1/lib -L. -fstack-protector -L/usr/local/lib -L/usr/local/opt/libyaml/lib -L/usr/local/opt/libksba/lib -L/usr/local/opt/readline/lib -L/usr/local/opt/zlib/lib -L/usr/local/opt/openssl@1.1/lib -L/opt/local/lib     -lssl -lcrypto -lruby.2.5.5  -lssl -lcrypto -lpthread -lgmp -ldl -lobjc "
checked program was:
/* begin */
 1: #include "ruby.h"
 2: 
 3: /*top*/
 4: extern int t(void);
 5: int main(int argc, char **argv)
 6: {
 7:   if (argc > 1000000) {
 8:     printf("%p", &t);
 9:   }
10: 
11:   return 0;
12: }
13: extern void SSL_CTX_set_alpn_select_cb();
14: int t(void) { SSL_CTX_set_alpn_select_cb(); return 0; }
/* end */

--------------------

have_func: checking for SSL_CTX_set1_curves_list(NULL, NULL) in openssl/ssl.h... -------------------- yes

"gcc -o conftest -I/Users/ilmira/.rvm/rubies/ruby-2.5.5/include/ruby-2.5.0/x86_64-darwin17 -I/Users/ilmira/.rvm/rubies/ruby-2.5.5/include/ruby-2.5.0/ruby/backward -I/Users/ilmira/.rvm/rubies/ruby-2.5.5/include/ruby-2.5.0 -I. -I/opt/local/include  -I/usr/local/opt/libyaml/include -I/usr/local/opt/libksba/include -I/usr/local/opt/readline/include -I/usr/local/opt/zlib/include -I/usr/local/opt/openssl@1.1/include -D_XOPEN_SOURCE -D_DARWIN_C_SOURCE -D_DARWIN_UNLIMITED_SELECT -D_REENTRANT   -O3 -ggdb3 -Wall -Wextra -Wno-unused-parameter -Wno-parentheses -Wno-long-long -Wno-missing-field-initializers -Wno-tautological-compare -Wno-parentheses-equality -Wno-constant-logical-operand -Wno-self-assign -Wunused-variable -Wimplicit-int -Wpointer-arith -Wwrite-strings -Wdeclaration-after-statement -Wshorten-64-to-32 -Wimplicit-function-declaration -Wdivision-by-zero -Wdeprecated-declarations -Wextra-tokens  -fno-common -pipe  conftest.c  -L. -L/Users/ilmira/.rvm/rubies/ruby-2.5.5/lib -L/usr/local/opt/libyaml/lib -L/usr/local/opt/libksba/lib -L/usr/local/opt/readline/lib -L/usr/local/opt/zlib/lib -L/usr/local/opt/openssl@1.1/lib -L. -fstack-protector -L/usr/local/lib -L/usr/local/opt/libyaml/lib -L/usr/local/opt/libksba/lib -L/usr/local/opt/readline/lib -L/usr/local/opt/zlib/lib -L/usr/local/opt/openssl@1.1/lib -L/opt/local/lib     -lssl -lcrypto -lruby.2.5.5  -lssl -lcrypto -lpthread -lgmp -ldl -lobjc "
checked program was:
/* begin */
 1: #include "ruby.h"
 2: 
 3: #include <openssl/ssl.h>
 4: 
 5: /*top*/
 6: extern int t(void);
 7: int main(int argc, char **argv)
 8: {
 9:   if (argc > 1000000) {
10:     printf("%p", &t);
11:   }
12: 
13:   return 0;
14: }
15: 
16: int t(void) { SSL_CTX_set1_curves_list(NULL, NULL); return 0; }
/* end */

--------------------

have_func: checking for SSL_CTX_set_ecdh_auto(NULL, 0) in openssl/ssl.h... -------------------- yes

"gcc -o conftest -I/Users/ilmira/.rvm/rubies/ruby-2.5.5/include/ruby-2.5.0/x86_64-darwin17 -I/Users/ilmira/.rvm/rubies/ruby-2.5.5/include/ruby-2.5.0/ruby/backward -I/Users/ilmira/.rvm/rubies/ruby-2.5.5/include/ruby-2.5.0 -I. -I/opt/local/include  -I/usr/local/opt/libyaml/include -I/usr/local/opt/libksba/include -I/usr/local/opt/readline/include -I/usr/local/opt/zlib/include -I/usr/local/opt/openssl@1.1/include -D_XOPEN_SOURCE -D_DARWIN_C_SOURCE -D_DARWIN_UNLIMITED_SELECT -D_REENTRANT   -O3 -ggdb3 -Wall -Wextra -Wno-unused-parameter -Wno-parentheses -Wno-long-long -Wno-missing-field-initializers -Wno-tautological-compare -Wno-parentheses-equality -Wno-constant-logical-operand -Wno-self-assign -Wunused-variable -Wimplicit-int -Wpointer-arith -Wwrite-strings -Wdeclaration-after-statement -Wshorten-64-to-32 -Wimplicit-function-declaration -Wdivision-by-zero -Wdeprecated-declarations -Wextra-tokens  -fno-common -pipe  conftest.c  -L. -L/Users/ilmira/.rvm/rubies/ruby-2.5.5/lib -L/usr/local/opt/libyaml/lib -L/usr/local/opt/libksba/lib -L/usr/local/opt/readline/lib -L/usr/local/opt/zlib/lib -L/usr/local/opt/openssl@1.1/lib -L. -fstack-protector -L/usr/local/lib -L/usr/local/opt/libyaml/lib -L/usr/local/opt/libksba/lib -L/usr/local/opt/readline/lib -L/usr/local/opt/zlib/lib -L/usr/local/opt/openssl@1.1/lib -L/opt/local/lib     -lssl -lcrypto -lruby.2.5.5  -lssl -lcrypto -lpthread -lgmp -ldl -lobjc "
checked program was:
/* begin */
 1: #include "ruby.h"
 2: 
 3: #include <openssl/ssl.h>
 4: 
 5: /*top*/
 6: extern int t(void);
 7: int main(int argc, char **argv)
 8: {
 9:   if (argc > 1000000) {
10:     printf("%p", &t);
11:   }
12: 
13:   return 0;
14: }
15: 
16: int t(void) { SSL_CTX_set_ecdh_auto(NULL, 0); return 0; }
/* end */

--------------------

have_func: checking for SSL_get_server_tmp_key(NULL, NULL) in openssl/ssl.h... -------------------- yes

"gcc -o conftest -I/Users/ilmira/.rvm/rubies/ruby-2.5.5/include/ruby-2.5.0/x86_64-darwin17 -I/Users/ilmira/.rvm/rubies/ruby-2.5.5/include/ruby-2.5.0/ruby/backward -I/Users/ilmira/.rvm/rubies/ruby-2.5.5/include/ruby-2.5.0 -I. -I/opt/local/include  -I/usr/local/opt/libyaml/include -I/usr/local/opt/libksba/include -I/usr/local/opt/readline/include -I/usr/local/opt/zlib/include -I/usr/local/opt/openssl@1.1/include -D_XOPEN_SOURCE -D_DARWIN_C_SOURCE -D_DARWIN_UNLIMITED_SELECT -D_REENTRANT   -O3 -ggdb3 -Wall -Wextra -Wno-unused-parameter -Wno-parentheses -Wno-long-long -Wno-missing-field-initializers -Wno-tautological-compare -Wno-parentheses-equality -Wno-constant-logical-operand -Wno-self-assign -Wunused-variable -Wimplicit-int -Wpointer-arith -Wwrite-strings -Wdeclaration-after-statement -Wshorten-64-to-32 -Wimplicit-function-declaration -Wdivision-by-zero -Wdeprecated-declarations -Wextra-tokens  -fno-common -pipe  conftest.c  -L. -L/Users/ilmira/.rvm/rubies/ruby-2.5.5/lib -L/usr/local/opt/libyaml/lib -L/usr/local/opt/libksba/lib -L/usr/local/opt/readline/lib -L/usr/local/opt/zlib/lib -L/usr/local/opt/openssl@1.1/lib -L. -fstack-protector -L/usr/local/lib -L/usr/local/opt/libyaml/lib -L/usr/local/opt/libksba/lib -L/usr/local/opt/readline/lib -L/usr/local/opt/zlib/lib -L/usr/local/opt/openssl@1.1/lib -L/opt/local/lib     -lssl -lcrypto -lruby.2.5.5  -lssl -lcrypto -lpthread -lgmp -ldl -lobjc "
checked program was:
/* begin */
 1: #include "ruby.h"
 2: 
 3: #include <openssl/ssl.h>
 4: 
 5: /*top*/
 6: extern int t(void);
 7: int main(int argc, char **argv)
 8: {
 9:   if (argc > 1000000) {
10:     printf("%p", &t);
11:   }
12: 
13:   return 0;
14: }
15: 
16: int t(void) { SSL_get_server_tmp_key(NULL, NULL); return 0; }
/* end */

--------------------

have_func: checking for SSL_is_server()... -------------------- yes

"gcc -o conftest -I/Users/ilmira/.rvm/rubies/ruby-2.5.5/include/ruby-2.5.0/x86_64-darwin17 -I/Users/ilmira/.rvm/rubies/ruby-2.5.5/include/ruby-2.5.0/ruby/backward -I/Users/ilmira/.rvm/rubies/ruby-2.5.5/include/ruby-2.5.0 -I. -I/opt/local/include  -I/usr/local/opt/libyaml/include -I/usr/local/opt/libksba/include -I/usr/local/opt/readline/include -I/usr/local/opt/zlib/include -I/usr/local/opt/openssl@1.1/include -D_XOPEN_SOURCE -D_DARWIN_C_SOURCE -D_DARWIN_UNLIMITED_SELECT -D_REENTRANT   -O3 -ggdb3 -Wall -Wextra -Wno-unused-parameter -Wno-parentheses -Wno-long-long -Wno-missing-field-initializers -Wno-tautological-compare -Wno-parentheses-equality -Wno-constant-logical-operand -Wno-self-assign -Wunused-variable -Wimplicit-int -Wpointer-arith -Wwrite-strings -Wdeclaration-after-statement -Wshorten-64-to-32 -Wimplicit-function-declaration -Wdivision-by-zero -Wdeprecated-declarations -Wextra-tokens  -fno-common -pipe  conftest.c  -L. -L/Users/ilmira/.rvm/rubies/ruby-2.5.5/lib -L/usr/local/opt/libyaml/lib -L/usr/local/opt/libksba/lib -L/usr/local/opt/readline/lib -L/usr/local/opt/zlib/lib -L/usr/local/opt/openssl@1.1/lib -L. -fstack-protector -L/usr/local/lib -L/usr/local/opt/libyaml/lib -L/usr/local/opt/libksba/lib -L/usr/local/opt/readline/lib -L/usr/local/opt/zlib/lib -L/usr/local/opt/openssl@1.1/lib -L/opt/local/lib     -lssl -lcrypto -lruby.2.5.5  -lssl -lcrypto -lpthread -lgmp -ldl -lobjc "
conftest.c:13:57: error: use of undeclared identifier 'SSL_is_server'
int t(void) { void ((*volatile p)()); p = (void ((*)()))SSL_is_server; return !p; }
                                                        ^
1 error generated.
checked program was:
/* begin */
 1: #include "ruby.h"
 2: 
 3: /*top*/
 4: extern int t(void);
 5: int main(int argc, char **argv)
 6: {
 7:   if (argc > 1000000) {
 8:     printf("%p", &t);
 9:   }
10: 
11:   return 0;
12: }
13: int t(void) { void ((*volatile p)()); p = (void ((*)()))SSL_is_server; return !p; }
/* end */

"gcc -o conftest -I/Users/ilmira/.rvm/rubies/ruby-2.5.5/include/ruby-2.5.0/x86_64-darwin17 -I/Users/ilmira/.rvm/rubies/ruby-2.5.5/include/ruby-2.5.0/ruby/backward -I/Users/ilmira/.rvm/rubies/ruby-2.5.5/include/ruby-2.5.0 -I. -I/opt/local/include  -I/usr/local/opt/libyaml/include -I/usr/local/opt/libksba/include -I/usr/local/opt/readline/include -I/usr/local/opt/zlib/include -I/usr/local/opt/openssl@1.1/include -D_XOPEN_SOURCE -D_DARWIN_C_SOURCE -D_DARWIN_UNLIMITED_SELECT -D_REENTRANT   -O3 -ggdb3 -Wall -Wextra -Wno-unused-parameter -Wno-parentheses -Wno-long-long -Wno-missing-field-initializers -Wno-tautological-compare -Wno-parentheses-equality -Wno-constant-logical-operand -Wno-self-assign -Wunused-variable -Wimplicit-int -Wpointer-arith -Wwrite-strings -Wdeclaration-after-statement -Wshorten-64-to-32 -Wimplicit-function-declaration -Wdivision-by-zero -Wdeprecated-declarations -Wextra-tokens  -fno-common -pipe  conftest.c  -L. -L/Users/ilmira/.rvm/rubies/ruby-2.5.5/lib -L/usr/local/opt/libyaml/lib -L/usr/local/opt/libksba/lib -L/usr/local/opt/readline/lib -L/usr/local/opt/zlib/lib -L/usr/local/opt/openssl@1.1/lib -L. -fstack-protector -L/usr/local/lib -L/usr/local/opt/libyaml/lib -L/usr/local/opt/libksba/lib -L/usr/local/opt/readline/lib -L/usr/local/opt/zlib/lib -L/usr/local/opt/openssl@1.1/lib -L/opt/local/lib     -lssl -lcrypto -lruby.2.5.5  -lssl -lcrypto -lpthread -lgmp -ldl -lobjc "
checked program was:
/* begin */
 1: #include "ruby.h"
 2: 
 3: /*top*/
 4: extern int t(void);
 5: int main(int argc, char **argv)
 6: {
 7:   if (argc > 1000000) {
 8:     printf("%p", &t);
 9:   }
10: 
11:   return 0;
12: }
13: extern void SSL_is_server();
14: int t(void) { SSL_is_server(); return 0; }
/* end */

--------------------

have_struct_member: checking for SSL.ctx in openssl/ssl.h... -------------------- no

"gcc -I/Users/ilmira/.rvm/rubies/ruby-2.5.5/include/ruby-2.5.0/x86_64-darwin17 -I/Users/ilmira/.rvm/rubies/ruby-2.5.5/include/ruby-2.5.0/ruby/backward -I/Users/ilmira/.rvm/rubies/ruby-2.5.5/include/ruby-2.5.0 -I. -I/opt/local/include  -I/usr/local/opt/libyaml/include -I/usr/local/opt/libksba/include -I/usr/local/opt/readline/include -I/usr/local/opt/zlib/include -I/usr/local/opt/openssl@1.1/include -D_XOPEN_SOURCE -D_DARWIN_C_SOURCE -D_DARWIN_UNLIMITED_SELECT -D_REENTRANT   -O3 -ggdb3 -Wall -Wextra -Wno-unused-parameter -Wno-parentheses -Wno-long-long -Wno-missing-field-initializers -Wno-tautological-compare -Wno-parentheses-equality -Wno-constant-logical-operand -Wno-self-assign -Wunused-variable -Wimplicit-int -Wpointer-arith -Wwrite-strings -Wdeclaration-after-statement -Wshorten-64-to-32 -Wimplicit-function-declaration -Wdivision-by-zero -Wdeprecated-declarations -Wextra-tokens  -fno-common -pipe    -c conftest.c"
conftest.c:6:27: error: incomplete definition of type 'struct ssl_st'
int s = (char *)&((SSL*)0)->ctx - (char *)0;
                 ~~~~~~~~~^
/opt/local/include/openssl/ossl_typ.h:148:16: note: forward declaration of 'struct ssl_st'
typedef struct ssl_st SSL;
               ^
1 error generated.
checked program was:
/* begin */
 1: #include "ruby.h"
 2: 
 3: #include <openssl/ssl.h>
 4: 
 5: /*top*/
 6: int s = (char *)&((SSL*)0)->ctx - (char *)0;
 7: int main(int argc, char **argv)
 8: {
 9:   return 0;
10: }
/* end */

--------------------

have_func: checking for CRYPTO_lock()... -------------------- no

"gcc -o conftest -I/Users/ilmira/.rvm/rubies/ruby-2.5.5/include/ruby-2.5.0/x86_64-darwin17 -I/Users/ilmira/.rvm/rubies/ruby-2.5.5/include/ruby-2.5.0/ruby/backward -I/Users/ilmira/.rvm/rubies/ruby-2.5.5/include/ruby-2.5.0 -I. -I/opt/local/include  -I/usr/local/opt/libyaml/include -I/usr/local/opt/libksba/include -I/usr/local/opt/readline/include -I/usr/local/opt/zlib/include -I/usr/local/opt/openssl@1.1/include -D_XOPEN_SOURCE -D_DARWIN_C_SOURCE -D_DARWIN_UNLIMITED_SELECT -D_REENTRANT   -O3 -ggdb3 -Wall -Wextra -Wno-unused-parameter -Wno-parentheses -Wno-long-long -Wno-missing-field-initializers -Wno-tautological-compare -Wno-parentheses-equality -Wno-constant-logical-operand -Wno-self-assign -Wunused-variable -Wimplicit-int -Wpointer-arith -Wwrite-strings -Wdeclaration-after-statement -Wshorten-64-to-32 -Wimplicit-function-declaration -Wdivision-by-zero -Wdeprecated-declarations -Wextra-tokens  -fno-common -pipe  conftest.c  -L. -L/Users/ilmira/.rvm/rubies/ruby-2.5.5/lib -L/usr/local/opt/libyaml/lib -L/usr/local/opt/libksba/lib -L/usr/local/opt/readline/lib -L/usr/local/opt/zlib/lib -L/usr/local/opt/openssl@1.1/lib -L. -fstack-protector -L/usr/local/lib -L/usr/local/opt/libyaml/lib -L/usr/local/opt/libksba/lib -L/usr/local/opt/readline/lib -L/usr/local/opt/zlib/lib -L/usr/local/opt/openssl@1.1/lib -L/opt/local/lib     -lssl -lcrypto -lruby.2.5.5  -lssl -lcrypto -lpthread -lgmp -ldl -lobjc "
conftest.c:13:57: error: use of undeclared identifier 'CRYPTO_lock'
int t(void) { void ((*volatile p)()); p = (void ((*)()))CRYPTO_lock; return !p; }
                                                        ^
1 error generated.
checked program was:
/* begin */
 1: #include "ruby.h"
 2: 
 3: /*top*/
 4: extern int t(void);
 5: int main(int argc, char **argv)
 6: {
 7:   if (argc > 1000000) {
 8:     printf("%p", &t);
 9:   }
10: 
11:   return 0;
12: }
13: int t(void) { void ((*volatile p)()); p = (void ((*)()))CRYPTO_lock; return !p; }
/* end */

"gcc -o conftest -I/Users/ilmira/.rvm/rubies/ruby-2.5.5/include/ruby-2.5.0/x86_64-darwin17 -I/Users/ilmira/.rvm/rubies/ruby-2.5.5/include/ruby-2.5.0/ruby/backward -I/Users/ilmira/.rvm/rubies/ruby-2.5.5/include/ruby-2.5.0 -I. -I/opt/local/include  -I/usr/local/opt/libyaml/include -I/usr/local/opt/libksba/include -I/usr/local/opt/readline/include -I/usr/local/opt/zlib/include -I/usr/local/opt/openssl@1.1/include -D_XOPEN_SOURCE -D_DARWIN_C_SOURCE -D_DARWIN_UNLIMITED_SELECT -D_REENTRANT   -O3 -ggdb3 -Wall -Wextra -Wno-unused-parameter -Wno-parentheses -Wno-long-long -Wno-missing-field-initializers -Wno-tautological-compare -Wno-parentheses-equality -Wno-constant-logical-operand -Wno-self-assign -Wunused-variable -Wimplicit-int -Wpointer-arith -Wwrite-strings -Wdeclaration-after-statement -Wshorten-64-to-32 -Wimplicit-function-declaration -Wdivision-by-zero -Wdeprecated-declarations -Wextra-tokens  -fno-common -pipe  conftest.c  -L. -L/Users/ilmira/.rvm/rubies/ruby-2.5.5/lib -L/usr/local/opt/libyaml/lib -L/usr/local/opt/libksba/lib -L/usr/local/opt/readline/lib -L/usr/local/opt/zlib/lib -L/usr/local/opt/openssl@1.1/lib -L. -fstack-protector -L/usr/local/lib -L/usr/local/opt/libyaml/lib -L/usr/local/opt/libksba/lib -L/usr/local/opt/readline/lib -L/usr/local/opt/zlib/lib -L/usr/local/opt/openssl@1.1/lib -L/opt/local/lib     -lssl -lcrypto -lruby.2.5.5  -lssl -lcrypto -lpthread -lgmp -ldl -lobjc "
Undefined symbols for architecture x86_64:
  "_CRYPTO_lock", referenced from:
      _t in conftest-74cd9e.o
ld: symbol(s) not found for architecture x86_64
clang: error: linker command failed with exit code 1 (use -v to see invocation)
checked program was:
/* begin */
 1: #include "ruby.h"
 2: 
 3: /*top*/
 4: extern int t(void);
 5: int main(int argc, char **argv)
 6: {
 7:   if (argc > 1000000) {
 8:     printf("%p", &t);
 9:   }
10: 
11:   return 0;
12: }
13: extern void CRYPTO_lock();
14: int t(void) { CRYPTO_lock(); return 0; }
/* end */

--------------------

have_func: checking for BN_GENCB_new()... -------------------- yes

"gcc -o conftest -I/Users/ilmira/.rvm/rubies/ruby-2.5.5/include/ruby-2.5.0/x86_64-darwin17 -I/Users/ilmira/.rvm/rubies/ruby-2.5.5/include/ruby-2.5.0/ruby/backward -I/Users/ilmira/.rvm/rubies/ruby-2.5.5/include/ruby-2.5.0 -I. -I/opt/local/include  -I/usr/local/opt/libyaml/include -I/usr/local/opt/libksba/include -I/usr/local/opt/readline/include -I/usr/local/opt/zlib/include -I/usr/local/opt/openssl@1.1/include -D_XOPEN_SOURCE -D_DARWIN_C_SOURCE -D_DARWIN_UNLIMITED_SELECT -D_REENTRANT   -O3 -ggdb3 -Wall -Wextra -Wno-unused-parameter -Wno-parentheses -Wno-long-long -Wno-missing-field-initializers -Wno-tautological-compare -Wno-parentheses-equality -Wno-constant-logical-operand -Wno-self-assign -Wunused-variable -Wimplicit-int -Wpointer-arith -Wwrite-strings -Wdeclaration-after-statement -Wshorten-64-to-32 -Wimplicit-function-declaration -Wdivision-by-zero -Wdeprecated-declarations -Wextra-tokens  -fno-common -pipe  conftest.c  -L. -L/Users/ilmira/.rvm/rubies/ruby-2.5.5/lib -L/usr/local/opt/libyaml/lib -L/usr/local/opt/libksba/lib -L/usr/local/opt/readline/lib -L/usr/local/opt/zlib/lib -L/usr/local/opt/openssl@1.1/lib -L. -fstack-protector -L/usr/local/lib -L/usr/local/opt/libyaml/lib -L/usr/local/opt/libksba/lib -L/usr/local/opt/readline/lib -L/usr/local/opt/zlib/lib -L/usr/local/opt/openssl@1.1/lib -L/opt/local/lib     -lssl -lcrypto -lruby.2.5.5  -lssl -lcrypto -lpthread -lgmp -ldl -lobjc "
conftest.c:13:57: error: use of undeclared identifier 'BN_GENCB_new'
int t(void) { void ((*volatile p)()); p = (void ((*)()))BN_GENCB_new; return !p; }
                                                        ^
1 error generated.
checked program was:
/* begin */
 1: #include "ruby.h"
 2: 
 3: /*top*/
 4: extern int t(void);
 5: int main(int argc, char **argv)
 6: {
 7:   if (argc > 1000000) {
 8:     printf("%p", &t);
 9:   }
10: 
11:   return 0;
12: }
13: int t(void) { void ((*volatile p)()); p = (void ((*)()))BN_GENCB_new; return !p; }
/* end */

"gcc -o conftest -I/Users/ilmira/.rvm/rubies/ruby-2.5.5/include/ruby-2.5.0/x86_64-darwin17 -I/Users/ilmira/.rvm/rubies/ruby-2.5.5/include/ruby-2.5.0/ruby/backward -I/Users/ilmira/.rvm/rubies/ruby-2.5.5/include/ruby-2.5.0 -I. -I/opt/local/include  -I/usr/local/opt/libyaml/include -I/usr/local/opt/libksba/include -I/usr/local/opt/readline/include -I/usr/local/opt/zlib/include -I/usr/local/opt/openssl@1.1/include -D_XOPEN_SOURCE -D_DARWIN_C_SOURCE -D_DARWIN_UNLIMITED_SELECT -D_REENTRANT   -O3 -ggdb3 -Wall -Wextra -Wno-unused-parameter -Wno-parentheses -Wno-long-long -Wno-missing-field-initializers -Wno-tautological-compare -Wno-parentheses-equality -Wno-constant-logical-operand -Wno-self-assign -Wunused-variable -Wimplicit-int -Wpointer-arith -Wwrite-strings -Wdeclaration-after-statement -Wshorten-64-to-32 -Wimplicit-function-declaration -Wdivision-by-zero -Wdeprecated-declarations -Wextra-tokens  -fno-common -pipe  conftest.c  -L. -L/Users/ilmira/.rvm/rubies/ruby-2.5.5/lib -L/usr/local/opt/libyaml/lib -L/usr/local/opt/libksba/lib -L/usr/local/opt/readline/lib -L/usr/local/opt/zlib/lib -L/usr/local/opt/openssl@1.1/lib -L. -fstack-protector -L/usr/local/lib -L/usr/local/opt/libyaml/lib -L/usr/local/opt/libksba/lib -L/usr/local/opt/readline/lib -L/usr/local/opt/zlib/lib -L/usr/local/opt/openssl@1.1/lib -L/opt/local/lib     -lssl -lcrypto -lruby.2.5.5  -lssl -lcrypto -lpthread -lgmp -ldl -lobjc "
checked program was:
/* begin */
 1: #include "ruby.h"
 2: 
 3: /*top*/
 4: extern int t(void);
 5: int main(int argc, char **argv)
 6: {
 7:   if (argc > 1000000) {
 8:     printf("%p", &t);
 9:   }
10: 
11:   return 0;
12: }
13: extern void BN_GENCB_new();
14: int t(void) { BN_GENCB_new(); return 0; }
/* end */

--------------------

have_func: checking for BN_GENCB_free()... -------------------- yes

"gcc -o conftest -I/Users/ilmira/.rvm/rubies/ruby-2.5.5/include/ruby-2.5.0/x86_64-darwin17 -I/Users/ilmira/.rvm/rubies/ruby-2.5.5/include/ruby-2.5.0/ruby/backward -I/Users/ilmira/.rvm/rubies/ruby-2.5.5/include/ruby-2.5.0 -I. -I/opt/local/include  -I/usr/local/opt/libyaml/include -I/usr/local/opt/libksba/include -I/usr/local/opt/readline/include -I/usr/local/opt/zlib/include -I/usr/local/opt/openssl@1.1/include -D_XOPEN_SOURCE -D_DARWIN_C_SOURCE -D_DARWIN_UNLIMITED_SELECT -D_REENTRANT   -O3 -ggdb3 -Wall -Wextra -Wno-unused-parameter -Wno-parentheses -Wno-long-long -Wno-missing-field-initializers -Wno-tautological-compare -Wno-parentheses-equality -Wno-constant-logical-operand -Wno-self-assign -Wunused-variable -Wimplicit-int -Wpointer-arith -Wwrite-strings -Wdeclaration-after-statement -Wshorten-64-to-32 -Wimplicit-function-declaration -Wdivision-by-zero -Wdeprecated-declarations -Wextra-tokens  -fno-common -pipe  conftest.c  -L. -L/Users/ilmira/.rvm/rubies/ruby-2.5.5/lib -L/usr/local/opt/libyaml/lib -L/usr/local/opt/libksba/lib -L/usr/local/opt/readline/lib -L/usr/local/opt/zlib/lib -L/usr/local/opt/openssl@1.1/lib -L. -fstack-protector -L/usr/local/lib -L/usr/local/opt/libyaml/lib -L/usr/local/opt/libksba/lib -L/usr/local/opt/readline/lib -L/usr/local/opt/zlib/lib -L/usr/local/opt/openssl@1.1/lib -L/opt/local/lib     -lssl -lcrypto -lruby.2.5.5  -lssl -lcrypto -lpthread -lgmp -ldl -lobjc "
conftest.c:13:57: error: use of undeclared identifier 'BN_GENCB_free'
int t(void) { void ((*volatile p)()); p = (void ((*)()))BN_GENCB_free; return !p; }
                                                        ^
1 error generated.
checked program was:
/* begin */
 1: #include "ruby.h"
 2: 
 3: /*top*/
 4: extern int t(void);
 5: int main(int argc, char **argv)
 6: {
 7:   if (argc > 1000000) {
 8:     printf("%p", &t);
 9:   }
10: 
11:   return 0;
12: }
13: int t(void) { void ((*volatile p)()); p = (void ((*)()))BN_GENCB_free; return !p; }
/* end */

"gcc -o conftest -I/Users/ilmira/.rvm/rubies/ruby-2.5.5/include/ruby-2.5.0/x86_64-darwin17 -I/Users/ilmira/.rvm/rubies/ruby-2.5.5/include/ruby-2.5.0/ruby/backward -I/Users/ilmira/.rvm/rubies/ruby-2.5.5/include/ruby-2.5.0 -I. -I/opt/local/include  -I/usr/local/opt/libyaml/include -I/usr/local/opt/libksba/include -I/usr/local/opt/readline/include -I/usr/local/opt/zlib/include -I/usr/local/opt/openssl@1.1/include -D_XOPEN_SOURCE -D_DARWIN_C_SOURCE -D_DARWIN_UNLIMITED_SELECT -D_REENTRANT   -O3 -ggdb3 -Wall -Wextra -Wno-unused-parameter -Wno-parentheses -Wno-long-long -Wno-missing-field-initializers -Wno-tautological-compare -Wno-parentheses-equality -Wno-constant-logical-operand -Wno-self-assign -Wunused-variable -Wimplicit-int -Wpointer-arith -Wwrite-strings -Wdeclaration-after-statement -Wshorten-64-to-32 -Wimplicit-function-declaration -Wdivision-by-zero -Wdeprecated-declarations -Wextra-tokens  -fno-common -pipe  conftest.c  -L. -L/Users/ilmira/.rvm/rubies/ruby-2.5.5/lib -L/usr/local/opt/libyaml/lib -L/usr/local/opt/libksba/lib -L/usr/local/opt/readline/lib -L/usr/local/opt/zlib/lib -L/usr/local/opt/openssl@1.1/lib -L. -fstack-protector -L/usr/local/lib -L/usr/local/opt/libyaml/lib -L/usr/local/opt/libksba/lib -L/usr/local/opt/readline/lib -L/usr/local/opt/zlib/lib -L/usr/local/opt/openssl@1.1/lib -L/opt/local/lib     -lssl -lcrypto -lruby.2.5.5  -lssl -lcrypto -lpthread -lgmp -ldl -lobjc "
checked program was:
/* begin */
 1: #include "ruby.h"
 2: 
 3: /*top*/
 4: extern int t(void);
 5: int main(int argc, char **argv)
 6: {
 7:   if (argc > 1000000) {
 8:     printf("%p", &t);
 9:   }
10: 
11:   return 0;
12: }
13: extern void BN_GENCB_free();
14: int t(void) { BN_GENCB_free(); return 0; }
/* end */

--------------------

have_func: checking for BN_GENCB_get_arg()... -------------------- yes

"gcc -o conftest -I/Users/ilmira/.rvm/rubies/ruby-2.5.5/include/ruby-2.5.0/x86_64-darwin17 -I/Users/ilmira/.rvm/rubies/ruby-2.5.5/include/ruby-2.5.0/ruby/backward -I/Users/ilmira/.rvm/rubies/ruby-2.5.5/include/ruby-2.5.0 -I. -I/opt/local/include  -I/usr/local/opt/libyaml/include -I/usr/local/opt/libksba/include -I/usr/local/opt/readline/include -I/usr/local/opt/zlib/include -I/usr/local/opt/openssl@1.1/include -D_XOPEN_SOURCE -D_DARWIN_C_SOURCE -D_DARWIN_UNLIMITED_SELECT -D_REENTRANT   -O3 -ggdb3 -Wall -Wextra -Wno-unused-parameter -Wno-parentheses -Wno-long-long -Wno-missing-field-initializers -Wno-tautological-compare -Wno-parentheses-equality -Wno-constant-logical-operand -Wno-self-assign -Wunused-variable -Wimplicit-int -Wpointer-arith -Wwrite-strings -Wdeclaration-after-statement -Wshorten-64-to-32 -Wimplicit-function-declaration -Wdivision-by-zero -Wdeprecated-declarations -Wextra-tokens  -fno-common -pipe  conftest.c  -L. -L/Users/ilmira/.rvm/rubies/ruby-2.5.5/lib -L/usr/local/opt/libyaml/lib -L/usr/local/opt/libksba/lib -L/usr/local/opt/readline/lib -L/usr/local/opt/zlib/lib -L/usr/local/opt/openssl@1.1/lib -L. -fstack-protector -L/usr/local/lib -L/usr/local/opt/libyaml/lib -L/usr/local/opt/libksba/lib -L/usr/local/opt/readline/lib -L/usr/local/opt/zlib/lib -L/usr/local/opt/openssl@1.1/lib -L/opt/local/lib     -lssl -lcrypto -lruby.2.5.5  -lssl -lcrypto -lpthread -lgmp -ldl -lobjc "
conftest.c:13:57: error: use of undeclared identifier 'BN_GENCB_get_arg'
int t(void) { void ((*volatile p)()); p = (void ((*)()))BN_GENCB_get_arg; return !p; }
                                                        ^
1 error generated.
checked program was:
/* begin */
 1: #include "ruby.h"
 2: 
 3: /*top*/
 4: extern int t(void);
 5: int main(int argc, char **argv)
 6: {
 7:   if (argc > 1000000) {
 8:     printf("%p", &t);
 9:   }
10: 
11:   return 0;
12: }
13: int t(void) { void ((*volatile p)()); p = (void ((*)()))BN_GENCB_get_arg; return !p; }
/* end */

"gcc -o conftest -I/Users/ilmira/.rvm/rubies/ruby-2.5.5/include/ruby-2.5.0/x86_64-darwin17 -I/Users/ilmira/.rvm/rubies/ruby-2.5.5/include/ruby-2.5.0/ruby/backward -I/Users/ilmira/.rvm/rubies/ruby-2.5.5/include/ruby-2.5.0 -I. -I/opt/local/include  -I/usr/local/opt/libyaml/include -I/usr/local/opt/libksba/include -I/usr/local/opt/readline/include -I/usr/local/opt/zlib/include -I/usr/local/opt/openssl@1.1/include -D_XOPEN_SOURCE -D_DARWIN_C_SOURCE -D_DARWIN_UNLIMITED_SELECT -D_REENTRANT   -O3 -ggdb3 -Wall -Wextra -Wno-unused-parameter -Wno-parentheses -Wno-long-long -Wno-missing-field-initializers -Wno-tautological-compare -Wno-parentheses-equality -Wno-constant-logical-operand -Wno-self-assign -Wunused-variable -Wimplicit-int -Wpointer-arith -Wwrite-strings -Wdeclaration-after-statement -Wshorten-64-to-32 -Wimplicit-function-declaration -Wdivision-by-zero -Wdeprecated-declarations -Wextra-tokens  -fno-common -pipe  conftest.c  -L. -L/Users/ilmira/.rvm/rubies/ruby-2.5.5/lib -L/usr/local/opt/libyaml/lib -L/usr/local/opt/libksba/lib -L/usr/local/opt/readline/lib -L/usr/local/opt/zlib/lib -L/usr/local/opt/openssl@1.1/lib -L. -fstack-protector -L/usr/local/lib -L/usr/local/opt/libyaml/lib -L/usr/local/opt/libksba/lib -L/usr/local/opt/readline/lib -L/usr/local/opt/zlib/lib -L/usr/local/opt/openssl@1.1/lib -L/opt/local/lib     -lssl -lcrypto -lruby.2.5.5  -lssl -lcrypto -lpthread -lgmp -ldl -lobjc "
checked program was:
/* begin */
 1: #include "ruby.h"
 2: 
 3: /*top*/
 4: extern int t(void);
 5: int main(int argc, char **argv)
 6: {
 7:   if (argc > 1000000) {
 8:     printf("%p", &t);
 9:   }
10: 
11:   return 0;
12: }
13: extern void BN_GENCB_get_arg();
14: int t(void) { BN_GENCB_get_arg(); return 0; }
/* end */

--------------------

have_func: checking for EVP_MD_CTX_new()... -------------------- yes

"gcc -o conftest -I/Users/ilmira/.rvm/rubies/ruby-2.5.5/include/ruby-2.5.0/x86_64-darwin17 -I/Users/ilmira/.rvm/rubies/ruby-2.5.5/include/ruby-2.5.0/ruby/backward -I/Users/ilmira/.rvm/rubies/ruby-2.5.5/include/ruby-2.5.0 -I. -I/opt/local/include  -I/usr/local/opt/libyaml/include -I/usr/local/opt/libksba/include -I/usr/local/opt/readline/include -I/usr/local/opt/zlib/include -I/usr/local/opt/openssl@1.1/include -D_XOPEN_SOURCE -D_DARWIN_C_SOURCE -D_DARWIN_UNLIMITED_SELECT -D_REENTRANT   -O3 -ggdb3 -Wall -Wextra -Wno-unused-parameter -Wno-parentheses -Wno-long-long -Wno-missing-field-initializers -Wno-tautological-compare -Wno-parentheses-equality -Wno-constant-logical-operand -Wno-self-assign -Wunused-variable -Wimplicit-int -Wpointer-arith -Wwrite-strings -Wdeclaration-after-statement -Wshorten-64-to-32 -Wimplicit-function-declaration -Wdivision-by-zero -Wdeprecated-declarations -Wextra-tokens  -fno-common -pipe  conftest.c  -L. -L/Users/ilmira/.rvm/rubies/ruby-2.5.5/lib -L/usr/local/opt/libyaml/lib -L/usr/local/opt/libksba/lib -L/usr/local/opt/readline/lib -L/usr/local/opt/zlib/lib -L/usr/local/opt/openssl@1.1/lib -L. -fstack-protector -L/usr/local/lib -L/usr/local/opt/libyaml/lib -L/usr/local/opt/libksba/lib -L/usr/local/opt/readline/lib -L/usr/local/opt/zlib/lib -L/usr/local/opt/openssl@1.1/lib -L/opt/local/lib     -lssl -lcrypto -lruby.2.5.5  -lssl -lcrypto -lpthread -lgmp -ldl -lobjc "
conftest.c:13:57: error: use of undeclared identifier 'EVP_MD_CTX_new'
int t(void) { void ((*volatile p)()); p = (void ((*)()))EVP_MD_CTX_new; return !p; }
                                                        ^
1 error generated.
checked program was:
/* begin */
 1: #include "ruby.h"
 2: 
 3: /*top*/
 4: extern int t(void);
 5: int main(int argc, char **argv)
 6: {
 7:   if (argc > 1000000) {
 8:     printf("%p", &t);
 9:   }
10: 
11:   return 0;
12: }
13: int t(void) { void ((*volatile p)()); p = (void ((*)()))EVP_MD_CTX_new; return !p; }
/* end */

"gcc -o conftest -I/Users/ilmira/.rvm/rubies/ruby-2.5.5/include/ruby-2.5.0/x86_64-darwin17 -I/Users/ilmira/.rvm/rubies/ruby-2.5.5/include/ruby-2.5.0/ruby/backward -I/Users/ilmira/.rvm/rubies/ruby-2.5.5/include/ruby-2.5.0 -I. -I/opt/local/include  -I/usr/local/opt/libyaml/include -I/usr/local/opt/libksba/include -I/usr/local/opt/readline/include -I/usr/local/opt/zlib/include -I/usr/local/opt/openssl@1.1/include -D_XOPEN_SOURCE -D_DARWIN_C_SOURCE -D_DARWIN_UNLIMITED_SELECT -D_REENTRANT   -O3 -ggdb3 -Wall -Wextra -Wno-unused-parameter -Wno-parentheses -Wno-long-long -Wno-missing-field-initializers -Wno-tautological-compare -Wno-parentheses-equality -Wno-constant-logical-operand -Wno-self-assign -Wunused-variable -Wimplicit-int -Wpointer-arith -Wwrite-strings -Wdeclaration-after-statement -Wshorten-64-to-32 -Wimplicit-function-declaration -Wdivision-by-zero -Wdeprecated-declarations -Wextra-tokens  -fno-common -pipe  conftest.c  -L. -L/Users/ilmira/.rvm/rubies/ruby-2.5.5/lib -L/usr/local/opt/libyaml/lib -L/usr/local/opt/libksba/lib -L/usr/local/opt/readline/lib -L/usr/local/opt/zlib/lib -L/usr/local/opt/openssl@1.1/lib -L. -fstack-protector -L/usr/local/lib -L/usr/local/opt/libyaml/lib -L/usr/local/opt/libksba/lib -L/usr/local/opt/readline/lib -L/usr/local/opt/zlib/lib -L/usr/local/opt/openssl@1.1/lib -L/opt/local/lib     -lssl -lcrypto -lruby.2.5.5  -lssl -lcrypto -lpthread -lgmp -ldl -lobjc "
checked program was:
/* begin */
 1: #include "ruby.h"
 2: 
 3: /*top*/
 4: extern int t(void);
 5: int main(int argc, char **argv)
 6: {
 7:   if (argc > 1000000) {
 8:     printf("%p", &t);
 9:   }
10: 
11:   return 0;
12: }
13: extern void EVP_MD_CTX_new();
14: int t(void) { EVP_MD_CTX_new(); return 0; }
/* end */

--------------------

have_func: checking for EVP_MD_CTX_free()... -------------------- yes

"gcc -o conftest -I/Users/ilmira/.rvm/rubies/ruby-2.5.5/include/ruby-2.5.0/x86_64-darwin17 -I/Users/ilmira/.rvm/rubies/ruby-2.5.5/include/ruby-2.5.0/ruby/backward -I/Users/ilmira/.rvm/rubies/ruby-2.5.5/include/ruby-2.5.0 -I. -I/opt/local/include  -I/usr/local/opt/libyaml/include -I/usr/local/opt/libksba/include -I/usr/local/opt/readline/include -I/usr/local/opt/zlib/include -I/usr/local/opt/openssl@1.1/include -D_XOPEN_SOURCE -D_DARWIN_C_SOURCE -D_DARWIN_UNLIMITED_SELECT -D_REENTRANT   -O3 -ggdb3 -Wall -Wextra -Wno-unused-parameter -Wno-parentheses -Wno-long-long -Wno-missing-field-initializers -Wno-tautological-compare -Wno-parentheses-equality -Wno-constant-logical-operand -Wno-self-assign -Wunused-variable -Wimplicit-int -Wpointer-arith -Wwrite-strings -Wdeclaration-after-statement -Wshorten-64-to-32 -Wimplicit-function-declaration -Wdivision-by-zero -Wdeprecated-declarations -Wextra-tokens  -fno-common -pipe  conftest.c  -L. -L/Users/ilmira/.rvm/rubies/ruby-2.5.5/lib -L/usr/local/opt/libyaml/lib -L/usr/local/opt/libksba/lib -L/usr/local/opt/readline/lib -L/usr/local/opt/zlib/lib -L/usr/local/opt/openssl@1.1/lib -L. -fstack-protector -L/usr/local/lib -L/usr/local/opt/libyaml/lib -L/usr/local/opt/libksba/lib -L/usr/local/opt/readline/lib -L/usr/local/opt/zlib/lib -L/usr/local/opt/openssl@1.1/lib -L/opt/local/lib     -lssl -lcrypto -lruby.2.5.5  -lssl -lcrypto -lpthread -lgmp -ldl -lobjc "
conftest.c:13:57: error: use of undeclared identifier 'EVP_MD_CTX_free'
int t(void) { void ((*volatile p)()); p = (void ((*)()))EVP_MD_CTX_free; return !p; }
                                                        ^
1 error generated.
checked program was:
/* begin */
 1: #include "ruby.h"
 2: 
 3: /*top*/
 4: extern int t(void);
 5: int main(int argc, char **argv)
 6: {
 7:   if (argc > 1000000) {
 8:     printf("%p", &t);
 9:   }
10: 
11:   return 0;
12: }
13: int t(void) { void ((*volatile p)()); p = (void ((*)()))EVP_MD_CTX_free; return !p; }
/* end */

"gcc -o conftest -I/Users/ilmira/.rvm/rubies/ruby-2.5.5/include/ruby-2.5.0/x86_64-darwin17 -I/Users/ilmira/.rvm/rubies/ruby-2.5.5/include/ruby-2.5.0/ruby/backward -I/Users/ilmira/.rvm/rubies/ruby-2.5.5/include/ruby-2.5.0 -I. -I/opt/local/include  -I/usr/local/opt/libyaml/include -I/usr/local/opt/libksba/include -I/usr/local/opt/readline/include -I/usr/local/opt/zlib/include -I/usr/local/opt/openssl@1.1/include -D_XOPEN_SOURCE -D_DARWIN_C_SOURCE -D_DARWIN_UNLIMITED_SELECT -D_REENTRANT   -O3 -ggdb3 -Wall -Wextra -Wno-unused-parameter -Wno-parentheses -Wno-long-long -Wno-missing-field-initializers -Wno-tautological-compare -Wno-parentheses-equality -Wno-constant-logical-operand -Wno-self-assign -Wunused-variable -Wimplicit-int -Wpointer-arith -Wwrite-strings -Wdeclaration-after-statement -Wshorten-64-to-32 -Wimplicit-function-declaration -Wdivision-by-zero -Wdeprecated-declarations -Wextra-tokens  -fno-common -pipe  conftest.c  -L. -L/Users/ilmira/.rvm/rubies/ruby-2.5.5/lib -L/usr/local/opt/libyaml/lib -L/usr/local/opt/libksba/lib -L/usr/local/opt/readline/lib -L/usr/local/opt/zlib/lib -L/usr/local/opt/openssl@1.1/lib -L. -fstack-protector -L/usr/local/lib -L/usr/local/opt/libyaml/lib -L/usr/local/opt/libksba/lib -L/usr/local/opt/readline/lib -L/usr/local/opt/zlib/lib -L/usr/local/opt/openssl@1.1/lib -L/opt/local/lib     -lssl -lcrypto -lruby.2.5.5  -lssl -lcrypto -lpthread -lgmp -ldl -lobjc "
checked program was:
/* begin */
 1: #include "ruby.h"
 2: 
 3: /*top*/
 4: extern int t(void);
 5: int main(int argc, char **argv)
 6: {
 7:   if (argc > 1000000) {
 8:     printf("%p", &t);
 9:   }
10: 
11:   return 0;
12: }
13: extern void EVP_MD_CTX_free();
14: int t(void) { EVP_MD_CTX_free(); return 0; }
/* end */

--------------------

have_func: checking for HMAC_CTX_new()... -------------------- yes

"gcc -o conftest -I/Users/ilmira/.rvm/rubies/ruby-2.5.5/include/ruby-2.5.0/x86_64-darwin17 -I/Users/ilmira/.rvm/rubies/ruby-2.5.5/include/ruby-2.5.0/ruby/backward -I/Users/ilmira/.rvm/rubies/ruby-2.5.5/include/ruby-2.5.0 -I. -I/opt/local/include  -I/usr/local/opt/libyaml/include -I/usr/local/opt/libksba/include -I/usr/local/opt/readline/include -I/usr/local/opt/zlib/include -I/usr/local/opt/openssl@1.1/include -D_XOPEN_SOURCE -D_DARWIN_C_SOURCE -D_DARWIN_UNLIMITED_SELECT -D_REENTRANT   -O3 -ggdb3 -Wall -Wextra -Wno-unused-parameter -Wno-parentheses -Wno-long-long -Wno-missing-field-initializers -Wno-tautological-compare -Wno-parentheses-equality -Wno-constant-logical-operand -Wno-self-assign -Wunused-variable -Wimplicit-int -Wpointer-arith -Wwrite-strings -Wdeclaration-after-statement -Wshorten-64-to-32 -Wimplicit-function-declaration -Wdivision-by-zero -Wdeprecated-declarations -Wextra-tokens  -fno-common -pipe  conftest.c  -L. -L/Users/ilmira/.rvm/rubies/ruby-2.5.5/lib -L/usr/local/opt/libyaml/lib -L/usr/local/opt/libksba/lib -L/usr/local/opt/readline/lib -L/usr/local/opt/zlib/lib -L/usr/local/opt/openssl@1.1/lib -L. -fstack-protector -L/usr/local/lib -L/usr/local/opt/libyaml/lib -L/usr/local/opt/libksba/lib -L/usr/local/opt/readline/lib -L/usr/local/opt/zlib/lib -L/usr/local/opt/openssl@1.1/lib -L/opt/local/lib     -lssl -lcrypto -lruby.2.5.5  -lssl -lcrypto -lpthread -lgmp -ldl -lobjc "
conftest.c:13:57: error: use of undeclared identifier 'HMAC_CTX_new'
int t(void) { void ((*volatile p)()); p = (void ((*)()))HMAC_CTX_new; return !p; }
                                                        ^
1 error generated.
checked program was:
/* begin */
 1: #include "ruby.h"
 2: 
 3: /*top*/
 4: extern int t(void);
 5: int main(int argc, char **argv)
 6: {
 7:   if (argc > 1000000) {
 8:     printf("%p", &t);
 9:   }
10: 
11:   return 0;
12: }
13: int t(void) { void ((*volatile p)()); p = (void ((*)()))HMAC_CTX_new; return !p; }
/* end */

"gcc -o conftest -I/Users/ilmira/.rvm/rubies/ruby-2.5.5/include/ruby-2.5.0/x86_64-darwin17 -I/Users/ilmira/.rvm/rubies/ruby-2.5.5/include/ruby-2.5.0/ruby/backward -I/Users/ilmira/.rvm/rubies/ruby-2.5.5/include/ruby-2.5.0 -I. -I/opt/local/include  -I/usr/local/opt/libyaml/include -I/usr/local/opt/libksba/include -I/usr/local/opt/readline/include -I/usr/local/opt/zlib/include -I/usr/local/opt/openssl@1.1/include -D_XOPEN_SOURCE -D_DARWIN_C_SOURCE -D_DARWIN_UNLIMITED_SELECT -D_REENTRANT   -O3 -ggdb3 -Wall -Wextra -Wno-unused-parameter -Wno-parentheses -Wno-long-long -Wno-missing-field-initializers -Wno-tautological-compare -Wno-parentheses-equality -Wno-constant-logical-operand -Wno-self-assign -Wunused-variable -Wimplicit-int -Wpointer-arith -Wwrite-strings -Wdeclaration-after-statement -Wshorten-64-to-32 -Wimplicit-function-declaration -Wdivision-by-zero -Wdeprecated-declarations -Wextra-tokens  -fno-common -pipe  conftest.c  -L. -L/Users/ilmira/.rvm/rubies/ruby-2.5.5/lib -L/usr/local/opt/libyaml/lib -L/usr/local/opt/libksba/lib -L/usr/local/opt/readline/lib -L/usr/local/opt/zlib/lib -L/usr/local/opt/openssl@1.1/lib -L. -fstack-protector -L/usr/local/lib -L/usr/local/opt/libyaml/lib -L/usr/local/opt/libksba/lib -L/usr/local/opt/readline/lib -L/usr/local/opt/zlib/lib -L/usr/local/opt/openssl@1.1/lib -L/opt/local/lib     -lssl -lcrypto -lruby.2.5.5  -lssl -lcrypto -lpthread -lgmp -ldl -lobjc "
checked program was:
/* begin */
 1: #include "ruby.h"
 2: 
 3: /*top*/
 4: extern int t(void);
 5: int main(int argc, char **argv)
 6: {
 7:   if (argc > 1000000) {
 8:     printf("%p", &t);
 9:   }
10: 
11:   return 0;
12: }
13: extern void HMAC_CTX_new();
14: int t(void) { HMAC_CTX_new(); return 0; }
/* end */

--------------------

have_func: checking for HMAC_CTX_free()... -------------------- yes

"gcc -o conftest -I/Users/ilmira/.rvm/rubies/ruby-2.5.5/include/ruby-2.5.0/x86_64-darwin17 -I/Users/ilmira/.rvm/rubies/ruby-2.5.5/include/ruby-2.5.0/ruby/backward -I/Users/ilmira/.rvm/rubies/ruby-2.5.5/include/ruby-2.5.0 -I. -I/opt/local/include  -I/usr/local/opt/libyaml/include -I/usr/local/opt/libksba/include -I/usr/local/opt/readline/include -I/usr/local/opt/zlib/include -I/usr/local/opt/openssl@1.1/include -D_XOPEN_SOURCE -D_DARWIN_C_SOURCE -D_DARWIN_UNLIMITED_SELECT -D_REENTRANT   -O3 -ggdb3 -Wall -Wextra -Wno-unused-parameter -Wno-parentheses -Wno-long-long -Wno-missing-field-initializers -Wno-tautological-compare -Wno-parentheses-equality -Wno-constant-logical-operand -Wno-self-assign -Wunused-variable -Wimplicit-int -Wpointer-arith -Wwrite-strings -Wdeclaration-after-statement -Wshorten-64-to-32 -Wimplicit-function-declaration -Wdivision-by-zero -Wdeprecated-declarations -Wextra-tokens  -fno-common -pipe  conftest.c  -L. -L/Users/ilmira/.rvm/rubies/ruby-2.5.5/lib -L/usr/local/opt/libyaml/lib -L/usr/local/opt/libksba/lib -L/usr/local/opt/readline/lib -L/usr/local/opt/zlib/lib -L/usr/local/opt/openssl@1.1/lib -L. -fstack-protector -L/usr/local/lib -L/usr/local/opt/libyaml/lib -L/usr/local/opt/libksba/lib -L/usr/local/opt/readline/lib -L/usr/local/opt/zlib/lib -L/usr/local/opt/openssl@1.1/lib -L/opt/local/lib     -lssl -lcrypto -lruby.2.5.5  -lssl -lcrypto -lpthread -lgmp -ldl -lobjc "
conftest.c:13:57: error: use of undeclared identifier 'HMAC_CTX_free'
int t(void) { void ((*volatile p)()); p = (void ((*)()))HMAC_CTX_free; return !p; }
                                                        ^
1 error generated.
checked program was:
/* begin */
 1: #include "ruby.h"
 2: 
 3: /*top*/
 4: extern int t(void);
 5: int main(int argc, char **argv)
 6: {
 7:   if (argc > 1000000) {
 8:     printf("%p", &t);
 9:   }
10: 
11:   return 0;
12: }
13: int t(void) { void ((*volatile p)()); p = (void ((*)()))HMAC_CTX_free; return !p; }
/* end */

"gcc -o conftest -I/Users/ilmira/.rvm/rubies/ruby-2.5.5/include/ruby-2.5.0/x86_64-darwin17 -I/Users/ilmira/.rvm/rubies/ruby-2.5.5/include/ruby-2.5.0/ruby/backward -I/Users/ilmira/.rvm/rubies/ruby-2.5.5/include/ruby-2.5.0 -I. -I/opt/local/include  -I/usr/local/opt/libyaml/include -I/usr/local/opt/libksba/include -I/usr/local/opt/readline/include -I/usr/local/opt/zlib/include -I/usr/local/opt/openssl@1.1/include -D_XOPEN_SOURCE -D_DARWIN_C_SOURCE -D_DARWIN_UNLIMITED_SELECT -D_REENTRANT   -O3 -ggdb3 -Wall -Wextra -Wno-unused-parameter -Wno-parentheses -Wno-long-long -Wno-missing-field-initializers -Wno-tautological-compare -Wno-parentheses-equality -Wno-constant-logical-operand -Wno-self-assign -Wunused-variable -Wimplicit-int -Wpointer-arith -Wwrite-strings -Wdeclaration-after-statement -Wshorten-64-to-32 -Wimplicit-function-declaration -Wdivision-by-zero -Wdeprecated-declarations -Wextra-tokens  -fno-common -pipe  conftest.c  -L. -L/Users/ilmira/.rvm/rubies/ruby-2.5.5/lib -L/usr/local/opt/libyaml/lib -L/usr/local/opt/libksba/lib -L/usr/local/opt/readline/lib -L/usr/local/opt/zlib/lib -L/usr/local/opt/openssl@1.1/lib -L. -fstack-protector -L/usr/local/lib -L/usr/local/opt/libyaml/lib -L/usr/local/opt/libksba/lib -L/usr/local/opt/readline/lib -L/usr/local/opt/zlib/lib -L/usr/local/opt/openssl@1.1/lib -L/opt/local/lib     -lssl -lcrypto -lruby.2.5.5  -lssl -lcrypto -lpthread -lgmp -ldl -lobjc "
checked program was:
/* begin */
 1: #include "ruby.h"
 2: 
 3: /*top*/
 4: extern int t(void);
 5: int main(int argc, char **argv)
 6: {
 7:   if (argc > 1000000) {
 8:     printf("%p", &t);
 9:   }
10: 
11:   return 0;
12: }
13: extern void HMAC_CTX_free();
14: int t(void) { HMAC_CTX_free(); return 0; }
/* end */

--------------------

have_func: checking for X509_STORE_get_ex_data()... -------------------- yes

"gcc -o conftest -I/Users/ilmira/.rvm/rubies/ruby-2.5.5/include/ruby-2.5.0/x86_64-darwin17 -I/Users/ilmira/.rvm/rubies/ruby-2.5.5/include/ruby-2.5.0/ruby/backward -I/Users/ilmira/.rvm/rubies/ruby-2.5.5/include/ruby-2.5.0 -I. -I/opt/local/include  -I/usr/local/opt/libyaml/include -I/usr/local/opt/libksba/include -I/usr/local/opt/readline/include -I/usr/local/opt/zlib/include -I/usr/local/opt/openssl@1.1/include -D_XOPEN_SOURCE -D_DARWIN_C_SOURCE -D_DARWIN_UNLIMITED_SELECT -D_REENTRANT   -O3 -ggdb3 -Wall -Wextra -Wno-unused-parameter -Wno-parentheses -Wno-long-long -Wno-missing-field-initializers -Wno-tautological-compare -Wno-parentheses-equality -Wno-constant-logical-operand -Wno-self-assign -Wunused-variable -Wimplicit-int -Wpointer-arith -Wwrite-strings -Wdeclaration-after-statement -Wshorten-64-to-32 -Wimplicit-function-declaration -Wdivision-by-zero -Wdeprecated-declarations -Wextra-tokens  -fno-common -pipe  conftest.c  -L. -L/Users/ilmira/.rvm/rubies/ruby-2.5.5/lib -L/usr/local/opt/libyaml/lib -L/usr/local/opt/libksba/lib -L/usr/local/opt/readline/lib -L/usr/local/opt/zlib/lib -L/usr/local/opt/openssl@1.1/lib -L. -fstack-protector -L/usr/local/lib -L/usr/local/opt/libyaml/lib -L/usr/local/opt/libksba/lib -L/usr/local/opt/readline/lib -L/usr/local/opt/zlib/lib -L/usr/local/opt/openssl@1.1/lib -L/opt/local/lib     -lssl -lcrypto -lruby.2.5.5  -lssl -lcrypto -lpthread -lgmp -ldl -lobjc "
conftest.c:13:57: error: use of undeclared identifier 'X509_STORE_get_ex_data'
int t(void) { void ((*volatile p)()); p = (void ((*)()))X509_STORE_get_ex_data; return !p; }
                                                        ^
1 error generated.
checked program was:
/* begin */
 1: #include "ruby.h"
 2: 
 3: /*top*/
 4: extern int t(void);
 5: int main(int argc, char **argv)
 6: {
 7:   if (argc > 1000000) {
 8:     printf("%p", &t);
 9:   }
10: 
11:   return 0;
12: }
13: int t(void) { void ((*volatile p)()); p = (void ((*)()))X509_STORE_get_ex_data; return !p; }
/* end */

"gcc -o conftest -I/Users/ilmira/.rvm/rubies/ruby-2.5.5/include/ruby-2.5.0/x86_64-darwin17 -I/Users/ilmira/.rvm/rubies/ruby-2.5.5/include/ruby-2.5.0/ruby/backward -I/Users/ilmira/.rvm/rubies/ruby-2.5.5/include/ruby-2.5.0 -I. -I/opt/local/include  -I/usr/local/opt/libyaml/include -I/usr/local/opt/libksba/include -I/usr/local/opt/readline/include -I/usr/local/opt/zlib/include -I/usr/local/opt/openssl@1.1/include -D_XOPEN_SOURCE -D_DARWIN_C_SOURCE -D_DARWIN_UNLIMITED_SELECT -D_REENTRANT   -O3 -ggdb3 -Wall -Wextra -Wno-unused-parameter -Wno-parentheses -Wno-long-long -Wno-missing-field-initializers -Wno-tautological-compare -Wno-parentheses-equality -Wno-constant-logical-operand -Wno-self-assign -Wunused-variable -Wimplicit-int -Wpointer-arith -Wwrite-strings -Wdeclaration-after-statement -Wshorten-64-to-32 -Wimplicit-function-declaration -Wdivision-by-zero -Wdeprecated-declarations -Wextra-tokens  -fno-common -pipe  conftest.c  -L. -L/Users/ilmira/.rvm/rubies/ruby-2.5.5/lib -L/usr/local/opt/libyaml/lib -L/usr/local/opt/libksba/lib -L/usr/local/opt/readline/lib -L/usr/local/opt/zlib/lib -L/usr/local/opt/openssl@1.1/lib -L. -fstack-protector -L/usr/local/lib -L/usr/local/opt/libyaml/lib -L/usr/local/opt/libksba/lib -L/usr/local/opt/readline/lib -L/usr/local/opt/zlib/lib -L/usr/local/opt/openssl@1.1/lib -L/opt/local/lib     -lssl -lcrypto -lruby.2.5.5  -lssl -lcrypto -lpthread -lgmp -ldl -lobjc "
checked program was:
/* begin */
 1: #include "ruby.h"
 2: 
 3: /*top*/
 4: extern int t(void);
 5: int main(int argc, char **argv)
 6: {
 7:   if (argc > 1000000) {
 8:     printf("%p", &t);
 9:   }
10: 
11:   return 0;
12: }
13: extern void X509_STORE_get_ex_data();
14: int t(void) { X509_STORE_get_ex_data(); return 0; }
/* end */

--------------------

have_func: checking for X509_STORE_set_ex_data()... -------------------- yes

"gcc -o conftest -I/Users/ilmira/.rvm/rubies/ruby-2.5.5/include/ruby-2.5.0/x86_64-darwin17 -I/Users/ilmira/.rvm/rubies/ruby-2.5.5/include/ruby-2.5.0/ruby/backward -I/Users/ilmira/.rvm/rubies/ruby-2.5.5/include/ruby-2.5.0 -I. -I/opt/local/include  -I/usr/local/opt/libyaml/include -I/usr/local/opt/libksba/include -I/usr/local/opt/readline/include -I/usr/local/opt/zlib/include -I/usr/local/opt/openssl@1.1/include -D_XOPEN_SOURCE -D_DARWIN_C_SOURCE -D_DARWIN_UNLIMITED_SELECT -D_REENTRANT   -O3 -ggdb3 -Wall -Wextra -Wno-unused-parameter -Wno-parentheses -Wno-long-long -Wno-missing-field-initializers -Wno-tautological-compare -Wno-parentheses-equality -Wno-constant-logical-operand -Wno-self-assign -Wunused-variable -Wimplicit-int -Wpointer-arith -Wwrite-strings -Wdeclaration-after-statement -Wshorten-64-to-32 -Wimplicit-function-declaration -Wdivision-by-zero -Wdeprecated-declarations -Wextra-tokens  -fno-common -pipe  conftest.c  -L. -L/Users/ilmira/.rvm/rubies/ruby-2.5.5/lib -L/usr/local/opt/libyaml/lib -L/usr/local/opt/libksba/lib -L/usr/local/opt/readline/lib -L/usr/local/opt/zlib/lib -L/usr/local/opt/openssl@1.1/lib -L. -fstack-protector -L/usr/local/lib -L/usr/local/opt/libyaml/lib -L/usr/local/opt/libksba/lib -L/usr/local/opt/readline/lib -L/usr/local/opt/zlib/lib -L/usr/local/opt/openssl@1.1/lib -L/opt/local/lib     -lssl -lcrypto -lruby.2.5.5  -lssl -lcrypto -lpthread -lgmp -ldl -lobjc "
conftest.c:13:57: error: use of undeclared identifier 'X509_STORE_set_ex_data'
int t(void) { void ((*volatile p)()); p = (void ((*)()))X509_STORE_set_ex_data; return !p; }
                                                        ^
1 error generated.
checked program was:
/* begin */
 1: #include "ruby.h"
 2: 
 3: /*top*/
 4: extern int t(void);
 5: int main(int argc, char **argv)
 6: {
 7:   if (argc > 1000000) {
 8:     printf("%p", &t);
 9:   }
10: 
11:   return 0;
12: }
13: int t(void) { void ((*volatile p)()); p = (void ((*)()))X509_STORE_set_ex_data; return !p; }
/* end */

"gcc -o conftest -I/Users/ilmira/.rvm/rubies/ruby-2.5.5/include/ruby-2.5.0/x86_64-darwin17 -I/Users/ilmira/.rvm/rubies/ruby-2.5.5/include/ruby-2.5.0/ruby/backward -I/Users/ilmira/.rvm/rubies/ruby-2.5.5/include/ruby-2.5.0 -I. -I/opt/local/include  -I/usr/local/opt/libyaml/include -I/usr/local/opt/libksba/include -I/usr/local/opt/readline/include -I/usr/local/opt/zlib/include -I/usr/local/opt/openssl@1.1/include -D_XOPEN_SOURCE -D_DARWIN_C_SOURCE -D_DARWIN_UNLIMITED_SELECT -D_REENTRANT   -O3 -ggdb3 -Wall -Wextra -Wno-unused-parameter -Wno-parentheses -Wno-long-long -Wno-missing-field-initializers -Wno-tautological-compare -Wno-parentheses-equality -Wno-constant-logical-operand -Wno-self-assign -Wunused-variable -Wimplicit-int -Wpointer-arith -Wwrite-strings -Wdeclaration-after-statement -Wshorten-64-to-32 -Wimplicit-function-declaration -Wdivision-by-zero -Wdeprecated-declarations -Wextra-tokens  -fno-common -pipe  conftest.c  -L. -L/Users/ilmira/.rvm/rubies/ruby-2.5.5/lib -L/usr/local/opt/libyaml/lib -L/usr/local/opt/libksba/lib -L/usr/local/opt/readline/lib -L/usr/local/opt/zlib/lib -L/usr/local/opt/openssl@1.1/lib -L. -fstack-protector -L/usr/local/lib -L/usr/local/opt/libyaml/lib -L/usr/local/opt/libksba/lib -L/usr/local/opt/readline/lib -L/usr/local/opt/zlib/lib -L/usr/local/opt/openssl@1.1/lib -L/opt/local/lib     -lssl -lcrypto -lruby.2.5.5  -lssl -lcrypto -lpthread -lgmp -ldl -lobjc "
checked program was:
/* begin */
 1: #include "ruby.h"
 2: 
 3: /*top*/
 4: extern int t(void);
 5: int main(int argc, char **argv)
 6: {
 7:   if (argc > 1000000) {
 8:     printf("%p", &t);
 9:   }
10: 
11:   return 0;
12: }
13: extern void X509_STORE_set_ex_data();
14: int t(void) { X509_STORE_set_ex_data(); return 0; }
/* end */

--------------------

have_func: checking for X509_STORE_get_ex_new_index()... -------------------- no

"gcc -o conftest -I/Users/ilmira/.rvm/rubies/ruby-2.5.5/include/ruby-2.5.0/x86_64-darwin17 -I/Users/ilmira/.rvm/rubies/ruby-2.5.5/include/ruby-2.5.0/ruby/backward -I/Users/ilmira/.rvm/rubies/ruby-2.5.5/include/ruby-2.5.0 -I. -I/opt/local/include  -I/usr/local/opt/libyaml/include -I/usr/local/opt/libksba/include -I/usr/local/opt/readline/include -I/usr/local/opt/zlib/include -I/usr/local/opt/openssl@1.1/include -D_XOPEN_SOURCE -D_DARWIN_C_SOURCE -D_DARWIN_UNLIMITED_SELECT -D_REENTRANT   -O3 -ggdb3 -Wall -Wextra -Wno-unused-parameter -Wno-parentheses -Wno-long-long -Wno-missing-field-initializers -Wno-tautological-compare -Wno-parentheses-equality -Wno-constant-logical-operand -Wno-self-assign -Wunused-variable -Wimplicit-int -Wpointer-arith -Wwrite-strings -Wdeclaration-after-statement -Wshorten-64-to-32 -Wimplicit-function-declaration -Wdivision-by-zero -Wdeprecated-declarations -Wextra-tokens  -fno-common -pipe  conftest.c  -L. -L/Users/ilmira/.rvm/rubies/ruby-2.5.5/lib -L/usr/local/opt/libyaml/lib -L/usr/local/opt/libksba/lib -L/usr/local/opt/readline/lib -L/usr/local/opt/zlib/lib -L/usr/local/opt/openssl@1.1/lib -L. -fstack-protector -L/usr/local/lib -L/usr/local/opt/libyaml/lib -L/usr/local/opt/libksba/lib -L/usr/local/opt/readline/lib -L/usr/local/opt/zlib/lib -L/usr/local/opt/openssl@1.1/lib -L/opt/local/lib     -lssl -lcrypto -lruby.2.5.5  -lssl -lcrypto -lpthread -lgmp -ldl -lobjc "
conftest.c:13:57: error: use of undeclared identifier 'X509_STORE_get_ex_new_index'
int t(void) { void ((*volatile p)()); p = (void ((*)()))X509_STORE_get_ex_new_index; return !p; }
                                                        ^
1 error generated.
checked program was:
/* begin */
 1: #include "ruby.h"
 2: 
 3: /*top*/
 4: extern int t(void);
 5: int main(int argc, char **argv)
 6: {
 7:   if (argc > 1000000) {
 8:     printf("%p", &t);
 9:   }
10: 
11:   return 0;
12: }
13: int t(void) { void ((*volatile p)()); p = (void ((*)()))X509_STORE_get_ex_new_index; return !p; }
/* end */

"gcc -o conftest -I/Users/ilmira/.rvm/rubies/ruby-2.5.5/include/ruby-2.5.0/x86_64-darwin17 -I/Users/ilmira/.rvm/rubies/ruby-2.5.5/include/ruby-2.5.0/ruby/backward -I/Users/ilmira/.rvm/rubies/ruby-2.5.5/include/ruby-2.5.0 -I. -I/opt/local/include  -I/usr/local/opt/libyaml/include -I/usr/local/opt/libksba/include -I/usr/local/opt/readline/include -I/usr/local/opt/zlib/include -I/usr/local/opt/openssl@1.1/include -D_XOPEN_SOURCE -D_DARWIN_C_SOURCE -D_DARWIN_UNLIMITED_SELECT -D_REENTRANT   -O3 -ggdb3 -Wall -Wextra -Wno-unused-parameter -Wno-parentheses -Wno-long-long -Wno-missing-field-initializers -Wno-tautological-compare -Wno-parentheses-equality -Wno-constant-logical-operand -Wno-self-assign -Wunused-variable -Wimplicit-int -Wpointer-arith -Wwrite-strings -Wdeclaration-after-statement -Wshorten-64-to-32 -Wimplicit-function-declaration -Wdivision-by-zero -Wdeprecated-declarations -Wextra-tokens  -fno-common -pipe  conftest.c  -L. -L/Users/ilmira/.rvm/rubies/ruby-2.5.5/lib -L/usr/local/opt/libyaml/lib -L/usr/local/opt/libksba/lib -L/usr/local/opt/readline/lib -L/usr/local/opt/zlib/lib -L/usr/local/opt/openssl@1.1/lib -L. -fstack-protector -L/usr/local/lib -L/usr/local/opt/libyaml/lib -L/usr/local/opt/libksba/lib -L/usr/local/opt/readline/lib -L/usr/local/opt/zlib/lib -L/usr/local/opt/openssl@1.1/lib -L/opt/local/lib     -lssl -lcrypto -lruby.2.5.5  -lssl -lcrypto -lpthread -lgmp -ldl -lobjc "
Undefined symbols for architecture x86_64:
  "_X509_STORE_get_ex_new_index", referenced from:
      _t in conftest-20a669.o
ld: symbol(s) not found for architecture x86_64
clang: error: linker command failed with exit code 1 (use -v to see invocation)
checked program was:
/* begin */
 1: #include "ruby.h"
 2: 
 3: /*top*/
 4: extern int t(void);
 5: int main(int argc, char **argv)
 6: {
 7:   if (argc > 1000000) {
 8:     printf("%p", &t);
 9:   }
10: 
11:   return 0;
12: }
13: extern void X509_STORE_get_ex_new_index();
14: int t(void) { X509_STORE_get_ex_new_index(); return 0; }
/* end */

--------------------

have_func: checking for X509_CRL_get0_signature()... -------------------- yes

"gcc -o conftest -I/Users/ilmira/.rvm/rubies/ruby-2.5.5/include/ruby-2.5.0/x86_64-darwin17 -I/Users/ilmira/.rvm/rubies/ruby-2.5.5/include/ruby-2.5.0/ruby/backward -I/Users/ilmira/.rvm/rubies/ruby-2.5.5/include/ruby-2.5.0 -I. -I/opt/local/include  -I/usr/local/opt/libyaml/include -I/usr/local/opt/libksba/include -I/usr/local/opt/readline/include -I/usr/local/opt/zlib/include -I/usr/local/opt/openssl@1.1/include -D_XOPEN_SOURCE -D_DARWIN_C_SOURCE -D_DARWIN_UNLIMITED_SELECT -D_REENTRANT   -O3 -ggdb3 -Wall -Wextra -Wno-unused-parameter -Wno-parentheses -Wno-long-long -Wno-missing-field-initializers -Wno-tautological-compare -Wno-parentheses-equality -Wno-constant-logical-operand -Wno-self-assign -Wunused-variable -Wimplicit-int -Wpointer-arith -Wwrite-strings -Wdeclaration-after-statement -Wshorten-64-to-32 -Wimplicit-function-declaration -Wdivision-by-zero -Wdeprecated-declarations -Wextra-tokens  -fno-common -pipe  conftest.c  -L. -L/Users/ilmira/.rvm/rubies/ruby-2.5.5/lib -L/usr/local/opt/libyaml/lib -L/usr/local/opt/libksba/lib -L/usr/local/opt/readline/lib -L/usr/local/opt/zlib/lib -L/usr/local/opt/openssl@1.1/lib -L. -fstack-protector -L/usr/local/lib -L/usr/local/opt/libyaml/lib -L/usr/local/opt/libksba/lib -L/usr/local/opt/readline/lib -L/usr/local/opt/zlib/lib -L/usr/local/opt/openssl@1.1/lib -L/opt/local/lib     -lssl -lcrypto -lruby.2.5.5  -lssl -lcrypto -lpthread -lgmp -ldl -lobjc "
conftest.c:13:57: error: use of undeclared identifier 'X509_CRL_get0_signature'
int t(void) { void ((*volatile p)()); p = (void ((*)()))X509_CRL_get0_signature; return !p; }
                                                        ^
1 error generated.
checked program was:
/* begin */
 1: #include "ruby.h"
 2: 
 3: /*top*/
 4: extern int t(void);
 5: int main(int argc, char **argv)
 6: {
 7:   if (argc > 1000000) {
 8:     printf("%p", &t);
 9:   }
10: 
11:   return 0;
12: }
13: int t(void) { void ((*volatile p)()); p = (void ((*)()))X509_CRL_get0_signature; return !p; }
/* end */

"gcc -o conftest -I/Users/ilmira/.rvm/rubies/ruby-2.5.5/include/ruby-2.5.0/x86_64-darwin17 -I/Users/ilmira/.rvm/rubies/ruby-2.5.5/include/ruby-2.5.0/ruby/backward -I/Users/ilmira/.rvm/rubies/ruby-2.5.5/include/ruby-2.5.0 -I. -I/opt/local/include  -I/usr/local/opt/libyaml/include -I/usr/local/opt/libksba/include -I/usr/local/opt/readline/include -I/usr/local/opt/zlib/include -I/usr/local/opt/openssl@1.1/include -D_XOPEN_SOURCE -D_DARWIN_C_SOURCE -D_DARWIN_UNLIMITED_SELECT -D_REENTRANT   -O3 -ggdb3 -Wall -Wextra -Wno-unused-parameter -Wno-parentheses -Wno-long-long -Wno-missing-field-initializers -Wno-tautological-compare -Wno-parentheses-equality -Wno-constant-logical-operand -Wno-self-assign -Wunused-variable -Wimplicit-int -Wpointer-arith -Wwrite-strings -Wdeclaration-after-statement -Wshorten-64-to-32 -Wimplicit-function-declaration -Wdivision-by-zero -Wdeprecated-declarations -Wextra-tokens  -fno-common -pipe  conftest.c  -L. -L/Users/ilmira/.rvm/rubies/ruby-2.5.5/lib -L/usr/local/opt/libyaml/lib -L/usr/local/opt/libksba/lib -L/usr/local/opt/readline/lib -L/usr/local/opt/zlib/lib -L/usr/local/opt/openssl@1.1/lib -L. -fstack-protector -L/usr/local/lib -L/usr/local/opt/libyaml/lib -L/usr/local/opt/libksba/lib -L/usr/local/opt/readline/lib -L/usr/local/opt/zlib/lib -L/usr/local/opt/openssl@1.1/lib -L/opt/local/lib     -lssl -lcrypto -lruby.2.5.5  -lssl -lcrypto -lpthread -lgmp -ldl -lobjc "
checked program was:
/* begin */
 1: #include "ruby.h"
 2: 
 3: /*top*/
 4: extern int t(void);
 5: int main(int argc, char **argv)
 6: {
 7:   if (argc > 1000000) {
 8:     printf("%p", &t);
 9:   }
10: 
11:   return 0;
12: }
13: extern void X509_CRL_get0_signature();
14: int t(void) { X509_CRL_get0_signature(); return 0; }
/* end */

--------------------

have_func: checking for X509_REQ_get0_signature()... -------------------- yes

"gcc -o conftest -I/Users/ilmira/.rvm/rubies/ruby-2.5.5/include/ruby-2.5.0/x86_64-darwin17 -I/Users/ilmira/.rvm/rubies/ruby-2.5.5/include/ruby-2.5.0/ruby/backward -I/Users/ilmira/.rvm/rubies/ruby-2.5.5/include/ruby-2.5.0 -I. -I/opt/local/include  -I/usr/local/opt/libyaml/include -I/usr/local/opt/libksba/include -I/usr/local/opt/readline/include -I/usr/local/opt/zlib/include -I/usr/local/opt/openssl@1.1/include -D_XOPEN_SOURCE -D_DARWIN_C_SOURCE -D_DARWIN_UNLIMITED_SELECT -D_REENTRANT   -O3 -ggdb3 -Wall -Wextra -Wno-unused-parameter -Wno-parentheses -Wno-long-long -Wno-missing-field-initializers -Wno-tautological-compare -Wno-parentheses-equality -Wno-constant-logical-operand -Wno-self-assign -Wunused-variable -Wimplicit-int -Wpointer-arith -Wwrite-strings -Wdeclaration-after-statement -Wshorten-64-to-32 -Wimplicit-function-declaration -Wdivision-by-zero -Wdeprecated-declarations -Wextra-tokens  -fno-common -pipe  conftest.c  -L. -L/Users/ilmira/.rvm/rubies/ruby-2.5.5/lib -L/usr/local/opt/libyaml/lib -L/usr/local/opt/libksba/lib -L/usr/local/opt/readline/lib -L/usr/local/opt/zlib/lib -L/usr/local/opt/openssl@1.1/lib -L. -fstack-protector -L/usr/local/lib -L/usr/local/opt/libyaml/lib -L/usr/local/opt/libksba/lib -L/usr/local/opt/readline/lib -L/usr/local/opt/zlib/lib -L/usr/local/opt/openssl@1.1/lib -L/opt/local/lib     -lssl -lcrypto -lruby.2.5.5  -lssl -lcrypto -lpthread -lgmp -ldl -lobjc "
conftest.c:13:57: error: use of undeclared identifier 'X509_REQ_get0_signature'
int t(void) { void ((*volatile p)()); p = (void ((*)()))X509_REQ_get0_signature; return !p; }
                                                        ^
1 error generated.
checked program was:
/* begin */
 1: #include "ruby.h"
 2: 
 3: /*top*/
 4: extern int t(void);
 5: int main(int argc, char **argv)
 6: {
 7:   if (argc > 1000000) {
 8:     printf("%p", &t);
 9:   }
10: 
11:   return 0;
12: }
13: int t(void) { void ((*volatile p)()); p = (void ((*)()))X509_REQ_get0_signature; return !p; }
/* end */

"gcc -o conftest -I/Users/ilmira/.rvm/rubies/ruby-2.5.5/include/ruby-2.5.0/x86_64-darwin17 -I/Users/ilmira/.rvm/rubies/ruby-2.5.5/include/ruby-2.5.0/ruby/backward -I/Users/ilmira/.rvm/rubies/ruby-2.5.5/include/ruby-2.5.0 -I. -I/opt/local/include  -I/usr/local/opt/libyaml/include -I/usr/local/opt/libksba/include -I/usr/local/opt/readline/include -I/usr/local/opt/zlib/include -I/usr/local/opt/openssl@1.1/include -D_XOPEN_SOURCE -D_DARWIN_C_SOURCE -D_DARWIN_UNLIMITED_SELECT -D_REENTRANT   -O3 -ggdb3 -Wall -Wextra -Wno-unused-parameter -Wno-parentheses -Wno-long-long -Wno-missing-field-initializers -Wno-tautological-compare -Wno-parentheses-equality -Wno-constant-logical-operand -Wno-self-assign -Wunused-variable -Wimplicit-int -Wpointer-arith -Wwrite-strings -Wdeclaration-after-statement -Wshorten-64-to-32 -Wimplicit-function-declaration -Wdivision-by-zero -Wdeprecated-declarations -Wextra-tokens  -fno-common -pipe  conftest.c  -L. -L/Users/ilmira/.rvm/rubies/ruby-2.5.5/lib -L/usr/local/opt/libyaml/lib -L/usr/local/opt/libksba/lib -L/usr/local/opt/readline/lib -L/usr/local/opt/zlib/lib -L/usr/local/opt/openssl@1.1/lib -L. -fstack-protector -L/usr/local/lib -L/usr/local/opt/libyaml/lib -L/usr/local/opt/libksba/lib -L/usr/local/opt/readline/lib -L/usr/local/opt/zlib/lib -L/usr/local/opt/openssl@1.1/lib -L/opt/local/lib     -lssl -lcrypto -lruby.2.5.5  -lssl -lcrypto -lpthread -lgmp -ldl -lobjc "
checked program was:
/* begin */
 1: #include "ruby.h"
 2: 
 3: /*top*/
 4: extern int t(void);
 5: int main(int argc, char **argv)
 6: {
 7:   if (argc > 1000000) {
 8:     printf("%p", &t);
 9:   }
10: 
11:   return 0;
12: }
13: extern void X509_REQ_get0_signature();
14: int t(void) { X509_REQ_get0_signature(); return 0; }
/* end */

--------------------

have_func: checking for X509_REVOKED_get0_serialNumber()... -------------------- yes

"gcc -o conftest -I/Users/ilmira/.rvm/rubies/ruby-2.5.5/include/ruby-2.5.0/x86_64-darwin17 -I/Users/ilmira/.rvm/rubies/ruby-2.5.5/include/ruby-2.5.0/ruby/backward -I/Users/ilmira/.rvm/rubies/ruby-2.5.5/include/ruby-2.5.0 -I. -I/opt/local/include  -I/usr/local/opt/libyaml/include -I/usr/local/opt/libksba/include -I/usr/local/opt/readline/include -I/usr/local/opt/zlib/include -I/usr/local/opt/openssl@1.1/include -D_XOPEN_SOURCE -D_DARWIN_C_SOURCE -D_DARWIN_UNLIMITED_SELECT -D_REENTRANT   -O3 -ggdb3 -Wall -Wextra -Wno-unused-parameter -Wno-parentheses -Wno-long-long -Wno-missing-field-initializers -Wno-tautological-compare -Wno-parentheses-equality -Wno-constant-logical-operand -Wno-self-assign -Wunused-variable -Wimplicit-int -Wpointer-arith -Wwrite-strings -Wdeclaration-after-statement -Wshorten-64-to-32 -Wimplicit-function-declaration -Wdivision-by-zero -Wdeprecated-declarations -Wextra-tokens  -fno-common -pipe  conftest.c  -L. -L/Users/ilmira/.rvm/rubies/ruby-2.5.5/lib -L/usr/local/opt/libyaml/lib -L/usr/local/opt/libksba/lib -L/usr/local/opt/readline/lib -L/usr/local/opt/zlib/lib -L/usr/local/opt/openssl@1.1/lib -L. -fstack-protector -L/usr/local/lib -L/usr/local/opt/libyaml/lib -L/usr/local/opt/libksba/lib -L/usr/local/opt/readline/lib -L/usr/local/opt/zlib/lib -L/usr/local/opt/openssl@1.1/lib -L/opt/local/lib     -lssl -lcrypto -lruby.2.5.5  -lssl -lcrypto -lpthread -lgmp -ldl -lobjc "
conftest.c:13:57: error: use of undeclared identifier 'X509_REVOKED_get0_serialNumber'
int t(void) { void ((*volatile p)()); p = (void ((*)()))X509_REVOKED_get0_serialNumber; return !p; }
                                                        ^
1 error generated.
checked program was:
/* begin */
 1: #include "ruby.h"
 2: 
 3: /*top*/
 4: extern int t(void);
 5: int main(int argc, char **argv)
 6: {
 7:   if (argc > 1000000) {
 8:     printf("%p", &t);
 9:   }
10: 
11:   return 0;
12: }
13: int t(void) { void ((*volatile p)()); p = (void ((*)()))X509_REVOKED_get0_serialNumber; return !p; }
/* end */

"gcc -o conftest -I/Users/ilmira/.rvm/rubies/ruby-2.5.5/include/ruby-2.5.0/x86_64-darwin17 -I/Users/ilmira/.rvm/rubies/ruby-2.5.5/include/ruby-2.5.0/ruby/backward -I/Users/ilmira/.rvm/rubies/ruby-2.5.5/include/ruby-2.5.0 -I. -I/opt/local/include  -I/usr/local/opt/libyaml/include -I/usr/local/opt/libksba/include -I/usr/local/opt/readline/include -I/usr/local/opt/zlib/include -I/usr/local/opt/openssl@1.1/include -D_XOPEN_SOURCE -D_DARWIN_C_SOURCE -D_DARWIN_UNLIMITED_SELECT -D_REENTRANT   -O3 -ggdb3 -Wall -Wextra -Wno-unused-parameter -Wno-parentheses -Wno-long-long -Wno-missing-field-initializers -Wno-tautological-compare -Wno-parentheses-equality -Wno-constant-logical-operand -Wno-self-assign -Wunused-variable -Wimplicit-int -Wpointer-arith -Wwrite-strings -Wdeclaration-after-statement -Wshorten-64-to-32 -Wimplicit-function-declaration -Wdivision-by-zero -Wdeprecated-declarations -Wextra-tokens  -fno-common -pipe  conftest.c  -L. -L/Users/ilmira/.rvm/rubies/ruby-2.5.5/lib -L/usr/local/opt/libyaml/lib -L/usr/local/opt/libksba/lib -L/usr/local/opt/readline/lib -L/usr/local/opt/zlib/lib -L/usr/local/opt/openssl@1.1/lib -L. -fstack-protector -L/usr/local/lib -L/usr/local/opt/libyaml/lib -L/usr/local/opt/libksba/lib -L/usr/local/opt/readline/lib -L/usr/local/opt/zlib/lib -L/usr/local/opt/openssl@1.1/lib -L/opt/local/lib     -lssl -lcrypto -lruby.2.5.5  -lssl -lcrypto -lpthread -lgmp -ldl -lobjc "
checked program was:
/* begin */
 1: #include "ruby.h"
 2: 
 3: /*top*/
 4: extern int t(void);
 5: int main(int argc, char **argv)
 6: {
 7:   if (argc > 1000000) {
 8:     printf("%p", &t);
 9:   }
10: 
11:   return 0;
12: }
13: extern void X509_REVOKED_get0_serialNumber();
14: int t(void) { X509_REVOKED_get0_serialNumber(); return 0; }
/* end */

--------------------

have_func: checking for X509_REVOKED_get0_revocationDate()... -------------------- yes

"gcc -o conftest -I/Users/ilmira/.rvm/rubies/ruby-2.5.5/include/ruby-2.5.0/x86_64-darwin17 -I/Users/ilmira/.rvm/rubies/ruby-2.5.5/include/ruby-2.5.0/ruby/backward -I/Users/ilmira/.rvm/rubies/ruby-2.5.5/include/ruby-2.5.0 -I. -I/opt/local/include  -I/usr/local/opt/libyaml/include -I/usr/local/opt/libksba/include -I/usr/local/opt/readline/include -I/usr/local/opt/zlib/include -I/usr/local/opt/openssl@1.1/include -D_XOPEN_SOURCE -D_DARWIN_C_SOURCE -D_DARWIN_UNLIMITED_SELECT -D_REENTRANT   -O3 -ggdb3 -Wall -Wextra -Wno-unused-parameter -Wno-parentheses -Wno-long-long -Wno-missing-field-initializers -Wno-tautological-compare -Wno-parentheses-equality -Wno-constant-logical-operand -Wno-self-assign -Wunused-variable -Wimplicit-int -Wpointer-arith -Wwrite-strings -Wdeclaration-after-statement -Wshorten-64-to-32 -Wimplicit-function-declaration -Wdivision-by-zero -Wdeprecated-declarations -Wextra-tokens  -fno-common -pipe  conftest.c  -L. -L/Users/ilmira/.rvm/rubies/ruby-2.5.5/lib -L/usr/local/opt/libyaml/lib -L/usr/local/opt/libksba/lib -L/usr/local/opt/readline/lib -L/usr/local/opt/zlib/lib -L/usr/local/opt/openssl@1.1/lib -L. -fstack-protector -L/usr/local/lib -L/usr/local/opt/libyaml/lib -L/usr/local/opt/libksba/lib -L/usr/local/opt/readline/lib -L/usr/local/opt/zlib/lib -L/usr/local/opt/openssl@1.1/lib -L/opt/local/lib     -lssl -lcrypto -lruby.2.5.5  -lssl -lcrypto -lpthread -lgmp -ldl -lobjc "
conftest.c:13:57: error: use of undeclared identifier 'X509_REVOKED_get0_revocationDate'
int t(void) { void ((*volatile p)()); p = (void ((*)()))X509_REVOKED_get0_revocationDate; return !p; }
                                                        ^
1 error generated.
checked program was:
/* begin */
 1: #include "ruby.h"
 2: 
 3: /*top*/
 4: extern int t(void);
 5: int main(int argc, char **argv)
 6: {
 7:   if (argc > 1000000) {
 8:     printf("%p", &t);
 9:   }
10: 
11:   return 0;
12: }
13: int t(void) { void ((*volatile p)()); p = (void ((*)()))X509_REVOKED_get0_revocationDate; return !p; }
/* end */

"gcc -o conftest -I/Users/ilmira/.rvm/rubies/ruby-2.5.5/include/ruby-2.5.0/x86_64-darwin17 -I/Users/ilmira/.rvm/rubies/ruby-2.5.5/include/ruby-2.5.0/ruby/backward -I/Users/ilmira/.rvm/rubies/ruby-2.5.5/include/ruby-2.5.0 -I. -I/opt/local/include  -I/usr/local/opt/libyaml/include -I/usr/local/opt/libksba/include -I/usr/local/opt/readline/include -I/usr/local/opt/zlib/include -I/usr/local/opt/openssl@1.1/include -D_XOPEN_SOURCE -D_DARWIN_C_SOURCE -D_DARWIN_UNLIMITED_SELECT -D_REENTRANT   -O3 -ggdb3 -Wall -Wextra -Wno-unused-parameter -Wno-parentheses -Wno-long-long -Wno-missing-field-initializers -Wno-tautological-compare -Wno-parentheses-equality -Wno-constant-logical-operand -Wno-self-assign -Wunused-variable -Wimplicit-int -Wpointer-arith -Wwrite-strings -Wdeclaration-after-statement -Wshorten-64-to-32 -Wimplicit-function-declaration -Wdivision-by-zero -Wdeprecated-declarations -Wextra-tokens  -fno-common -pipe  conftest.c  -L. -L/Users/ilmira/.rvm/rubies/ruby-2.5.5/lib -L/usr/local/opt/libyaml/lib -L/usr/local/opt/libksba/lib -L/usr/local/opt/readline/lib -L/usr/local/opt/zlib/lib -L/usr/local/opt/openssl@1.1/lib -L. -fstack-protector -L/usr/local/lib -L/usr/local/opt/libyaml/lib -L/usr/local/opt/libksba/lib -L/usr/local/opt/readline/lib -L/usr/local/opt/zlib/lib -L/usr/local/opt/openssl@1.1/lib -L/opt/local/lib     -lssl -lcrypto -lruby.2.5.5  -lssl -lcrypto -lpthread -lgmp -ldl -lobjc "
checked program was:
/* begin */
 1: #include "ruby.h"
 2: 
 3: /*top*/
 4: extern int t(void);
 5: int main(int argc, char **argv)
 6: {
 7:   if (argc > 1000000) {
 8:     printf("%p", &t);
 9:   }
10: 
11:   return 0;
12: }
13: extern void X509_REVOKED_get0_revocationDate();
14: int t(void) { X509_REVOKED_get0_revocationDate(); return 0; }
/* end */

--------------------

have_func: checking for X509_get0_tbs_sigalg()... -------------------- yes

"gcc -o conftest -I/Users/ilmira/.rvm/rubies/ruby-2.5.5/include/ruby-2.5.0/x86_64-darwin17 -I/Users/ilmira/.rvm/rubies/ruby-2.5.5/include/ruby-2.5.0/ruby/backward -I/Users/ilmira/.rvm/rubies/ruby-2.5.5/include/ruby-2.5.0 -I. -I/opt/local/include  -I/usr/local/opt/libyaml/include -I/usr/local/opt/libksba/include -I/usr/local/opt/readline/include -I/usr/local/opt/zlib/include -I/usr/local/opt/openssl@1.1/include -D_XOPEN_SOURCE -D_DARWIN_C_SOURCE -D_DARWIN_UNLIMITED_SELECT -D_REENTRANT   -O3 -ggdb3 -Wall -Wextra -Wno-unused-parameter -Wno-parentheses -Wno-long-long -Wno-missing-field-initializers -Wno-tautological-compare -Wno-parentheses-equality -Wno-constant-logical-operand -Wno-self-assign -Wunused-variable -Wimplicit-int -Wpointer-arith -Wwrite-strings -Wdeclaration-after-statement -Wshorten-64-to-32 -Wimplicit-function-declaration -Wdivision-by-zero -Wdeprecated-declarations -Wextra-tokens  -fno-common -pipe  conftest.c  -L. -L/Users/ilmira/.rvm/rubies/ruby-2.5.5/lib -L/usr/local/opt/libyaml/lib -L/usr/local/opt/libksba/lib -L/usr/local/opt/readline/lib -L/usr/local/opt/zlib/lib -L/usr/local/opt/openssl@1.1/lib -L. -fstack-protector -L/usr/local/lib -L/usr/local/opt/libyaml/lib -L/usr/local/opt/libksba/lib -L/usr/local/opt/readline/lib -L/usr/local/opt/zlib/lib -L/usr/local/opt/openssl@1.1/lib -L/opt/local/lib     -lssl -lcrypto -lruby.2.5.5  -lssl -lcrypto -lpthread -lgmp -ldl -lobjc "
conftest.c:13:57: error: use of undeclared identifier 'X509_get0_tbs_sigalg'
int t(void) { void ((*volatile p)()); p = (void ((*)()))X509_get0_tbs_sigalg; return !p; }
                                                        ^
1 error generated.
checked program was:
/* begin */
 1: #include "ruby.h"
 2: 
 3: /*top*/
 4: extern int t(void);
 5: int main(int argc, char **argv)
 6: {
 7:   if (argc > 1000000) {
 8:     printf("%p", &t);
 9:   }
10: 
11:   return 0;
12: }
13: int t(void) { void ((*volatile p)()); p = (void ((*)()))X509_get0_tbs_sigalg; return !p; }
/* end */

"gcc -o conftest -I/Users/ilmira/.rvm/rubies/ruby-2.5.5/include/ruby-2.5.0/x86_64-darwin17 -I/Users/ilmira/.rvm/rubies/ruby-2.5.5/include/ruby-2.5.0/ruby/backward -I/Users/ilmira/.rvm/rubies/ruby-2.5.5/include/ruby-2.5.0 -I. -I/opt/local/include  -I/usr/local/opt/libyaml/include -I/usr/local/opt/libksba/include -I/usr/local/opt/readline/include -I/usr/local/opt/zlib/include -I/usr/local/opt/openssl@1.1/include -D_XOPEN_SOURCE -D_DARWIN_C_SOURCE -D_DARWIN_UNLIMITED_SELECT -D_REENTRANT   -O3 -ggdb3 -Wall -Wextra -Wno-unused-parameter -Wno-parentheses -Wno-long-long -Wno-missing-field-initializers -Wno-tautological-compare -Wno-parentheses-equality -Wno-constant-logical-operand -Wno-self-assign -Wunused-variable -Wimplicit-int -Wpointer-arith -Wwrite-strings -Wdeclaration-after-statement -Wshorten-64-to-32 -Wimplicit-function-declaration -Wdivision-by-zero -Wdeprecated-declarations -Wextra-tokens  -fno-common -pipe  conftest.c  -L. -L/Users/ilmira/.rvm/rubies/ruby-2.5.5/lib -L/usr/local/opt/libyaml/lib -L/usr/local/opt/libksba/lib -L/usr/local/opt/readline/lib -L/usr/local/opt/zlib/lib -L/usr/local/opt/openssl@1.1/lib -L. -fstack-protector -L/usr/local/lib -L/usr/local/opt/libyaml/lib -L/usr/local/opt/libksba/lib -L/usr/local/opt/readline/lib -L/usr/local/opt/zlib/lib -L/usr/local/opt/openssl@1.1/lib -L/opt/local/lib     -lssl -lcrypto -lruby.2.5.5  -lssl -lcrypto -lpthread -lgmp -ldl -lobjc "
checked program was:
/* begin */
 1: #include "ruby.h"
 2: 
 3: /*top*/
 4: extern int t(void);
 5: int main(int argc, char **argv)
 6: {
 7:   if (argc > 1000000) {
 8:     printf("%p", &t);
 9:   }
10: 
11:   return 0;
12: }
13: extern void X509_get0_tbs_sigalg();
14: int t(void) { X509_get0_tbs_sigalg(); return 0; }
/* end */

--------------------

have_func: checking for X509_STORE_CTX_get0_untrusted()... -------------------- yes

"gcc -o conftest -I/Users/ilmira/.rvm/rubies/ruby-2.5.5/include/ruby-2.5.0/x86_64-darwin17 -I/Users/ilmira/.rvm/rubies/ruby-2.5.5/include/ruby-2.5.0/ruby/backward -I/Users/ilmira/.rvm/rubies/ruby-2.5.5/include/ruby-2.5.0 -I. -I/opt/local/include  -I/usr/local/opt/libyaml/include -I/usr/local/opt/libksba/include -I/usr/local/opt/readline/include -I/usr/local/opt/zlib/include -I/usr/local/opt/openssl@1.1/include -D_XOPEN_SOURCE -D_DARWIN_C_SOURCE -D_DARWIN_UNLIMITED_SELECT -D_REENTRANT   -O3 -ggdb3 -Wall -Wextra -Wno-unused-parameter -Wno-parentheses -Wno-long-long -Wno-missing-field-initializers -Wno-tautological-compare -Wno-parentheses-equality -Wno-constant-logical-operand -Wno-self-assign -Wunused-variable -Wimplicit-int -Wpointer-arith -Wwrite-strings -Wdeclaration-after-statement -Wshorten-64-to-32 -Wimplicit-function-declaration -Wdivision-by-zero -Wdeprecated-declarations -Wextra-tokens  -fno-common -pipe  conftest.c  -L. -L/Users/ilmira/.rvm/rubies/ruby-2.5.5/lib -L/usr/local/opt/libyaml/lib -L/usr/local/opt/libksba/lib -L/usr/local/opt/readline/lib -L/usr/local/opt/zlib/lib -L/usr/local/opt/openssl@1.1/lib -L. -fstack-protector -L/usr/local/lib -L/usr/local/opt/libyaml/lib -L/usr/local/opt/libksba/lib -L/usr/local/opt/readline/lib -L/usr/local/opt/zlib/lib -L/usr/local/opt/openssl@1.1/lib -L/opt/local/lib     -lssl -lcrypto -lruby.2.5.5  -lssl -lcrypto -lpthread -lgmp -ldl -lobjc "
conftest.c:13:57: error: use of undeclared identifier 'X509_STORE_CTX_get0_untrusted'
int t(void) { void ((*volatile p)()); p = (void ((*)()))X509_STORE_CTX_get0_untrusted; return !p; }
                                                        ^
1 error generated.
checked program was:
/* begin */
 1: #include "ruby.h"
 2: 
 3: /*top*/
 4: extern int t(void);
 5: int main(int argc, char **argv)
 6: {
 7:   if (argc > 1000000) {
 8:     printf("%p", &t);
 9:   }
10: 
11:   return 0;
12: }
13: int t(void) { void ((*volatile p)()); p = (void ((*)()))X509_STORE_CTX_get0_untrusted; return !p; }
/* end */

"gcc -o conftest -I/Users/ilmira/.rvm/rubies/ruby-2.5.5/include/ruby-2.5.0/x86_64-darwin17 -I/Users/ilmira/.rvm/rubies/ruby-2.5.5/include/ruby-2.5.0/ruby/backward -I/Users/ilmira/.rvm/rubies/ruby-2.5.5/include/ruby-2.5.0 -I. -I/opt/local/include  -I/usr/local/opt/libyaml/include -I/usr/local/opt/libksba/include -I/usr/local/opt/readline/include -I/usr/local/opt/zlib/include -I/usr/local/opt/openssl@1.1/include -D_XOPEN_SOURCE -D_DARWIN_C_SOURCE -D_DARWIN_UNLIMITED_SELECT -D_REENTRANT   -O3 -ggdb3 -Wall -Wextra -Wno-unused-parameter -Wno-parentheses -Wno-long-long -Wno-missing-field-initializers -Wno-tautological-compare -Wno-parentheses-equality -Wno-constant-logical-operand -Wno-self-assign -Wunused-variable -Wimplicit-int -Wpointer-arith -Wwrite-strings -Wdeclaration-after-statement -Wshorten-64-to-32 -Wimplicit-function-declaration -Wdivision-by-zero -Wdeprecated-declarations -Wextra-tokens  -fno-common -pipe  conftest.c  -L. -L/Users/ilmira/.rvm/rubies/ruby-2.5.5/lib -L/usr/local/opt/libyaml/lib -L/usr/local/opt/libksba/lib -L/usr/local/opt/readline/lib -L/usr/local/opt/zlib/lib -L/usr/local/opt/openssl@1.1/lib -L. -fstack-protector -L/usr/local/lib -L/usr/local/opt/libyaml/lib -L/usr/local/opt/libksba/lib -L/usr/local/opt/readline/lib -L/usr/local/opt/zlib/lib -L/usr/local/opt/openssl@1.1/lib -L/opt/local/lib     -lssl -lcrypto -lruby.2.5.5  -lssl -lcrypto -lpthread -lgmp -ldl -lobjc "
checked program was:
/* begin */
 1: #include "ruby.h"
 2: 
 3: /*top*/
 4: extern int t(void);
 5: int main(int argc, char **argv)
 6: {
 7:   if (argc > 1000000) {
 8:     printf("%p", &t);
 9:   }
10: 
11:   return 0;
12: }
13: extern void X509_STORE_CTX_get0_untrusted();
14: int t(void) { X509_STORE_CTX_get0_untrusted(); return 0; }
/* end */

--------------------

have_func: checking for X509_STORE_CTX_get0_cert()... -------------------- yes

"gcc -o conftest -I/Users/ilmira/.rvm/rubies/ruby-2.5.5/include/ruby-2.5.0/x86_64-darwin17 -I/Users/ilmira/.rvm/rubies/ruby-2.5.5/include/ruby-2.5.0/ruby/backward -I/Users/ilmira/.rvm/rubies/ruby-2.5.5/include/ruby-2.5.0 -I. -I/opt/local/include  -I/usr/local/opt/libyaml/include -I/usr/local/opt/libksba/include -I/usr/local/opt/readline/include -I/usr/local/opt/zlib/include -I/usr/local/opt/openssl@1.1/include -D_XOPEN_SOURCE -D_DARWIN_C_SOURCE -D_DARWIN_UNLIMITED_SELECT -D_REENTRANT   -O3 -ggdb3 -Wall -Wextra -Wno-unused-parameter -Wno-parentheses -Wno-long-long -Wno-missing-field-initializers -Wno-tautological-compare -Wno-parentheses-equality -Wno-constant-logical-operand -Wno-self-assign -Wunused-variable -Wimplicit-int -Wpointer-arith -Wwrite-strings -Wdeclaration-after-statement -Wshorten-64-to-32 -Wimplicit-function-declaration -Wdivision-by-zero -Wdeprecated-declarations -Wextra-tokens  -fno-common -pipe  conftest.c  -L. -L/Users/ilmira/.rvm/rubies/ruby-2.5.5/lib -L/usr/local/opt/libyaml/lib -L/usr/local/opt/libksba/lib -L/usr/local/opt/readline/lib -L/usr/local/opt/zlib/lib -L/usr/local/opt/openssl@1.1/lib -L. -fstack-protector -L/usr/local/lib -L/usr/local/opt/libyaml/lib -L/usr/local/opt/libksba/lib -L/usr/local/opt/readline/lib -L/usr/local/opt/zlib/lib -L/usr/local/opt/openssl@1.1/lib -L/opt/local/lib     -lssl -lcrypto -lruby.2.5.5  -lssl -lcrypto -lpthread -lgmp -ldl -lobjc "
conftest.c:13:57: error: use of undeclared identifier 'X509_STORE_CTX_get0_cert'
int t(void) { void ((*volatile p)()); p = (void ((*)()))X509_STORE_CTX_get0_cert; return !p; }
                                                        ^
1 error generated.
checked program was:
/* begin */
 1: #include "ruby.h"
 2: 
 3: /*top*/
 4: extern int t(void);
 5: int main(int argc, char **argv)
 6: {
 7:   if (argc > 1000000) {
 8:     printf("%p", &t);
 9:   }
10: 
11:   return 0;
12: }
13: int t(void) { void ((*volatile p)()); p = (void ((*)()))X509_STORE_CTX_get0_cert; return !p; }
/* end */

"gcc -o conftest -I/Users/ilmira/.rvm/rubies/ruby-2.5.5/include/ruby-2.5.0/x86_64-darwin17 -I/Users/ilmira/.rvm/rubies/ruby-2.5.5/include/ruby-2.5.0/ruby/backward -I/Users/ilmira/.rvm/rubies/ruby-2.5.5/include/ruby-2.5.0 -I. -I/opt/local/include  -I/usr/local/opt/libyaml/include -I/usr/local/opt/libksba/include -I/usr/local/opt/readline/include -I/usr/local/opt/zlib/include -I/usr/local/opt/openssl@1.1/include -D_XOPEN_SOURCE -D_DARWIN_C_SOURCE -D_DARWIN_UNLIMITED_SELECT -D_REENTRANT   -O3 -ggdb3 -Wall -Wextra -Wno-unused-parameter -Wno-parentheses -Wno-long-long -Wno-missing-field-initializers -Wno-tautological-compare -Wno-parentheses-equality -Wno-constant-logical-operand -Wno-self-assign -Wunused-variable -Wimplicit-int -Wpointer-arith -Wwrite-strings -Wdeclaration-after-statement -Wshorten-64-to-32 -Wimplicit-function-declaration -Wdivision-by-zero -Wdeprecated-declarations -Wextra-tokens  -fno-common -pipe  conftest.c  -L. -L/Users/ilmira/.rvm/rubies/ruby-2.5.5/lib -L/usr/local/opt/libyaml/lib -L/usr/local/opt/libksba/lib -L/usr/local/opt/readline/lib -L/usr/local/opt/zlib/lib -L/usr/local/opt/openssl@1.1/lib -L. -fstack-protector -L/usr/local/lib -L/usr/local/opt/libyaml/lib -L/usr/local/opt/libksba/lib -L/usr/local/opt/readline/lib -L/usr/local/opt/zlib/lib -L/usr/local/opt/openssl@1.1/lib -L/opt/local/lib     -lssl -lcrypto -lruby.2.5.5  -lssl -lcrypto -lpthread -lgmp -ldl -lobjc "
checked program was:
/* begin */
 1: #include "ruby.h"
 2: 
 3: /*top*/
 4: extern int t(void);
 5: int main(int argc, char **argv)
 6: {
 7:   if (argc > 1000000) {
 8:     printf("%p", &t);
 9:   }
10: 
11:   return 0;
12: }
13: extern void X509_STORE_CTX_get0_cert();
14: int t(void) { X509_STORE_CTX_get0_cert(); return 0; }
/* end */

--------------------

have_func: checking for X509_STORE_CTX_get0_chain()... -------------------- yes

"gcc -o conftest -I/Users/ilmira/.rvm/rubies/ruby-2.5.5/include/ruby-2.5.0/x86_64-darwin17 -I/Users/ilmira/.rvm/rubies/ruby-2.5.5/include/ruby-2.5.0/ruby/backward -I/Users/ilmira/.rvm/rubies/ruby-2.5.5/include/ruby-2.5.0 -I. -I/opt/local/include  -I/usr/local/opt/libyaml/include -I/usr/local/opt/libksba/include -I/usr/local/opt/readline/include -I/usr/local/opt/zlib/include -I/usr/local/opt/openssl@1.1/include -D_XOPEN_SOURCE -D_DARWIN_C_SOURCE -D_DARWIN_UNLIMITED_SELECT -D_REENTRANT   -O3 -ggdb3 -Wall -Wextra -Wno-unused-parameter -Wno-parentheses -Wno-long-long -Wno-missing-field-initializers -Wno-tautological-compare -Wno-parentheses-equality -Wno-constant-logical-operand -Wno-self-assign -Wunused-variable -Wimplicit-int -Wpointer-arith -Wwrite-strings -Wdeclaration-after-statement -Wshorten-64-to-32 -Wimplicit-function-declaration -Wdivision-by-zero -Wdeprecated-declarations -Wextra-tokens  -fno-common -pipe  conftest.c  -L. -L/Users/ilmira/.rvm/rubies/ruby-2.5.5/lib -L/usr/local/opt/libyaml/lib -L/usr/local/opt/libksba/lib -L/usr/local/opt/readline/lib -L/usr/local/opt/zlib/lib -L/usr/local/opt/openssl@1.1/lib -L. -fstack-protector -L/usr/local/lib -L/usr/local/opt/libyaml/lib -L/usr/local/opt/libksba/lib -L/usr/local/opt/readline/lib -L/usr/local/opt/zlib/lib -L/usr/local/opt/openssl@1.1/lib -L/opt/local/lib     -lssl -lcrypto -lruby.2.5.5  -lssl -lcrypto -lpthread -lgmp -ldl -lobjc "
conftest.c:13:57: error: use of undeclared identifier 'X509_STORE_CTX_get0_chain'
int t(void) { void ((*volatile p)()); p = (void ((*)()))X509_STORE_CTX_get0_chain; return !p; }
                                                        ^
1 error generated.
checked program was:
/* begin */
 1: #include "ruby.h"
 2: 
 3: /*top*/
 4: extern int t(void);
 5: int main(int argc, char **argv)
 6: {
 7:   if (argc > 1000000) {
 8:     printf("%p", &t);
 9:   }
10: 
11:   return 0;
12: }
13: int t(void) { void ((*volatile p)()); p = (void ((*)()))X509_STORE_CTX_get0_chain; return !p; }
/* end */

"gcc -o conftest -I/Users/ilmira/.rvm/rubies/ruby-2.5.5/include/ruby-2.5.0/x86_64-darwin17 -I/Users/ilmira/.rvm/rubies/ruby-2.5.5/include/ruby-2.5.0/ruby/backward -I/Users/ilmira/.rvm/rubies/ruby-2.5.5/include/ruby-2.5.0 -I. -I/opt/local/include  -I/usr/local/opt/libyaml/include -I/usr/local/opt/libksba/include -I/usr/local/opt/readline/include -I/usr/local/opt/zlib/include -I/usr/local/opt/openssl@1.1/include -D_XOPEN_SOURCE -D_DARWIN_C_SOURCE -D_DARWIN_UNLIMITED_SELECT -D_REENTRANT   -O3 -ggdb3 -Wall -Wextra -Wno-unused-parameter -Wno-parentheses -Wno-long-long -Wno-missing-field-initializers -Wno-tautological-compare -Wno-parentheses-equality -Wno-constant-logical-operand -Wno-self-assign -Wunused-variable -Wimplicit-int -Wpointer-arith -Wwrite-strings -Wdeclaration-after-statement -Wshorten-64-to-32 -Wimplicit-function-declaration -Wdivision-by-zero -Wdeprecated-declarations -Wextra-tokens  -fno-common -pipe  conftest.c  -L. -L/Users/ilmira/.rvm/rubies/ruby-2.5.5/lib -L/usr/local/opt/libyaml/lib -L/usr/local/opt/libksba/lib -L/usr/local/opt/readline/lib -L/usr/local/opt/zlib/lib -L/usr/local/opt/openssl@1.1/lib -L. -fstack-protector -L/usr/local/lib -L/usr/local/opt/libyaml/lib -L/usr/local/opt/libksba/lib -L/usr/local/opt/readline/lib -L/usr/local/opt/zlib/lib -L/usr/local/opt/openssl@1.1/lib -L/opt/local/lib     -lssl -lcrypto -lruby.2.5.5  -lssl -lcrypto -lpthread -lgmp -ldl -lobjc "
checked program was:
/* begin */
 1: #include "ruby.h"
 2: 
 3: /*top*/
 4: extern int t(void);
 5: int main(int argc, char **argv)
 6: {
 7:   if (argc > 1000000) {
 8:     printf("%p", &t);
 9:   }
10: 
11:   return 0;
12: }
13: extern void X509_STORE_CTX_get0_chain();
14: int t(void) { X509_STORE_CTX_get0_chain(); return 0; }
/* end */

--------------------

have_func: checking for OCSP_SINGLERESP_get0_id()... -------------------- yes

"gcc -o conftest -I/Users/ilmira/.rvm/rubies/ruby-2.5.5/include/ruby-2.5.0/x86_64-darwin17 -I/Users/ilmira/.rvm/rubies/ruby-2.5.5/include/ruby-2.5.0/ruby/backward -I/Users/ilmira/.rvm/rubies/ruby-2.5.5/include/ruby-2.5.0 -I. -I/opt/local/include  -I/usr/local/opt/libyaml/include -I/usr/local/opt/libksba/include -I/usr/local/opt/readline/include -I/usr/local/opt/zlib/include -I/usr/local/opt/openssl@1.1/include -D_XOPEN_SOURCE -D_DARWIN_C_SOURCE -D_DARWIN_UNLIMITED_SELECT -D_REENTRANT   -O3 -ggdb3 -Wall -Wextra -Wno-unused-parameter -Wno-parentheses -Wno-long-long -Wno-missing-field-initializers -Wno-tautological-compare -Wno-parentheses-equality -Wno-constant-logical-operand -Wno-self-assign -Wunused-variable -Wimplicit-int -Wpointer-arith -Wwrite-strings -Wdeclaration-after-statement -Wshorten-64-to-32 -Wimplicit-function-declaration -Wdivision-by-zero -Wdeprecated-declarations -Wextra-tokens  -fno-common -pipe  conftest.c  -L. -L/Users/ilmira/.rvm/rubies/ruby-2.5.5/lib -L/usr/local/opt/libyaml/lib -L/usr/local/opt/libksba/lib -L/usr/local/opt/readline/lib -L/usr/local/opt/zlib/lib -L/usr/local/opt/openssl@1.1/lib -L. -fstack-protector -L/usr/local/lib -L/usr/local/opt/libyaml/lib -L/usr/local/opt/libksba/lib -L/usr/local/opt/readline/lib -L/usr/local/opt/zlib/lib -L/usr/local/opt/openssl@1.1/lib -L/opt/local/lib     -lssl -lcrypto -lruby.2.5.5  -lssl -lcrypto -lpthread -lgmp -ldl -lobjc "
conftest.c:13:57: error: use of undeclared identifier 'OCSP_SINGLERESP_get0_id'
int t(void) { void ((*volatile p)()); p = (void ((*)()))OCSP_SINGLERESP_get0_id; return !p; }
                                                        ^
1 error generated.
checked program was:
/* begin */
 1: #include "ruby.h"
 2: 
 3: /*top*/
 4: extern int t(void);
 5: int main(int argc, char **argv)
 6: {
 7:   if (argc > 1000000) {
 8:     printf("%p", &t);
 9:   }
10: 
11:   return 0;
12: }
13: int t(void) { void ((*volatile p)()); p = (void ((*)()))OCSP_SINGLERESP_get0_id; return !p; }
/* end */

"gcc -o conftest -I/Users/ilmira/.rvm/rubies/ruby-2.5.5/include/ruby-2.5.0/x86_64-darwin17 -I/Users/ilmira/.rvm/rubies/ruby-2.5.5/include/ruby-2.5.0/ruby/backward -I/Users/ilmira/.rvm/rubies/ruby-2.5.5/include/ruby-2.5.0 -I. -I/opt/local/include  -I/usr/local/opt/libyaml/include -I/usr/local/opt/libksba/include -I/usr/local/opt/readline/include -I/usr/local/opt/zlib/include -I/usr/local/opt/openssl@1.1/include -D_XOPEN_SOURCE -D_DARWIN_C_SOURCE -D_DARWIN_UNLIMITED_SELECT -D_REENTRANT   -O3 -ggdb3 -Wall -Wextra -Wno-unused-parameter -Wno-parentheses -Wno-long-long -Wno-missing-field-initializers -Wno-tautological-compare -Wno-parentheses-equality -Wno-constant-logical-operand -Wno-self-assign -Wunused-variable -Wimplicit-int -Wpointer-arith -Wwrite-strings -Wdeclaration-after-statement -Wshorten-64-to-32 -Wimplicit-function-declaration -Wdivision-by-zero -Wdeprecated-declarations -Wextra-tokens  -fno-common -pipe  conftest.c  -L. -L/Users/ilmira/.rvm/rubies/ruby-2.5.5/lib -L/usr/local/opt/libyaml/lib -L/usr/local/opt/libksba/lib -L/usr/local/opt/readline/lib -L/usr/local/opt/zlib/lib -L/usr/local/opt/openssl@1.1/lib -L. -fstack-protector -L/usr/local/lib -L/usr/local/opt/libyaml/lib -L/usr/local/opt/libksba/lib -L/usr/local/opt/readline/lib -L/usr/local/opt/zlib/lib -L/usr/local/opt/openssl@1.1/lib -L/opt/local/lib     -lssl -lcrypto -lruby.2.5.5  -lssl -lcrypto -lpthread -lgmp -ldl -lobjc "
checked program was:
/* begin */
 1: #include "ruby.h"
 2: 
 3: /*top*/
 4: extern int t(void);
 5: int main(int argc, char **argv)
 6: {
 7:   if (argc > 1000000) {
 8:     printf("%p", &t);
 9:   }
10: 
11:   return 0;
12: }
13: extern void OCSP_SINGLERESP_get0_id();
14: int t(void) { OCSP_SINGLERESP_get0_id(); return 0; }
/* end */

--------------------

have_func: checking for SSL_CTX_get_ciphers()... -------------------- yes

"gcc -o conftest -I/Users/ilmira/.rvm/rubies/ruby-2.5.5/include/ruby-2.5.0/x86_64-darwin17 -I/Users/ilmira/.rvm/rubies/ruby-2.5.5/include/ruby-2.5.0/ruby/backward -I/Users/ilmira/.rvm/rubies/ruby-2.5.5/include/ruby-2.5.0 -I. -I/opt/local/include  -I/usr/local/opt/libyaml/include -I/usr/local/opt/libksba/include -I/usr/local/opt/readline/include -I/usr/local/opt/zlib/include -I/usr/local/opt/openssl@1.1/include -D_XOPEN_SOURCE -D_DARWIN_C_SOURCE -D_DARWIN_UNLIMITED_SELECT -D_REENTRANT   -O3 -ggdb3 -Wall -Wextra -Wno-unused-parameter -Wno-parentheses -Wno-long-long -Wno-missing-field-initializers -Wno-tautological-compare -Wno-parentheses-equality -Wno-constant-logical-operand -Wno-self-assign -Wunused-variable -Wimplicit-int -Wpointer-arith -Wwrite-strings -Wdeclaration-after-statement -Wshorten-64-to-32 -Wimplicit-function-declaration -Wdivision-by-zero -Wdeprecated-declarations -Wextra-tokens  -fno-common -pipe  conftest.c  -L. -L/Users/ilmira/.rvm/rubies/ruby-2.5.5/lib -L/usr/local/opt/libyaml/lib -L/usr/local/opt/libksba/lib -L/usr/local/opt/readline/lib -L/usr/local/opt/zlib/lib -L/usr/local/opt/openssl@1.1/lib -L. -fstack-protector -L/usr/local/lib -L/usr/local/opt/libyaml/lib -L/usr/local/opt/libksba/lib -L/usr/local/opt/readline/lib -L/usr/local/opt/zlib/lib -L/usr/local/opt/openssl@1.1/lib -L/opt/local/lib     -lssl -lcrypto -lruby.2.5.5  -lssl -lcrypto -lpthread -lgmp -ldl -lobjc "
conftest.c:13:57: error: use of undeclared identifier 'SSL_CTX_get_ciphers'
int t(void) { void ((*volatile p)()); p = (void ((*)()))SSL_CTX_get_ciphers; return !p; }
                                                        ^
1 error generated.
checked program was:
/* begin */
 1: #include "ruby.h"
 2: 
 3: /*top*/
 4: extern int t(void);
 5: int main(int argc, char **argv)
 6: {
 7:   if (argc > 1000000) {
 8:     printf("%p", &t);
 9:   }
10: 
11:   return 0;
12: }
13: int t(void) { void ((*volatile p)()); p = (void ((*)()))SSL_CTX_get_ciphers; return !p; }
/* end */

"gcc -o conftest -I/Users/ilmira/.rvm/rubies/ruby-2.5.5/include/ruby-2.5.0/x86_64-darwin17 -I/Users/ilmira/.rvm/rubies/ruby-2.5.5/include/ruby-2.5.0/ruby/backward -I/Users/ilmira/.rvm/rubies/ruby-2.5.5/include/ruby-2.5.0 -I. -I/opt/local/include  -I/usr/local/opt/libyaml/include -I/usr/local/opt/libksba/include -I/usr/local/opt/readline/include -I/usr/local/opt/zlib/include -I/usr/local/opt/openssl@1.1/include -D_XOPEN_SOURCE -D_DARWIN_C_SOURCE -D_DARWIN_UNLIMITED_SELECT -D_REENTRANT   -O3 -ggdb3 -Wall -Wextra -Wno-unused-parameter -Wno-parentheses -Wno-long-long -Wno-missing-field-initializers -Wno-tautological-compare -Wno-parentheses-equality -Wno-constant-logical-operand -Wno-self-assign -Wunused-variable -Wimplicit-int -Wpointer-arith -Wwrite-strings -Wdeclaration-after-statement -Wshorten-64-to-32 -Wimplicit-function-declaration -Wdivision-by-zero -Wdeprecated-declarations -Wextra-tokens  -fno-common -pipe  conftest.c  -L. -L/Users/ilmira/.rvm/rubies/ruby-2.5.5/lib -L/usr/local/opt/libyaml/lib -L/usr/local/opt/libksba/lib -L/usr/local/opt/readline/lib -L/usr/local/opt/zlib/lib -L/usr/local/opt/openssl@1.1/lib -L. -fstack-protector -L/usr/local/lib -L/usr/local/opt/libyaml/lib -L/usr/local/opt/libksba/lib -L/usr/local/opt/readline/lib -L/usr/local/opt/zlib/lib -L/usr/local/opt/openssl@1.1/lib -L/opt/local/lib     -lssl -lcrypto -lruby.2.5.5  -lssl -lcrypto -lpthread -lgmp -ldl -lobjc "
checked program was:
/* begin */
 1: #include "ruby.h"
 2: 
 3: /*top*/
 4: extern int t(void);
 5: int main(int argc, char **argv)
 6: {
 7:   if (argc > 1000000) {
 8:     printf("%p", &t);
 9:   }
10: 
11:   return 0;
12: }
13: extern void SSL_CTX_get_ciphers();
14: int t(void) { SSL_CTX_get_ciphers(); return 0; }
/* end */

--------------------

have_func: checking for X509_up_ref()... -------------------- yes

"gcc -o conftest -I/Users/ilmira/.rvm/rubies/ruby-2.5.5/include/ruby-2.5.0/x86_64-darwin17 -I/Users/ilmira/.rvm/rubies/ruby-2.5.5/include/ruby-2.5.0/ruby/backward -I/Users/ilmira/.rvm/rubies/ruby-2.5.5/include/ruby-2.5.0 -I. -I/opt/local/include  -I/usr/local/opt/libyaml/include -I/usr/local/opt/libksba/include -I/usr/local/opt/readline/include -I/usr/local/opt/zlib/include -I/usr/local/opt/openssl@1.1/include -D_XOPEN_SOURCE -D_DARWIN_C_SOURCE -D_DARWIN_UNLIMITED_SELECT -D_REENTRANT   -O3 -ggdb3 -Wall -Wextra -Wno-unused-parameter -Wno-parentheses -Wno-long-long -Wno-missing-field-initializers -Wno-tautological-compare -Wno-parentheses-equality -Wno-constant-logical-operand -Wno-self-assign -Wunused-variable -Wimplicit-int -Wpointer-arith -Wwrite-strings -Wdeclaration-after-statement -Wshorten-64-to-32 -Wimplicit-function-declaration -Wdivision-by-zero -Wdeprecated-declarations -Wextra-tokens  -fno-common -pipe  conftest.c  -L. -L/Users/ilmira/.rvm/rubies/ruby-2.5.5/lib -L/usr/local/opt/libyaml/lib -L/usr/local/opt/libksba/lib -L/usr/local/opt/readline/lib -L/usr/local/opt/zlib/lib -L/usr/local/opt/openssl@1.1/lib -L. -fstack-protector -L/usr/local/lib -L/usr/local/opt/libyaml/lib -L/usr/local/opt/libksba/lib -L/usr/local/opt/readline/lib -L/usr/local/opt/zlib/lib -L/usr/local/opt/openssl@1.1/lib -L/opt/local/lib     -lssl -lcrypto -lruby.2.5.5  -lssl -lcrypto -lpthread -lgmp -ldl -lobjc "
conftest.c:13:57: error: use of undeclared identifier 'X509_up_ref'
int t(void) { void ((*volatile p)()); p = (void ((*)()))X509_up_ref; return !p; }
                                                        ^
1 error generated.
checked program was:
/* begin */
 1: #include "ruby.h"
 2: 
 3: /*top*/
 4: extern int t(void);
 5: int main(int argc, char **argv)
 6: {
 7:   if (argc > 1000000) {
 8:     printf("%p", &t);
 9:   }
10: 
11:   return 0;
12: }
13: int t(void) { void ((*volatile p)()); p = (void ((*)()))X509_up_ref; return !p; }
/* end */

"gcc -o conftest -I/Users/ilmira/.rvm/rubies/ruby-2.5.5/include/ruby-2.5.0/x86_64-darwin17 -I/Users/ilmira/.rvm/rubies/ruby-2.5.5/include/ruby-2.5.0/ruby/backward -I/Users/ilmira/.rvm/rubies/ruby-2.5.5/include/ruby-2.5.0 -I. -I/opt/local/include  -I/usr/local/opt/libyaml/include -I/usr/local/opt/libksba/include -I/usr/local/opt/readline/include -I/usr/local/opt/zlib/include -I/usr/local/opt/openssl@1.1/include -D_XOPEN_SOURCE -D_DARWIN_C_SOURCE -D_DARWIN_UNLIMITED_SELECT -D_REENTRANT   -O3 -ggdb3 -Wall -Wextra -Wno-unused-parameter -Wno-parentheses -Wno-long-long -Wno-missing-field-initializers -Wno-tautological-compare -Wno-parentheses-equality -Wno-constant-logical-operand -Wno-self-assign -Wunused-variable -Wimplicit-int -Wpointer-arith -Wwrite-strings -Wdeclaration-after-statement -Wshorten-64-to-32 -Wimplicit-function-declaration -Wdivision-by-zero -Wdeprecated-declarations -Wextra-tokens  -fno-common -pipe  conftest.c  -L. -L/Users/ilmira/.rvm/rubies/ruby-2.5.5/lib -L/usr/local/opt/libyaml/lib -L/usr/local/opt/libksba/lib -L/usr/local/opt/readline/lib -L/usr/local/opt/zlib/lib -L/usr/local/opt/openssl@1.1/lib -L. -fstack-protector -L/usr/local/lib -L/usr/local/opt/libyaml/lib -L/usr/local/opt/libksba/lib -L/usr/local/opt/readline/lib -L/usr/local/opt/zlib/lib -L/usr/local/opt/openssl@1.1/lib -L/opt/local/lib     -lssl -lcrypto -lruby.2.5.5  -lssl -lcrypto -lpthread -lgmp -ldl -lobjc "
checked program was:
/* begin */
 1: #include "ruby.h"
 2: 
 3: /*top*/
 4: extern int t(void);
 5: int main(int argc, char **argv)
 6: {
 7:   if (argc > 1000000) {
 8:     printf("%p", &t);
 9:   }
10: 
11:   return 0;
12: }
13: extern void X509_up_ref();
14: int t(void) { X509_up_ref(); return 0; }
/* end */

--------------------

have_func: checking for X509_CRL_up_ref()... -------------------- yes

"gcc -o conftest -I/Users/ilmira/.rvm/rubies/ruby-2.5.5/include/ruby-2.5.0/x86_64-darwin17 -I/Users/ilmira/.rvm/rubies/ruby-2.5.5/include/ruby-2.5.0/ruby/backward -I/Users/ilmira/.rvm/rubies/ruby-2.5.5/include/ruby-2.5.0 -I. -I/opt/local/include  -I/usr/local/opt/libyaml/include -I/usr/local/opt/libksba/include -I/usr/local/opt/readline/include -I/usr/local/opt/zlib/include -I/usr/local/opt/openssl@1.1/include -D_XOPEN_SOURCE -D_DARWIN_C_SOURCE -D_DARWIN_UNLIMITED_SELECT -D_REENTRANT   -O3 -ggdb3 -Wall -Wextra -Wno-unused-parameter -Wno-parentheses -Wno-long-long -Wno-missing-field-initializers -Wno-tautological-compare -Wno-parentheses-equality -Wno-constant-logical-operand -Wno-self-assign -Wunused-variable -Wimplicit-int -Wpointer-arith -Wwrite-strings -Wdeclaration-after-statement -Wshorten-64-to-32 -Wimplicit-function-declaration -Wdivision-by-zero -Wdeprecated-declarations -Wextra-tokens  -fno-common -pipe  conftest.c  -L. -L/Users/ilmira/.rvm/rubies/ruby-2.5.5/lib -L/usr/local/opt/libyaml/lib -L/usr/local/opt/libksba/lib -L/usr/local/opt/readline/lib -L/usr/local/opt/zlib/lib -L/usr/local/opt/openssl@1.1/lib -L. -fstack-protector -L/usr/local/lib -L/usr/local/opt/libyaml/lib -L/usr/local/opt/libksba/lib -L/usr/local/opt/readline/lib -L/usr/local/opt/zlib/lib -L/usr/local/opt/openssl@1.1/lib -L/opt/local/lib     -lssl -lcrypto -lruby.2.5.5  -lssl -lcrypto -lpthread -lgmp -ldl -lobjc "
conftest.c:13:57: error: use of undeclared identifier 'X509_CRL_up_ref'
int t(void) { void ((*volatile p)()); p = (void ((*)()))X509_CRL_up_ref; return !p; }
                                                        ^
1 error generated.
checked program was:
/* begin */
 1: #include "ruby.h"
 2: 
 3: /*top*/
 4: extern int t(void);
 5: int main(int argc, char **argv)
 6: {
 7:   if (argc > 1000000) {
 8:     printf("%p", &t);
 9:   }
10: 
11:   return 0;
12: }
13: int t(void) { void ((*volatile p)()); p = (void ((*)()))X509_CRL_up_ref; return !p; }
/* end */

"gcc -o conftest -I/Users/ilmira/.rvm/rubies/ruby-2.5.5/include/ruby-2.5.0/x86_64-darwin17 -I/Users/ilmira/.rvm/rubies/ruby-2.5.5/include/ruby-2.5.0/ruby/backward -I/Users/ilmira/.rvm/rubies/ruby-2.5.5/include/ruby-2.5.0 -I. -I/opt/local/include  -I/usr/local/opt/libyaml/include -I/usr/local/opt/libksba/include -I/usr/local/opt/readline/include -I/usr/local/opt/zlib/include -I/usr/local/opt/openssl@1.1/include -D_XOPEN_SOURCE -D_DARWIN_C_SOURCE -D_DARWIN_UNLIMITED_SELECT -D_REENTRANT   -O3 -ggdb3 -Wall -Wextra -Wno-unused-parameter -Wno-parentheses -Wno-long-long -Wno-missing-field-initializers -Wno-tautological-compare -Wno-parentheses-equality -Wno-constant-logical-operand -Wno-self-assign -Wunused-variable -Wimplicit-int -Wpointer-arith -Wwrite-strings -Wdeclaration-after-statement -Wshorten-64-to-32 -Wimplicit-function-declaration -Wdivision-by-zero -Wdeprecated-declarations -Wextra-tokens  -fno-common -pipe  conftest.c  -L. -L/Users/ilmira/.rvm/rubies/ruby-2.5.5/lib -L/usr/local/opt/libyaml/lib -L/usr/local/opt/libksba/lib -L/usr/local/opt/readline/lib -L/usr/local/opt/zlib/lib -L/usr/local/opt/openssl@1.1/lib -L. -fstack-protector -L/usr/local/lib -L/usr/local/opt/libyaml/lib -L/usr/local/opt/libksba/lib -L/usr/local/opt/readline/lib -L/usr/local/opt/zlib/lib -L/usr/local/opt/openssl@1.1/lib -L/opt/local/lib     -lssl -lcrypto -lruby.2.5.5  -lssl -lcrypto -lpthread -lgmp -ldl -lobjc "
checked program was:
/* begin */
 1: #include "ruby.h"
 2: 
 3: /*top*/
 4: extern int t(void);
 5: int main(int argc, char **argv)
 6: {
 7:   if (argc > 1000000) {
 8:     printf("%p", &t);
 9:   }
10: 
11:   return 0;
12: }
13: extern void X509_CRL_up_ref();
14: int t(void) { X509_CRL_up_ref(); return 0; }
/* end */

--------------------

have_func: checking for X509_STORE_up_ref()... -------------------- yes

"gcc -o conftest -I/Users/ilmira/.rvm/rubies/ruby-2.5.5/include/ruby-2.5.0/x86_64-darwin17 -I/Users/ilmira/.rvm/rubies/ruby-2.5.5/include/ruby-2.5.0/ruby/backward -I/Users/ilmira/.rvm/rubies/ruby-2.5.5/include/ruby-2.5.0 -I. -I/opt/local/include  -I/usr/local/opt/libyaml/include -I/usr/local/opt/libksba/include -I/usr/local/opt/readline/include -I/usr/local/opt/zlib/include -I/usr/local/opt/openssl@1.1/include -D_XOPEN_SOURCE -D_DARWIN_C_SOURCE -D_DARWIN_UNLIMITED_SELECT -D_REENTRANT   -O3 -ggdb3 -Wall -Wextra -Wno-unused-parameter -Wno-parentheses -Wno-long-long -Wno-missing-field-initializers -Wno-tautological-compare -Wno-parentheses-equality -Wno-constant-logical-operand -Wno-self-assign -Wunused-variable -Wimplicit-int -Wpointer-arith -Wwrite-strings -Wdeclaration-after-statement -Wshorten-64-to-32 -Wimplicit-function-declaration -Wdivision-by-zero -Wdeprecated-declarations -Wextra-tokens  -fno-common -pipe  conftest.c  -L. -L/Users/ilmira/.rvm/rubies/ruby-2.5.5/lib -L/usr/local/opt/libyaml/lib -L/usr/local/opt/libksba/lib -L/usr/local/opt/readline/lib -L/usr/local/opt/zlib/lib -L/usr/local/opt/openssl@1.1/lib -L. -fstack-protector -L/usr/local/lib -L/usr/local/opt/libyaml/lib -L/usr/local/opt/libksba/lib -L/usr/local/opt/readline/lib -L/usr/local/opt/zlib/lib -L/usr/local/opt/openssl@1.1/lib -L/opt/local/lib     -lssl -lcrypto -lruby.2.5.5  -lssl -lcrypto -lpthread -lgmp -ldl -lobjc "
conftest.c:13:57: error: use of undeclared identifier 'X509_STORE_up_ref'
int t(void) { void ((*volatile p)()); p = (void ((*)()))X509_STORE_up_ref; return !p; }
                                                        ^
1 error generated.
checked program was:
/* begin */
 1: #include "ruby.h"
 2: 
 3: /*top*/
 4: extern int t(void);
 5: int main(int argc, char **argv)
 6: {
 7:   if (argc > 1000000) {
 8:     printf("%p", &t);
 9:   }
10: 
11:   return 0;
12: }
13: int t(void) { void ((*volatile p)()); p = (void ((*)()))X509_STORE_up_ref; return !p; }
/* end */

"gcc -o conftest -I/Users/ilmira/.rvm/rubies/ruby-2.5.5/include/ruby-2.5.0/x86_64-darwin17 -I/Users/ilmira/.rvm/rubies/ruby-2.5.5/include/ruby-2.5.0/ruby/backward -I/Users/ilmira/.rvm/rubies/ruby-2.5.5/include/ruby-2.5.0 -I. -I/opt/local/include  -I/usr/local/opt/libyaml/include -I/usr/local/opt/libksba/include -I/usr/local/opt/readline/include -I/usr/local/opt/zlib/include -I/usr/local/opt/openssl@1.1/include -D_XOPEN_SOURCE -D_DARWIN_C_SOURCE -D_DARWIN_UNLIMITED_SELECT -D_REENTRANT   -O3 -ggdb3 -Wall -Wextra -Wno-unused-parameter -Wno-parentheses -Wno-long-long -Wno-missing-field-initializers -Wno-tautological-compare -Wno-parentheses-equality -Wno-constant-logical-operand -Wno-self-assign -Wunused-variable -Wimplicit-int -Wpointer-arith -Wwrite-strings -Wdeclaration-after-statement -Wshorten-64-to-32 -Wimplicit-function-declaration -Wdivision-by-zero -Wdeprecated-declarations -Wextra-tokens  -fno-common -pipe  conftest.c  -L. -L/Users/ilmira/.rvm/rubies/ruby-2.5.5/lib -L/usr/local/opt/libyaml/lib -L/usr/local/opt/libksba/lib -L/usr/local/opt/readline/lib -L/usr/local/opt/zlib/lib -L/usr/local/opt/openssl@1.1/lib -L. -fstack-protector -L/usr/local/lib -L/usr/local/opt/libyaml/lib -L/usr/local/opt/libksba/lib -L/usr/local/opt/readline/lib -L/usr/local/opt/zlib/lib -L/usr/local/opt/openssl@1.1/lib -L/opt/local/lib     -lssl -lcrypto -lruby.2.5.5  -lssl -lcrypto -lpthread -lgmp -ldl -lobjc "
checked program was:
/* begin */
 1: #include "ruby.h"
 2: 
 3: /*top*/
 4: extern int t(void);
 5: int main(int argc, char **argv)
 6: {
 7:   if (argc > 1000000) {
 8:     printf("%p", &t);
 9:   }
10: 
11:   return 0;
12: }
13: extern void X509_STORE_up_ref();
14: int t(void) { X509_STORE_up_ref(); return 0; }
/* end */

--------------------

have_func: checking for SSL_SESSION_up_ref()... -------------------- yes

"gcc -o conftest -I/Users/ilmira/.rvm/rubies/ruby-2.5.5/include/ruby-2.5.0/x86_64-darwin17 -I/Users/ilmira/.rvm/rubies/ruby-2.5.5/include/ruby-2.5.0/ruby/backward -I/Users/ilmira/.rvm/rubies/ruby-2.5.5/include/ruby-2.5.0 -I. -I/opt/local/include  -I/usr/local/opt/libyaml/include -I/usr/local/opt/libksba/include -I/usr/local/opt/readline/include -I/usr/local/opt/zlib/include -I/usr/local/opt/openssl@1.1/include -D_XOPEN_SOURCE -D_DARWIN_C_SOURCE -D_DARWIN_UNLIMITED_SELECT -D_REENTRANT   -O3 -ggdb3 -Wall -Wextra -Wno-unused-parameter -Wno-parentheses -Wno-long-long -Wno-missing-field-initializers -Wno-tautological-compare -Wno-parentheses-equality -Wno-constant-logical-operand -Wno-self-assign -Wunused-variable -Wimplicit-int -Wpointer-arith -Wwrite-strings -Wdeclaration-after-statement -Wshorten-64-to-32 -Wimplicit-function-declaration -Wdivision-by-zero -Wdeprecated-declarations -Wextra-tokens  -fno-common -pipe  conftest.c  -L. -L/Users/ilmira/.rvm/rubies/ruby-2.5.5/lib -L/usr/local/opt/libyaml/lib -L/usr/local/opt/libksba/lib -L/usr/local/opt/readline/lib -L/usr/local/opt/zlib/lib -L/usr/local/opt/openssl@1.1/lib -L. -fstack-protector -L/usr/local/lib -L/usr/local/opt/libyaml/lib -L/usr/local/opt/libksba/lib -L/usr/local/opt/readline/lib -L/usr/local/opt/zlib/lib -L/usr/local/opt/openssl@1.1/lib -L/opt/local/lib     -lssl -lcrypto -lruby.2.5.5  -lssl -lcrypto -lpthread -lgmp -ldl -lobjc "
conftest.c:13:57: error: use of undeclared identifier 'SSL_SESSION_up_ref'
int t(void) { void ((*volatile p)()); p = (void ((*)()))SSL_SESSION_up_ref; return !p; }
                                                        ^
1 error generated.
checked program was:
/* begin */
 1: #include "ruby.h"
 2: 
 3: /*top*/
 4: extern int t(void);
 5: int main(int argc, char **argv)
 6: {
 7:   if (argc > 1000000) {
 8:     printf("%p", &t);
 9:   }
10: 
11:   return 0;
12: }
13: int t(void) { void ((*volatile p)()); p = (void ((*)()))SSL_SESSION_up_ref; return !p; }
/* end */

"gcc -o conftest -I/Users/ilmira/.rvm/rubies/ruby-2.5.5/include/ruby-2.5.0/x86_64-darwin17 -I/Users/ilmira/.rvm/rubies/ruby-2.5.5/include/ruby-2.5.0/ruby/backward -I/Users/ilmira/.rvm/rubies/ruby-2.5.5/include/ruby-2.5.0 -I. -I/opt/local/include  -I/usr/local/opt/libyaml/include -I/usr/local/opt/libksba/include -I/usr/local/opt/readline/include -I/usr/local/opt/zlib/include -I/usr/local/opt/openssl@1.1/include -D_XOPEN_SOURCE -D_DARWIN_C_SOURCE -D_DARWIN_UNLIMITED_SELECT -D_REENTRANT   -O3 -ggdb3 -Wall -Wextra -Wno-unused-parameter -Wno-parentheses -Wno-long-long -Wno-missing-field-initializers -Wno-tautological-compare -Wno-parentheses-equality -Wno-constant-logical-operand -Wno-self-assign -Wunused-variable -Wimplicit-int -Wpointer-arith -Wwrite-strings -Wdeclaration-after-statement -Wshorten-64-to-32 -Wimplicit-function-declaration -Wdivision-by-zero -Wdeprecated-declarations -Wextra-tokens  -fno-common -pipe  conftest.c  -L. -L/Users/ilmira/.rvm/rubies/ruby-2.5.5/lib -L/usr/local/opt/libyaml/lib -L/usr/local/opt/libksba/lib -L/usr/local/opt/readline/lib -L/usr/local/opt/zlib/lib -L/usr/local/opt/openssl@1.1/lib -L. -fstack-protector -L/usr/local/lib -L/usr/local/opt/libyaml/lib -L/usr/local/opt/libksba/lib -L/usr/local/opt/readline/lib -L/usr/local/opt/zlib/lib -L/usr/local/opt/openssl@1.1/lib -L/opt/local/lib     -lssl -lcrypto -lruby.2.5.5  -lssl -lcrypto -lpthread -lgmp -ldl -lobjc "
checked program was:
/* begin */
 1: #include "ruby.h"
 2: 
 3: /*top*/
 4: extern int t(void);
 5: int main(int argc, char **argv)
 6: {
 7:   if (argc > 1000000) {
 8:     printf("%p", &t);
 9:   }
10: 
11:   return 0;
12: }
13: extern void SSL_SESSION_up_ref();
14: int t(void) { SSL_SESSION_up_ref(); return 0; }
/* end */

--------------------

have_func: checking for EVP_PKEY_up_ref()... -------------------- yes

"gcc -o conftest -I/Users/ilmira/.rvm/rubies/ruby-2.5.5/include/ruby-2.5.0/x86_64-darwin17 -I/Users/ilmira/.rvm/rubies/ruby-2.5.5/include/ruby-2.5.0/ruby/backward -I/Users/ilmira/.rvm/rubies/ruby-2.5.5/include/ruby-2.5.0 -I. -I/opt/local/include  -I/usr/local/opt/libyaml/include -I/usr/local/opt/libksba/include -I/usr/local/opt/readline/include -I/usr/local/opt/zlib/include -I/usr/local/opt/openssl@1.1/include -D_XOPEN_SOURCE -D_DARWIN_C_SOURCE -D_DARWIN_UNLIMITED_SELECT -D_REENTRANT   -O3 -ggdb3 -Wall -Wextra -Wno-unused-parameter -Wno-parentheses -Wno-long-long -Wno-missing-field-initializers -Wno-tautological-compare -Wno-parentheses-equality -Wno-constant-logical-operand -Wno-self-assign -Wunused-variable -Wimplicit-int -Wpointer-arith -Wwrite-strings -Wdeclaration-after-statement -Wshorten-64-to-32 -Wimplicit-function-declaration -Wdivision-by-zero -Wdeprecated-declarations -Wextra-tokens  -fno-common -pipe  conftest.c  -L. -L/Users/ilmira/.rvm/rubies/ruby-2.5.5/lib -L/usr/local/opt/libyaml/lib -L/usr/local/opt/libksba/lib -L/usr/local/opt/readline/lib -L/usr/local/opt/zlib/lib -L/usr/local/opt/openssl@1.1/lib -L. -fstack-protector -L/usr/local/lib -L/usr/local/opt/libyaml/lib -L/usr/local/opt/libksba/lib -L/usr/local/opt/readline/lib -L/usr/local/opt/zlib/lib -L/usr/local/opt/openssl@1.1/lib -L/opt/local/lib     -lssl -lcrypto -lruby.2.5.5  -lssl -lcrypto -lpthread -lgmp -ldl -lobjc "
conftest.c:13:57: error: use of undeclared identifier 'EVP_PKEY_up_ref'
int t(void) { void ((*volatile p)()); p = (void ((*)()))EVP_PKEY_up_ref; return !p; }
                                                        ^
1 error generated.
checked program was:
/* begin */
 1: #include "ruby.h"
 2: 
 3: /*top*/
 4: extern int t(void);
 5: int main(int argc, char **argv)
 6: {
 7:   if (argc > 1000000) {
 8:     printf("%p", &t);
 9:   }
10: 
11:   return 0;
12: }
13: int t(void) { void ((*volatile p)()); p = (void ((*)()))EVP_PKEY_up_ref; return !p; }
/* end */

"gcc -o conftest -I/Users/ilmira/.rvm/rubies/ruby-2.5.5/include/ruby-2.5.0/x86_64-darwin17 -I/Users/ilmira/.rvm/rubies/ruby-2.5.5/include/ruby-2.5.0/ruby/backward -I/Users/ilmira/.rvm/rubies/ruby-2.5.5/include/ruby-2.5.0 -I. -I/opt/local/include  -I/usr/local/opt/libyaml/include -I/usr/local/opt/libksba/include -I/usr/local/opt/readline/include -I/usr/local/opt/zlib/include -I/usr/local/opt/openssl@1.1/include -D_XOPEN_SOURCE -D_DARWIN_C_SOURCE -D_DARWIN_UNLIMITED_SELECT -D_REENTRANT   -O3 -ggdb3 -Wall -Wextra -Wno-unused-parameter -Wno-parentheses -Wno-long-long -Wno-missing-field-initializers -Wno-tautological-compare -Wno-parentheses-equality -Wno-constant-logical-operand -Wno-self-assign -Wunused-variable -Wimplicit-int -Wpointer-arith -Wwrite-strings -Wdeclaration-after-statement -Wshorten-64-to-32 -Wimplicit-function-declaration -Wdivision-by-zero -Wdeprecated-declarations -Wextra-tokens  -fno-common -pipe  conftest.c  -L. -L/Users/ilmira/.rvm/rubies/ruby-2.5.5/lib -L/usr/local/opt/libyaml/lib -L/usr/local/opt/libksba/lib -L/usr/local/opt/readline/lib -L/usr/local/opt/zlib/lib -L/usr/local/opt/openssl@1.1/lib -L. -fstack-protector -L/usr/local/lib -L/usr/local/opt/libyaml/lib -L/usr/local/opt/libksba/lib -L/usr/local/opt/readline/lib -L/usr/local/opt/zlib/lib -L/usr/local/opt/openssl@1.1/lib -L/opt/local/lib     -lssl -lcrypto -lruby.2.5.5  -lssl -lcrypto -lpthread -lgmp -ldl -lobjc "
checked program was:
/* begin */
 1: #include "ruby.h"
 2: 
 3: /*top*/
 4: extern int t(void);
 5: int main(int argc, char **argv)
 6: {
 7:   if (argc > 1000000) {
 8:     printf("%p", &t);
 9:   }
10: 
11:   return 0;
12: }
13: extern void EVP_PKEY_up_ref();
14: int t(void) { EVP_PKEY_up_ref(); return 0; }
/* end */

--------------------

have_func: checking for SSL_CTX_set_tmp_ecdh_callback(NULL, NULL) in openssl/ssl.h... -------------------- no

"gcc -o conftest -I/Users/ilmira/.rvm/rubies/ruby-2.5.5/include/ruby-2.5.0/x86_64-darwin17 -I/Users/ilmira/.rvm/rubies/ruby-2.5.5/include/ruby-2.5.0/ruby/backward -I/Users/ilmira/.rvm/rubies/ruby-2.5.5/include/ruby-2.5.0 -I. -I/opt/local/include  -I/usr/local/opt/libyaml/include -I/usr/local/opt/libksba/include -I/usr/local/opt/readline/include -I/usr/local/opt/zlib/include -I/usr/local/opt/openssl@1.1/include -D_XOPEN_SOURCE -D_DARWIN_C_SOURCE -D_DARWIN_UNLIMITED_SELECT -D_REENTRANT   -O3 -ggdb3 -Wall -Wextra -Wno-unused-parameter -Wno-parentheses -Wno-long-long -Wno-missing-field-initializers -Wno-tautological-compare -Wno-parentheses-equality -Wno-constant-logical-operand -Wno-self-assign -Wunused-variable -Wimplicit-int -Wpointer-arith -Wwrite-strings -Wdeclaration-after-statement -Wshorten-64-to-32 -Wimplicit-function-declaration -Wdivision-by-zero -Wdeprecated-declarations -Wextra-tokens  -fno-common -pipe  conftest.c  -L. -L/Users/ilmira/.rvm/rubies/ruby-2.5.5/lib -L/usr/local/opt/libyaml/lib -L/usr/local/opt/libksba/lib -L/usr/local/opt/readline/lib -L/usr/local/opt/zlib/lib -L/usr/local/opt/openssl@1.1/lib -L. -fstack-protector -L/usr/local/lib -L/usr/local/opt/libyaml/lib -L/usr/local/opt/libksba/lib -L/usr/local/opt/readline/lib -L/usr/local/opt/zlib/lib -L/usr/local/opt/openssl@1.1/lib -L/opt/local/lib     -lssl -lcrypto -lruby.2.5.5  -lssl -lcrypto -lpthread -lgmp -ldl -lobjc "
conftest.c:16:15: warning: implicit declaration of function 'SSL_CTX_set_tmp_ecdh_callback' is invalid in C99 [-Wimplicit-function-declaration]
int t(void) { SSL_CTX_set_tmp_ecdh_callback(NULL, NULL); return 0; }
              ^
1 warning generated.
Undefined symbols for architecture x86_64:
  "_SSL_CTX_set_tmp_ecdh_callback", referenced from:
      _t in conftest-aef02f.o
ld: symbol(s) not found for architecture x86_64
clang: error: linker command failed with exit code 1 (use -v to see invocation)
checked program was:
/* begin */
 1: #include "ruby.h"
 2: 
 3: #include <openssl/ssl.h>
 4: 
 5: /*top*/
 6: extern int t(void);
 7: int main(int argc, char **argv)
 8: {
 9:   if (argc > 1000000) {
10:     printf("%p", &t);
11:   }
12: 
13:   return 0;
14: }
15: 
16: int t(void) { SSL_CTX_set_tmp_ecdh_callback(NULL, NULL); return 0; }
/* end */

--------------------

have_func: checking for SSL_CTX_set_min_proto_version(NULL, 0) in openssl/ssl.h... -------------------- yes

"gcc -o conftest -I/Users/ilmira/.rvm/rubies/ruby-2.5.5/include/ruby-2.5.0/x86_64-darwin17 -I/Users/ilmira/.rvm/rubies/ruby-2.5.5/include/ruby-2.5.0/ruby/backward -I/Users/ilmira/.rvm/rubies/ruby-2.5.5/include/ruby-2.5.0 -I. -I/opt/local/include  -I/usr/local/opt/libyaml/include -I/usr/local/opt/libksba/include -I/usr/local/opt/readline/include -I/usr/local/opt/zlib/include -I/usr/local/opt/openssl@1.1/include -D_XOPEN_SOURCE -D_DARWIN_C_SOURCE -D_DARWIN_UNLIMITED_SELECT -D_REENTRANT   -O3 -ggdb3 -Wall -Wextra -Wno-unused-parameter -Wno-parentheses -Wno-long-long -Wno-missing-field-initializers -Wno-tautological-compare -Wno-parentheses-equality -Wno-constant-logical-operand -Wno-self-assign -Wunused-variable -Wimplicit-int -Wpointer-arith -Wwrite-strings -Wdeclaration-after-statement -Wshorten-64-to-32 -Wimplicit-function-declaration -Wdivision-by-zero -Wdeprecated-declarations -Wextra-tokens  -fno-common -pipe  conftest.c  -L. -L/Users/ilmira/.rvm/rubies/ruby-2.5.5/lib -L/usr/local/opt/libyaml/lib -L/usr/local/opt/libksba/lib -L/usr/local/opt/readline/lib -L/usr/local/opt/zlib/lib -L/usr/local/opt/openssl@1.1/lib -L. -fstack-protector -L/usr/local/lib -L/usr/local/opt/libyaml/lib -L/usr/local/opt/libksba/lib -L/usr/local/opt/readline/lib -L/usr/local/opt/zlib/lib -L/usr/local/opt/openssl@1.1/lib -L/opt/local/lib     -lssl -lcrypto -lruby.2.5.5  -lssl -lcrypto -lpthread -lgmp -ldl -lobjc "
checked program was:
/* begin */
 1: #include "ruby.h"
 2: 
 3: #include <openssl/ssl.h>
 4: 
 5: /*top*/
 6: extern int t(void);
 7: int main(int argc, char **argv)
 8: {
 9:   if (argc > 1000000) {
10:     printf("%p", &t);
11:   }
12: 
13:   return 0;
14: }
15: 
16: int t(void) { SSL_CTX_set_min_proto_version(NULL, 0); return 0; }
/* end */

--------------------

have_func: checking for SSL_CTX_get_security_level()... -------------------- yes

"gcc -o conftest -I/Users/ilmira/.rvm/rubies/ruby-2.5.5/include/ruby-2.5.0/x86_64-darwin17 -I/Users/ilmira/.rvm/rubies/ruby-2.5.5/include/ruby-2.5.0/ruby/backward -I/Users/ilmira/.rvm/rubies/ruby-2.5.5/include/ruby-2.5.0 -I. -I/opt/local/include  -I/usr/local/opt/libyaml/include -I/usr/local/opt/libksba/include -I/usr/local/opt/readline/include -I/usr/local/opt/zlib/include -I/usr/local/opt/openssl@1.1/include -D_XOPEN_SOURCE -D_DARWIN_C_SOURCE -D_DARWIN_UNLIMITED_SELECT -D_REENTRANT   -O3 -ggdb3 -Wall -Wextra -Wno-unused-parameter -Wno-parentheses -Wno-long-long -Wno-missing-field-initializers -Wno-tautological-compare -Wno-parentheses-equality -Wno-constant-logical-operand -Wno-self-assign -Wunused-variable -Wimplicit-int -Wpointer-arith -Wwrite-strings -Wdeclaration-after-statement -Wshorten-64-to-32 -Wimplicit-function-declaration -Wdivision-by-zero -Wdeprecated-declarations -Wextra-tokens  -fno-common -pipe  conftest.c  -L. -L/Users/ilmira/.rvm/rubies/ruby-2.5.5/lib -L/usr/local/opt/libyaml/lib -L/usr/local/opt/libksba/lib -L/usr/local/opt/readline/lib -L/usr/local/opt/zlib/lib -L/usr/local/opt/openssl@1.1/lib -L. -fstack-protector -L/usr/local/lib -L/usr/local/opt/libyaml/lib -L/usr/local/opt/libksba/lib -L/usr/local/opt/readline/lib -L/usr/local/opt/zlib/lib -L/usr/local/opt/openssl@1.1/lib -L/opt/local/lib     -lssl -lcrypto -lruby.2.5.5  -lssl -lcrypto -lpthread -lgmp -ldl -lobjc "
conftest.c:13:57: error: use of undeclared identifier 'SSL_CTX_get_security_level'
int t(void) { void ((*volatile p)()); p = (void ((*)()))SSL_CTX_get_security_level; return !p; }
                                                        ^
1 error generated.
checked program was:
/* begin */
 1: #include "ruby.h"
 2: 
 3: /*top*/
 4: extern int t(void);
 5: int main(int argc, char **argv)
 6: {
 7:   if (argc > 1000000) {
 8:     printf("%p", &t);
 9:   }
10: 
11:   return 0;
12: }
13: int t(void) { void ((*volatile p)()); p = (void ((*)()))SSL_CTX_get_security_level; return !p; }
/* end */

"gcc -o conftest -I/Users/ilmira/.rvm/rubies/ruby-2.5.5/include/ruby-2.5.0/x86_64-darwin17 -I/Users/ilmira/.rvm/rubies/ruby-2.5.5/include/ruby-2.5.0/ruby/backward -I/Users/ilmira/.rvm/rubies/ruby-2.5.5/include/ruby-2.5.0 -I. -I/opt/local/include  -I/usr/local/opt/libyaml/include -I/usr/local/opt/libksba/include -I/usr/local/opt/readline/include -I/usr/local/opt/zlib/include -I/usr/local/opt/openssl@1.1/include -D_XOPEN_SOURCE -D_DARWIN_C_SOURCE -D_DARWIN_UNLIMITED_SELECT -D_REENTRANT   -O3 -ggdb3 -Wall -Wextra -Wno-unused-parameter -Wno-parentheses -Wno-long-long -Wno-missing-field-initializers -Wno-tautological-compare -Wno-parentheses-equality -Wno-constant-logical-operand -Wno-self-assign -Wunused-variable -Wimplicit-int -Wpointer-arith -Wwrite-strings -Wdeclaration-after-statement -Wshorten-64-to-32 -Wimplicit-function-declaration -Wdivision-by-zero -Wdeprecated-declarations -Wextra-tokens  -fno-common -pipe  conftest.c  -L. -L/Users/ilmira/.rvm/rubies/ruby-2.5.5/lib -L/usr/local/opt/libyaml/lib -L/usr/local/opt/libksba/lib -L/usr/local/opt/readline/lib -L/usr/local/opt/zlib/lib -L/usr/local/opt/openssl@1.1/lib -L. -fstack-protector -L/usr/local/lib -L/usr/local/opt/libyaml/lib -L/usr/local/opt/libksba/lib -L/usr/local/opt/readline/lib -L/usr/local/opt/zlib/lib -L/usr/local/opt/openssl@1.1/lib -L/opt/local/lib     -lssl -lcrypto -lruby.2.5.5  -lssl -lcrypto -lpthread -lgmp -ldl -lobjc "
checked program was:
/* begin */
 1: #include "ruby.h"
 2: 
 3: /*top*/
 4: extern int t(void);
 5: int main(int argc, char **argv)
 6: {
 7:   if (argc > 1000000) {
 8:     printf("%p", &t);
 9:   }
10: 
11:   return 0;
12: }
13: extern void SSL_CTX_get_security_level();
14: int t(void) { SSL_CTX_get_security_level(); return 0; }
/* end */

--------------------

have_func: checking for X509_get0_notBefore()... -------------------- yes

"gcc -o conftest -I/Users/ilmira/.rvm/rubies/ruby-2.5.5/include/ruby-2.5.0/x86_64-darwin17 -I/Users/ilmira/.rvm/rubies/ruby-2.5.5/include/ruby-2.5.0/ruby/backward -I/Users/ilmira/.rvm/rubies/ruby-2.5.5/include/ruby-2.5.0 -I. -I/opt/local/include  -I/usr/local/opt/libyaml/include -I/usr/local/opt/libksba/include -I/usr/local/opt/readline/include -I/usr/local/opt/zlib/include -I/usr/local/opt/openssl@1.1/include -D_XOPEN_SOURCE -D_DARWIN_C_SOURCE -D_DARWIN_UNLIMITED_SELECT -D_REENTRANT   -O3 -ggdb3 -Wall -Wextra -Wno-unused-parameter -Wno-parentheses -Wno-long-long -Wno-missing-field-initializers -Wno-tautological-compare -Wno-parentheses-equality -Wno-constant-logical-operand -Wno-self-assign -Wunused-variable -Wimplicit-int -Wpointer-arith -Wwrite-strings -Wdeclaration-after-statement -Wshorten-64-to-32 -Wimplicit-function-declaration -Wdivision-by-zero -Wdeprecated-declarations -Wextra-tokens  -fno-common -pipe  conftest.c  -L. -L/Users/ilmira/.rvm/rubies/ruby-2.5.5/lib -L/usr/local/opt/libyaml/lib -L/usr/local/opt/libksba/lib -L/usr/local/opt/readline/lib -L/usr/local/opt/zlib/lib -L/usr/local/opt/openssl@1.1/lib -L. -fstack-protector -L/usr/local/lib -L/usr/local/opt/libyaml/lib -L/usr/local/opt/libksba/lib -L/usr/local/opt/readline/lib -L/usr/local/opt/zlib/lib -L/usr/local/opt/openssl@1.1/lib -L/opt/local/lib     -lssl -lcrypto -lruby.2.5.5  -lssl -lcrypto -lpthread -lgmp -ldl -lobjc "
conftest.c:13:57: error: use of undeclared identifier 'X509_get0_notBefore'
int t(void) { void ((*volatile p)()); p = (void ((*)()))X509_get0_notBefore; return !p; }
                                                        ^
1 error generated.
checked program was:
/* begin */
 1: #include "ruby.h"
 2: 
 3: /*top*/
 4: extern int t(void);
 5: int main(int argc, char **argv)
 6: {
 7:   if (argc > 1000000) {
 8:     printf("%p", &t);
 9:   }
10: 
11:   return 0;
12: }
13: int t(void) { void ((*volatile p)()); p = (void ((*)()))X509_get0_notBefore; return !p; }
/* end */

"gcc -o conftest -I/Users/ilmira/.rvm/rubies/ruby-2.5.5/include/ruby-2.5.0/x86_64-darwin17 -I/Users/ilmira/.rvm/rubies/ruby-2.5.5/include/ruby-2.5.0/ruby/backward -I/Users/ilmira/.rvm/rubies/ruby-2.5.5/include/ruby-2.5.0 -I. -I/opt/local/include  -I/usr/local/opt/libyaml/include -I/usr/local/opt/libksba/include -I/usr/local/opt/readline/include -I/usr/local/opt/zlib/include -I/usr/local/opt/openssl@1.1/include -D_XOPEN_SOURCE -D_DARWIN_C_SOURCE -D_DARWIN_UNLIMITED_SELECT -D_REENTRANT   -O3 -ggdb3 -Wall -Wextra -Wno-unused-parameter -Wno-parentheses -Wno-long-long -Wno-missing-field-initializers -Wno-tautological-compare -Wno-parentheses-equality -Wno-constant-logical-operand -Wno-self-assign -Wunused-variable -Wimplicit-int -Wpointer-arith -Wwrite-strings -Wdeclaration-after-statement -Wshorten-64-to-32 -Wimplicit-function-declaration -Wdivision-by-zero -Wdeprecated-declarations -Wextra-tokens  -fno-common -pipe  conftest.c  -L. -L/Users/ilmira/.rvm/rubies/ruby-2.5.5/lib -L/usr/local/opt/libyaml/lib -L/usr/local/opt/libksba/lib -L/usr/local/opt/readline/lib -L/usr/local/opt/zlib/lib -L/usr/local/opt/openssl@1.1/lib -L. -fstack-protector -L/usr/local/lib -L/usr/local/opt/libyaml/lib -L/usr/local/opt/libksba/lib -L/usr/local/opt/readline/lib -L/usr/local/opt/zlib/lib -L/usr/local/opt/openssl@1.1/lib -L/opt/local/lib     -lssl -lcrypto -lruby.2.5.5  -lssl -lcrypto -lpthread -lgmp -ldl -lobjc "
checked program was:
/* begin */
 1: #include "ruby.h"
 2: 
 3: /*top*/
 4: extern int t(void);
 5: int main(int argc, char **argv)
 6: {
 7:   if (argc > 1000000) {
 8:     printf("%p", &t);
 9:   }
10: 
11:   return 0;
12: }
13: extern void X509_get0_notBefore();
14: int t(void) { X509_get0_notBefore(); return 0; }
/* end */

--------------------

have_func: checking for SSL_SESSION_get_protocol_version()... -------------------- yes

"gcc -o conftest -I/Users/ilmira/.rvm/rubies/ruby-2.5.5/include/ruby-2.5.0/x86_64-darwin17 -I/Users/ilmira/.rvm/rubies/ruby-2.5.5/include/ruby-2.5.0/ruby/backward -I/Users/ilmira/.rvm/rubies/ruby-2.5.5/include/ruby-2.5.0 -I. -I/opt/local/include  -I/usr/local/opt/libyaml/include -I/usr/local/opt/libksba/include -I/usr/local/opt/readline/include -I/usr/local/opt/zlib/include -I/usr/local/opt/openssl@1.1/include -D_XOPEN_SOURCE -D_DARWIN_C_SOURCE -D_DARWIN_UNLIMITED_SELECT -D_REENTRANT   -O3 -ggdb3 -Wall -Wextra -Wno-unused-parameter -Wno-parentheses -Wno-long-long -Wno-missing-field-initializers -Wno-tautological-compare -Wno-parentheses-equality -Wno-constant-logical-operand -Wno-self-assign -Wunused-variable -Wimplicit-int -Wpointer-arith -Wwrite-strings -Wdeclaration-after-statement -Wshorten-64-to-32 -Wimplicit-function-declaration -Wdivision-by-zero -Wdeprecated-declarations -Wextra-tokens  -fno-common -pipe  conftest.c  -L. -L/Users/ilmira/.rvm/rubies/ruby-2.5.5/lib -L/usr/local/opt/libyaml/lib -L/usr/local/opt/libksba/lib -L/usr/local/opt/readline/lib -L/usr/local/opt/zlib/lib -L/usr/local/opt/openssl@1.1/lib -L. -fstack-protector -L/usr/local/lib -L/usr/local/opt/libyaml/lib -L/usr/local/opt/libksba/lib -L/usr/local/opt/readline/lib -L/usr/local/opt/zlib/lib -L/usr/local/opt/openssl@1.1/lib -L/opt/local/lib     -lssl -lcrypto -lruby.2.5.5  -lssl -lcrypto -lpthread -lgmp -ldl -lobjc "
conftest.c:13:57: error: use of undeclared identifier 'SSL_SESSION_get_protocol_version'
int t(void) { void ((*volatile p)()); p = (void ((*)()))SSL_SESSION_get_protocol_version; return !p; }
                                                        ^
1 error generated.
checked program was:
/* begin */
 1: #include "ruby.h"
 2: 
 3: /*top*/
 4: extern int t(void);
 5: int main(int argc, char **argv)
 6: {
 7:   if (argc > 1000000) {
 8:     printf("%p", &t);
 9:   }
10: 
11:   return 0;
12: }
13: int t(void) { void ((*volatile p)()); p = (void ((*)()))SSL_SESSION_get_protocol_version; return !p; }
/* end */

"gcc -o conftest -I/Users/ilmira/.rvm/rubies/ruby-2.5.5/include/ruby-2.5.0/x86_64-darwin17 -I/Users/ilmira/.rvm/rubies/ruby-2.5.5/include/ruby-2.5.0/ruby/backward -I/Users/ilmira/.rvm/rubies/ruby-2.5.5/include/ruby-2.5.0 -I. -I/opt/local/include  -I/usr/local/opt/libyaml/include -I/usr/local/opt/libksba/include -I/usr/local/opt/readline/include -I/usr/local/opt/zlib/include -I/usr/local/opt/openssl@1.1/include -D_XOPEN_SOURCE -D_DARWIN_C_SOURCE -D_DARWIN_UNLIMITED_SELECT -D_REENTRANT   -O3 -ggdb3 -Wall -Wextra -Wno-unused-parameter -Wno-parentheses -Wno-long-long -Wno-missing-field-initializers -Wno-tautological-compare -Wno-parentheses-equality -Wno-constant-logical-operand -Wno-self-assign -Wunused-variable -Wimplicit-int -Wpointer-arith -Wwrite-strings -Wdeclaration-after-statement -Wshorten-64-to-32 -Wimplicit-function-declaration -Wdivision-by-zero -Wdeprecated-declarations -Wextra-tokens  -fno-common -pipe  conftest.c  -L. -L/Users/ilmira/.rvm/rubies/ruby-2.5.5/lib -L/usr/local/opt/libyaml/lib -L/usr/local/opt/libksba/lib -L/usr/local/opt/readline/lib -L/usr/local/opt/zlib/lib -L/usr/local/opt/openssl@1.1/lib -L. -fstack-protector -L/usr/local/lib -L/usr/local/opt/libyaml/lib -L/usr/local/opt/libksba/lib -L/usr/local/opt/readline/lib -L/usr/local/opt/zlib/lib -L/usr/local/opt/openssl@1.1/lib -L/opt/local/lib     -lssl -lcrypto -lruby.2.5.5  -lssl -lcrypto -lpthread -lgmp -ldl -lobjc "
checked program was:
/* begin */
 1: #include "ruby.h"
 2: 
 3: /*top*/
 4: extern int t(void);
 5: int main(int argc, char **argv)
 6: {
 7:   if (argc > 1000000) {
 8:     printf("%p", &t);
 9:   }
10: 
11:   return 0;
12: }
13: extern void SSL_SESSION_get_protocol_version();
14: int t(void) { SSL_SESSION_get_protocol_version(); return 0; }
/* end */

--------------------

have_func: checking for TS_STATUS_INFO_get0_status()... -------------------- yes

"gcc -o conftest -I/Users/ilmira/.rvm/rubies/ruby-2.5.5/include/ruby-2.5.0/x86_64-darwin17 -I/Users/ilmira/.rvm/rubies/ruby-2.5.5/include/ruby-2.5.0/ruby/backward -I/Users/ilmira/.rvm/rubies/ruby-2.5.5/include/ruby-2.5.0 -I. -I/opt/local/include  -I/usr/local/opt/libyaml/include -I/usr/local/opt/libksba/include -I/usr/local/opt/readline/include -I/usr/local/opt/zlib/include -I/usr/local/opt/openssl@1.1/include -D_XOPEN_SOURCE -D_DARWIN_C_SOURCE -D_DARWIN_UNLIMITED_SELECT -D_REENTRANT   -O3 -ggdb3 -Wall -Wextra -Wno-unused-parameter -Wno-parentheses -Wno-long-long -Wno-missing-field-initializers -Wno-tautological-compare -Wno-parentheses-equality -Wno-constant-logical-operand -Wno-self-assign -Wunused-variable -Wimplicit-int -Wpointer-arith -Wwrite-strings -Wdeclaration-after-statement -Wshorten-64-to-32 -Wimplicit-function-declaration -Wdivision-by-zero -Wdeprecated-declarations -Wextra-tokens  -fno-common -pipe  conftest.c  -L. -L/Users/ilmira/.rvm/rubies/ruby-2.5.5/lib -L/usr/local/opt/libyaml/lib -L/usr/local/opt/libksba/lib -L/usr/local/opt/readline/lib -L/usr/local/opt/zlib/lib -L/usr/local/opt/openssl@1.1/lib -L. -fstack-protector -L/usr/local/lib -L/usr/local/opt/libyaml/lib -L/usr/local/opt/libksba/lib -L/usr/local/opt/readline/lib -L/usr/local/opt/zlib/lib -L/usr/local/opt/openssl@1.1/lib -L/opt/local/lib     -lssl -lcrypto -lruby.2.5.5  -lssl -lcrypto -lpthread -lgmp -ldl -lobjc "
conftest.c:13:57: error: use of undeclared identifier 'TS_STATUS_INFO_get0_status'
int t(void) { void ((*volatile p)()); p = (void ((*)()))TS_STATUS_INFO_get0_status; return !p; }
                                                        ^
1 error generated.
checked program was:
/* begin */
 1: #include "ruby.h"
 2: 
 3: /*top*/
 4: extern int t(void);
 5: int main(int argc, char **argv)
 6: {
 7:   if (argc > 1000000) {
 8:     printf("%p", &t);
 9:   }
10: 
11:   return 0;
12: }
13: int t(void) { void ((*volatile p)()); p = (void ((*)()))TS_STATUS_INFO_get0_status; return !p; }
/* end */

"gcc -o conftest -I/Users/ilmira/.rvm/rubies/ruby-2.5.5/include/ruby-2.5.0/x86_64-darwin17 -I/Users/ilmira/.rvm/rubies/ruby-2.5.5/include/ruby-2.5.0/ruby/backward -I/Users/ilmira/.rvm/rubies/ruby-2.5.5/include/ruby-2.5.0 -I. -I/opt/local/include  -I/usr/local/opt/libyaml/include -I/usr/local/opt/libksba/include -I/usr/local/opt/readline/include -I/usr/local/opt/zlib/include -I/usr/local/opt/openssl@1.1/include -D_XOPEN_SOURCE -D_DARWIN_C_SOURCE -D_DARWIN_UNLIMITED_SELECT -D_REENTRANT   -O3 -ggdb3 -Wall -Wextra -Wno-unused-parameter -Wno-parentheses -Wno-long-long -Wno-missing-field-initializers -Wno-tautological-compare -Wno-parentheses-equality -Wno-constant-logical-operand -Wno-self-assign -Wunused-variable -Wimplicit-int -Wpointer-arith -Wwrite-strings -Wdeclaration-after-statement -Wshorten-64-to-32 -Wimplicit-function-declaration -Wdivision-by-zero -Wdeprecated-declarations -Wextra-tokens  -fno-common -pipe  conftest.c  -L. -L/Users/ilmira/.rvm/rubies/ruby-2.5.5/lib -L/usr/local/opt/libyaml/lib -L/usr/local/opt/libksba/lib -L/usr/local/opt/readline/lib -L/usr/local/opt/zlib/lib -L/usr/local/opt/openssl@1.1/lib -L. -fstack-protector -L/usr/local/lib -L/usr/local/opt/libyaml/lib -L/usr/local/opt/libksba/lib -L/usr/local/opt/readline/lib -L/usr/local/opt/zlib/lib -L/usr/local/opt/openssl@1.1/lib -L/opt/local/lib     -lssl -lcrypto -lruby.2.5.5  -lssl -lcrypto -lpthread -lgmp -ldl -lobjc "
checked program was:
/* begin */
 1: #include "ruby.h"
 2: 
 3: /*top*/
 4: extern int t(void);
 5: int main(int argc, char **argv)
 6: {
 7:   if (argc > 1000000) {
 8:     printf("%p", &t);
 9:   }
10: 
11:   return 0;
12: }
13: extern void TS_STATUS_INFO_get0_status();
14: int t(void) { TS_STATUS_INFO_get0_status(); return 0; }
/* end */

--------------------

have_func: checking for TS_STATUS_INFO_get0_text()... -------------------- yes

"gcc -o conftest -I/Users/ilmira/.rvm/rubies/ruby-2.5.5/include/ruby-2.5.0/x86_64-darwin17 -I/Users/ilmira/.rvm/rubies/ruby-2.5.5/include/ruby-2.5.0/ruby/backward -I/Users/ilmira/.rvm/rubies/ruby-2.5.5/include/ruby-2.5.0 -I. -I/opt/local/include  -I/usr/local/opt/libyaml/include -I/usr/local/opt/libksba/include -I/usr/local/opt/readline/include -I/usr/local/opt/zlib/include -I/usr/local/opt/openssl@1.1/include -D_XOPEN_SOURCE -D_DARWIN_C_SOURCE -D_DARWIN_UNLIMITED_SELECT -D_REENTRANT   -O3 -ggdb3 -Wall -Wextra -Wno-unused-parameter -Wno-parentheses -Wno-long-long -Wno-missing-field-initializers -Wno-tautological-compare -Wno-parentheses-equality -Wno-constant-logical-operand -Wno-self-assign -Wunused-variable -Wimplicit-int -Wpointer-arith -Wwrite-strings -Wdeclaration-after-statement -Wshorten-64-to-32 -Wimplicit-function-declaration -Wdivision-by-zero -Wdeprecated-declarations -Wextra-tokens  -fno-common -pipe  conftest.c  -L. -L/Users/ilmira/.rvm/rubies/ruby-2.5.5/lib -L/usr/local/opt/libyaml/lib -L/usr/local/opt/libksba/lib -L/usr/local/opt/readline/lib -L/usr/local/opt/zlib/lib -L/usr/local/opt/openssl@1.1/lib -L. -fstack-protector -L/usr/local/lib -L/usr/local/opt/libyaml/lib -L/usr/local/opt/libksba/lib -L/usr/local/opt/readline/lib -L/usr/local/opt/zlib/lib -L/usr/local/opt/openssl@1.1/lib -L/opt/local/lib     -lssl -lcrypto -lruby.2.5.5  -lssl -lcrypto -lpthread -lgmp -ldl -lobjc "
conftest.c:13:57: error: use of undeclared identifier 'TS_STATUS_INFO_get0_text'
int t(void) { void ((*volatile p)()); p = (void ((*)()))TS_STATUS_INFO_get0_text; return !p; }
                                                        ^
1 error generated.
checked program was:
/* begin */
 1: #include "ruby.h"
 2: 
 3: /*top*/
 4: extern int t(void);
 5: int main(int argc, char **argv)
 6: {
 7:   if (argc > 1000000) {
 8:     printf("%p", &t);
 9:   }
10: 
11:   return 0;
12: }
13: int t(void) { void ((*volatile p)()); p = (void ((*)()))TS_STATUS_INFO_get0_text; return !p; }
/* end */

"gcc -o conftest -I/Users/ilmira/.rvm/rubies/ruby-2.5.5/include/ruby-2.5.0/x86_64-darwin17 -I/Users/ilmira/.rvm/rubies/ruby-2.5.5/include/ruby-2.5.0/ruby/backward -I/Users/ilmira/.rvm/rubies/ruby-2.5.5/include/ruby-2.5.0 -I. -I/opt/local/include  -I/usr/local/opt/libyaml/include -I/usr/local/opt/libksba/include -I/usr/local/opt/readline/include -I/usr/local/opt/zlib/include -I/usr/local/opt/openssl@1.1/include -D_XOPEN_SOURCE -D_DARWIN_C_SOURCE -D_DARWIN_UNLIMITED_SELECT -D_REENTRANT   -O3 -ggdb3 -Wall -Wextra -Wno-unused-parameter -Wno-parentheses -Wno-long-long -Wno-missing-field-initializers -Wno-tautological-compare -Wno-parentheses-equality -Wno-constant-logical-operand -Wno-self-assign -Wunused-variable -Wimplicit-int -Wpointer-arith -Wwrite-strings -Wdeclaration-after-statement -Wshorten-64-to-32 -Wimplicit-function-declaration -Wdivision-by-zero -Wdeprecated-declarations -Wextra-tokens  -fno-common -pipe  conftest.c  -L. -L/Users/ilmira/.rvm/rubies/ruby-2.5.5/lib -L/usr/local/opt/libyaml/lib -L/usr/local/opt/libksba/lib -L/usr/local/opt/readline/lib -L/usr/local/opt/zlib/lib -L/usr/local/opt/openssl@1.1/lib -L. -fstack-protector -L/usr/local/lib -L/usr/local/opt/libyaml/lib -L/usr/local/opt/libksba/lib -L/usr/local/opt/readline/lib -L/usr/local/opt/zlib/lib -L/usr/local/opt/openssl@1.1/lib -L/opt/local/lib     -lssl -lcrypto -lruby.2.5.5  -lssl -lcrypto -lpthread -lgmp -ldl -lobjc "
checked program was:
/* begin */
 1: #include "ruby.h"
 2: 
 3: /*top*/
 4: extern int t(void);
 5: int main(int argc, char **argv)
 6: {
 7:   if (argc > 1000000) {
 8:     printf("%p", &t);
 9:   }
10: 
11:   return 0;
12: }
13: extern void TS_STATUS_INFO_get0_text();
14: int t(void) { TS_STATUS_INFO_get0_text(); return 0; }
/* end */

--------------------

have_func: checking for TS_STATUS_INFO_get0_failure_info()... -------------------- yes

"gcc -o conftest -I/Users/ilmira/.rvm/rubies/ruby-2.5.5/include/ruby-2.5.0/x86_64-darwin17 -I/Users/ilmira/.rvm/rubies/ruby-2.5.5/include/ruby-2.5.0/ruby/backward -I/Users/ilmira/.rvm/rubies/ruby-2.5.5/include/ruby-2.5.0 -I. -I/opt/local/include  -I/usr/local/opt/libyaml/include -I/usr/local/opt/libksba/include -I/usr/local/opt/readline/include -I/usr/local/opt/zlib/include -I/usr/local/opt/openssl@1.1/include -D_XOPEN_SOURCE -D_DARWIN_C_SOURCE -D_DARWIN_UNLIMITED_SELECT -D_REENTRANT   -O3 -ggdb3 -Wall -Wextra -Wno-unused-parameter -Wno-parentheses -Wno-long-long -Wno-missing-field-initializers -Wno-tautological-compare -Wno-parentheses-equality -Wno-constant-logical-operand -Wno-self-assign -Wunused-variable -Wimplicit-int -Wpointer-arith -Wwrite-strings -Wdeclaration-after-statement -Wshorten-64-to-32 -Wimplicit-function-declaration -Wdivision-by-zero -Wdeprecated-declarations -Wextra-tokens  -fno-common -pipe  conftest.c  -L. -L/Users/ilmira/.rvm/rubies/ruby-2.5.5/lib -L/usr/local/opt/libyaml/lib -L/usr/local/opt/libksba/lib -L/usr/local/opt/readline/lib -L/usr/local/opt/zlib/lib -L/usr/local/opt/openssl@1.1/lib -L. -fstack-protector -L/usr/local/lib -L/usr/local/opt/libyaml/lib -L/usr/local/opt/libksba/lib -L/usr/local/opt/readline/lib -L/usr/local/opt/zlib/lib -L/usr/local/opt/openssl@1.1/lib -L/opt/local/lib     -lssl -lcrypto -lruby.2.5.5  -lssl -lcrypto -lpthread -lgmp -ldl -lobjc "
conftest.c:13:57: error: use of undeclared identifier 'TS_STATUS_INFO_get0_failure_info'
int t(void) { void ((*volatile p)()); p = (void ((*)()))TS_STATUS_INFO_get0_failure_info; return !p; }
                                                        ^
1 error generated.
checked program was:
/* begin */
 1: #include "ruby.h"
 2: 
 3: /*top*/
 4: extern int t(void);
 5: int main(int argc, char **argv)
 6: {
 7:   if (argc > 1000000) {
 8:     printf("%p", &t);
 9:   }
10: 
11:   return 0;
12: }
13: int t(void) { void ((*volatile p)()); p = (void ((*)()))TS_STATUS_INFO_get0_failure_info; return !p; }
/* end */

"gcc -o conftest -I/Users/ilmira/.rvm/rubies/ruby-2.5.5/include/ruby-2.5.0/x86_64-darwin17 -I/Users/ilmira/.rvm/rubies/ruby-2.5.5/include/ruby-2.5.0/ruby/backward -I/Users/ilmira/.rvm/rubies/ruby-2.5.5/include/ruby-2.5.0 -I. -I/opt/local/include  -I/usr/local/opt/libyaml/include -I/usr/local/opt/libksba/include -I/usr/local/opt/readline/include -I/usr/local/opt/zlib/include -I/usr/local/opt/openssl@1.1/include -D_XOPEN_SOURCE -D_DARWIN_C_SOURCE -D_DARWIN_UNLIMITED_SELECT -D_REENTRANT   -O3 -ggdb3 -Wall -Wextra -Wno-unused-parameter -Wno-parentheses -Wno-long-long -Wno-missing-field-initializers -Wno-tautological-compare -Wno-parentheses-equality -Wno-constant-logical-operand -Wno-self-assign -Wunused-variable -Wimplicit-int -Wpointer-arith -Wwrite-strings -Wdeclaration-after-statement -Wshorten-64-to-32 -Wimplicit-function-declaration -Wdivision-by-zero -Wdeprecated-declarations -Wextra-tokens  -fno-common -pipe  conftest.c  -L. -L/Users/ilmira/.rvm/rubies/ruby-2.5.5/lib -L/usr/local/opt/libyaml/lib -L/usr/local/opt/libksba/lib -L/usr/local/opt/readline/lib -L/usr/local/opt/zlib/lib -L/usr/local/opt/openssl@1.1/lib -L. -fstack-protector -L/usr/local/lib -L/usr/local/opt/libyaml/lib -L/usr/local/opt/libksba/lib -L/usr/local/opt/readline/lib -L/usr/local/opt/zlib/lib -L/usr/local/opt/openssl@1.1/lib -L/opt/local/lib     -lssl -lcrypto -lruby.2.5.5  -lssl -lcrypto -lpthread -lgmp -ldl -lobjc "
checked program was:
/* begin */
 1: #include "ruby.h"
 2: 
 3: /*top*/
 4: extern int t(void);
 5: int main(int argc, char **argv)
 6: {
 7:   if (argc > 1000000) {
 8:     printf("%p", &t);
 9:   }
10: 
11:   return 0;
12: }
13: extern void TS_STATUS_INFO_get0_failure_info();
14: int t(void) { TS_STATUS_INFO_get0_failure_info(); return 0; }
/* end */

--------------------

have_func: checking for TS_VERIFY_CTS_set_certs()... -------------------- yes

"gcc -o conftest -I/Users/ilmira/.rvm/rubies/ruby-2.5.5/include/ruby-2.5.0/x86_64-darwin17 -I/Users/ilmira/.rvm/rubies/ruby-2.5.5/include/ruby-2.5.0/ruby/backward -I/Users/ilmira/.rvm/rubies/ruby-2.5.5/include/ruby-2.5.0 -I. -I/opt/local/include  -I/usr/local/opt/libyaml/include -I/usr/local/opt/libksba/include -I/usr/local/opt/readline/include -I/usr/local/opt/zlib/include -I/usr/local/opt/openssl@1.1/include -D_XOPEN_SOURCE -D_DARWIN_C_SOURCE -D_DARWIN_UNLIMITED_SELECT -D_REENTRANT   -O3 -ggdb3 -Wall -Wextra -Wno-unused-parameter -Wno-parentheses -Wno-long-long -Wno-missing-field-initializers -Wno-tautological-compare -Wno-parentheses-equality -Wno-constant-logical-operand -Wno-self-assign -Wunused-variable -Wimplicit-int -Wpointer-arith -Wwrite-strings -Wdeclaration-after-statement -Wshorten-64-to-32 -Wimplicit-function-declaration -Wdivision-by-zero -Wdeprecated-declarations -Wextra-tokens  -fno-common -pipe  conftest.c  -L. -L/Users/ilmira/.rvm/rubies/ruby-2.5.5/lib -L/usr/local/opt/libyaml/lib -L/usr/local/opt/libksba/lib -L/usr/local/opt/readline/lib -L/usr/local/opt/zlib/lib -L/usr/local/opt/openssl@1.1/lib -L. -fstack-protector -L/usr/local/lib -L/usr/local/opt/libyaml/lib -L/usr/local/opt/libksba/lib -L/usr/local/opt/readline/lib -L/usr/local/opt/zlib/lib -L/usr/local/opt/openssl@1.1/lib -L/opt/local/lib     -lssl -lcrypto -lruby.2.5.5  -lssl -lcrypto -lpthread -lgmp -ldl -lobjc "
conftest.c:13:57: error: use of undeclared identifier 'TS_VERIFY_CTS_set_certs'
int t(void) { void ((*volatile p)()); p = (void ((*)()))TS_VERIFY_CTS_set_certs; return !p; }
                                                        ^
1 error generated.
checked program was:
/* begin */
 1: #include "ruby.h"
 2: 
 3: /*top*/
 4: extern int t(void);
 5: int main(int argc, char **argv)
 6: {
 7:   if (argc > 1000000) {
 8:     printf("%p", &t);
 9:   }
10: 
11:   return 0;
12: }
13: int t(void) { void ((*volatile p)()); p = (void ((*)()))TS_VERIFY_CTS_set_certs; return !p; }
/* end */

"gcc -o conftest -I/Users/ilmira/.rvm/rubies/ruby-2.5.5/include/ruby-2.5.0/x86_64-darwin17 -I/Users/ilmira/.rvm/rubies/ruby-2.5.5/include/ruby-2.5.0/ruby/backward -I/Users/ilmira/.rvm/rubies/ruby-2.5.5/include/ruby-2.5.0 -I. -I/opt/local/include  -I/usr/local/opt/libyaml/include -I/usr/local/opt/libksba/include -I/usr/local/opt/readline/include -I/usr/local/opt/zlib/include -I/usr/local/opt/openssl@1.1/include -D_XOPEN_SOURCE -D_DARWIN_C_SOURCE -D_DARWIN_UNLIMITED_SELECT -D_REENTRANT   -O3 -ggdb3 -Wall -Wextra -Wno-unused-parameter -Wno-parentheses -Wno-long-long -Wno-missing-field-initializers -Wno-tautological-compare -Wno-parentheses-equality -Wno-constant-logical-operand -Wno-self-assign -Wunused-variable -Wimplicit-int -Wpointer-arith -Wwrite-strings -Wdeclaration-after-statement -Wshorten-64-to-32 -Wimplicit-function-declaration -Wdivision-by-zero -Wdeprecated-declarations -Wextra-tokens  -fno-common -pipe  conftest.c  -L. -L/Users/ilmira/.rvm/rubies/ruby-2.5.5/lib -L/usr/local/opt/libyaml/lib -L/usr/local/opt/libksba/lib -L/usr/local/opt/readline/lib -L/usr/local/opt/zlib/lib -L/usr/local/opt/openssl@1.1/lib -L. -fstack-protector -L/usr/local/lib -L/usr/local/opt/libyaml/lib -L/usr/local/opt/libksba/lib -L/usr/local/opt/readline/lib -L/usr/local/opt/zlib/lib -L/usr/local/opt/openssl@1.1/lib -L/opt/local/lib     -lssl -lcrypto -lruby.2.5.5  -lssl -lcrypto -lpthread -lgmp -ldl -lobjc "
checked program was:
/* begin */
 1: #include "ruby.h"
 2: 
 3: /*top*/
 4: extern int t(void);
 5: int main(int argc, char **argv)
 6: {
 7:   if (argc > 1000000) {
 8:     printf("%p", &t);
 9:   }
10: 
11:   return 0;
12: }
13: extern void TS_VERIFY_CTS_set_certs();
14: int t(void) { TS_VERIFY_CTS_set_certs(); return 0; }
/* end */

--------------------

have_func: checking for TS_VERIFY_CTX_set_store()... -------------------- yes

"gcc -o conftest -I/Users/ilmira/.rvm/rubies/ruby-2.5.5/include/ruby-2.5.0/x86_64-darwin17 -I/Users/ilmira/.rvm/rubies/ruby-2.5.5/include/ruby-2.5.0/ruby/backward -I/Users/ilmira/.rvm/rubies/ruby-2.5.5/include/ruby-2.5.0 -I. -I/opt/local/include  -I/usr/local/opt/libyaml/include -I/usr/local/opt/libksba/include -I/usr/local/opt/readline/include -I/usr/local/opt/zlib/include -I/usr/local/opt/openssl@1.1/include -D_XOPEN_SOURCE -D_DARWIN_C_SOURCE -D_DARWIN_UNLIMITED_SELECT -D_REENTRANT   -O3 -ggdb3 -Wall -Wextra -Wno-unused-parameter -Wno-parentheses -Wno-long-long -Wno-missing-field-initializers -Wno-tautological-compare -Wno-parentheses-equality -Wno-constant-logical-operand -Wno-self-assign -Wunused-variable -Wimplicit-int -Wpointer-arith -Wwrite-strings -Wdeclaration-after-statement -Wshorten-64-to-32 -Wimplicit-function-declaration -Wdivision-by-zero -Wdeprecated-declarations -Wextra-tokens  -fno-common -pipe  conftest.c  -L. -L/Users/ilmira/.rvm/rubies/ruby-2.5.5/lib -L/usr/local/opt/libyaml/lib -L/usr/local/opt/libksba/lib -L/usr/local/opt/readline/lib -L/usr/local/opt/zlib/lib -L/usr/local/opt/openssl@1.1/lib -L. -fstack-protector -L/usr/local/lib -L/usr/local/opt/libyaml/lib -L/usr/local/opt/libksba/lib -L/usr/local/opt/readline/lib -L/usr/local/opt/zlib/lib -L/usr/local/opt/openssl@1.1/lib -L/opt/local/lib     -lssl -lcrypto -lruby.2.5.5  -lssl -lcrypto -lpthread -lgmp -ldl -lobjc "
conftest.c:13:57: error: use of undeclared identifier 'TS_VERIFY_CTX_set_store'
int t(void) { void ((*volatile p)()); p = (void ((*)()))TS_VERIFY_CTX_set_store; return !p; }
                                                        ^
1 error generated.
checked program was:
/* begin */
 1: #include "ruby.h"
 2: 
 3: /*top*/
 4: extern int t(void);
 5: int main(int argc, char **argv)
 6: {
 7:   if (argc > 1000000) {
 8:     printf("%p", &t);
 9:   }
10: 
11:   return 0;
12: }
13: int t(void) { void ((*volatile p)()); p = (void ((*)()))TS_VERIFY_CTX_set_store; return !p; }
/* end */

"gcc -o conftest -I/Users/ilmira/.rvm/rubies/ruby-2.5.5/include/ruby-2.5.0/x86_64-darwin17 -I/Users/ilmira/.rvm/rubies/ruby-2.5.5/include/ruby-2.5.0/ruby/backward -I/Users/ilmira/.rvm/rubies/ruby-2.5.5/include/ruby-2.5.0 -I. -I/opt/local/include  -I/usr/local/opt/libyaml/include -I/usr/local/opt/libksba/include -I/usr/local/opt/readline/include -I/usr/local/opt/zlib/include -I/usr/local/opt/openssl@1.1/include -D_XOPEN_SOURCE -D_DARWIN_C_SOURCE -D_DARWIN_UNLIMITED_SELECT -D_REENTRANT   -O3 -ggdb3 -Wall -Wextra -Wno-unused-parameter -Wno-parentheses -Wno-long-long -Wno-missing-field-initializers -Wno-tautological-compare -Wno-parentheses-equality -Wno-constant-logical-operand -Wno-self-assign -Wunused-variable -Wimplicit-int -Wpointer-arith -Wwrite-strings -Wdeclaration-after-statement -Wshorten-64-to-32 -Wimplicit-function-declaration -Wdivision-by-zero -Wdeprecated-declarations -Wextra-tokens  -fno-common -pipe  conftest.c  -L. -L/Users/ilmira/.rvm/rubies/ruby-2.5.5/lib -L/usr/local/opt/libyaml/lib -L/usr/local/opt/libksba/lib -L/usr/local/opt/readline/lib -L/usr/local/opt/zlib/lib -L/usr/local/opt/openssl@1.1/lib -L. -fstack-protector -L/usr/local/lib -L/usr/local/opt/libyaml/lib -L/usr/local/opt/libksba/lib -L/usr/local/opt/readline/lib -L/usr/local/opt/zlib/lib -L/usr/local/opt/openssl@1.1/lib -L/opt/local/lib     -lssl -lcrypto -lruby.2.5.5  -lssl -lcrypto -lpthread -lgmp -ldl -lobjc "
checked program was:
/* begin */
 1: #include "ruby.h"
 2: 
 3: /*top*/
 4: extern int t(void);
 5: int main(int argc, char **argv)
 6: {
 7:   if (argc > 1000000) {
 8:     printf("%p", &t);
 9:   }
10: 
11:   return 0;
12: }
13: extern void TS_VERIFY_CTX_set_store();
14: int t(void) { TS_VERIFY_CTX_set_store(); return 0; }
/* end */

--------------------

have_func: checking for TS_VERIFY_CTX_add_flags()... -------------------- yes

"gcc -o conftest -I/Users/ilmira/.rvm/rubies/ruby-2.5.5/include/ruby-2.5.0/x86_64-darwin17 -I/Users/ilmira/.rvm/rubies/ruby-2.5.5/include/ruby-2.5.0/ruby/backward -I/Users/ilmira/.rvm/rubies/ruby-2.5.5/include/ruby-2.5.0 -I. -I/opt/local/include  -I/usr/local/opt/libyaml/include -I/usr/local/opt/libksba/include -I/usr/local/opt/readline/include -I/usr/local/opt/zlib/include -I/usr/local/opt/openssl@1.1/include -D_XOPEN_SOURCE -D_DARWIN_C_SOURCE -D_DARWIN_UNLIMITED_SELECT -D_REENTRANT   -O3 -ggdb3 -Wall -Wextra -Wno-unused-parameter -Wno-parentheses -Wno-long-long -Wno-missing-field-initializers -Wno-tautological-compare -Wno-parentheses-equality -Wno-constant-logical-operand -Wno-self-assign -Wunused-variable -Wimplicit-int -Wpointer-arith -Wwrite-strings -Wdeclaration-after-statement -Wshorten-64-to-32 -Wimplicit-function-declaration -Wdivision-by-zero -Wdeprecated-declarations -Wextra-tokens  -fno-common -pipe  conftest.c  -L. -L/Users/ilmira/.rvm/rubies/ruby-2.5.5/lib -L/usr/local/opt/libyaml/lib -L/usr/local/opt/libksba/lib -L/usr/local/opt/readline/lib -L/usr/local/opt/zlib/lib -L/usr/local/opt/openssl@1.1/lib -L. -fstack-protector -L/usr/local/lib -L/usr/local/opt/libyaml/lib -L/usr/local/opt/libksba/lib -L/usr/local/opt/readline/lib -L/usr/local/opt/zlib/lib -L/usr/local/opt/openssl@1.1/lib -L/opt/local/lib     -lssl -lcrypto -lruby.2.5.5  -lssl -lcrypto -lpthread -lgmp -ldl -lobjc "
conftest.c:13:57: error: use of undeclared identifier 'TS_VERIFY_CTX_add_flags'
int t(void) { void ((*volatile p)()); p = (void ((*)()))TS_VERIFY_CTX_add_flags; return !p; }
                                                        ^
1 error generated.
checked program was:
/* begin */
 1: #include "ruby.h"
 2: 
 3: /*top*/
 4: extern int t(void);
 5: int main(int argc, char **argv)
 6: {
 7:   if (argc > 1000000) {
 8:     printf("%p", &t);
 9:   }
10: 
11:   return 0;
12: }
13: int t(void) { void ((*volatile p)()); p = (void ((*)()))TS_VERIFY_CTX_add_flags; return !p; }
/* end */

"gcc -o conftest -I/Users/ilmira/.rvm/rubies/ruby-2.5.5/include/ruby-2.5.0/x86_64-darwin17 -I/Users/ilmira/.rvm/rubies/ruby-2.5.5/include/ruby-2.5.0/ruby/backward -I/Users/ilmira/.rvm/rubies/ruby-2.5.5/include/ruby-2.5.0 -I. -I/opt/local/include  -I/usr/local/opt/libyaml/include -I/usr/local/opt/libksba/include -I/usr/local/opt/readline/include -I/usr/local/opt/zlib/include -I/usr/local/opt/openssl@1.1/include -D_XOPEN_SOURCE -D_DARWIN_C_SOURCE -D_DARWIN_UNLIMITED_SELECT -D_REENTRANT   -O3 -ggdb3 -Wall -Wextra -Wno-unused-parameter -Wno-parentheses -Wno-long-long -Wno-missing-field-initializers -Wno-tautological-compare -Wno-parentheses-equality -Wno-constant-logical-operand -Wno-self-assign -Wunused-variable -Wimplicit-int -Wpointer-arith -Wwrite-strings -Wdeclaration-after-statement -Wshorten-64-to-32 -Wimplicit-function-declaration -Wdivision-by-zero -Wdeprecated-declarations -Wextra-tokens  -fno-common -pipe  conftest.c  -L. -L/Users/ilmira/.rvm/rubies/ruby-2.5.5/lib -L/usr/local/opt/libyaml/lib -L/usr/local/opt/libksba/lib -L/usr/local/opt/readline/lib -L/usr/local/opt/zlib/lib -L/usr/local/opt/openssl@1.1/lib -L. -fstack-protector -L/usr/local/lib -L/usr/local/opt/libyaml/lib -L/usr/local/opt/libksba/lib -L/usr/local/opt/readline/lib -L/usr/local/opt/zlib/lib -L/usr/local/opt/openssl@1.1/lib -L/opt/local/lib     -lssl -lcrypto -lruby.2.5.5  -lssl -lcrypto -lpthread -lgmp -ldl -lobjc "
checked program was:
/* begin */
 1: #include "ruby.h"
 2: 
 3: /*top*/
 4: extern int t(void);
 5: int main(int argc, char **argv)
 6: {
 7:   if (argc > 1000000) {
 8:     printf("%p", &t);
 9:   }
10: 
11:   return 0;
12: }
13: extern void TS_VERIFY_CTX_add_flags();
14: int t(void) { TS_VERIFY_CTX_add_flags(); return 0; }
/* end */

--------------------

have_func: checking for TS_RESP_CTX_set_time_cb()... -------------------- yes

"gcc -o conftest -I/Users/ilmira/.rvm/rubies/ruby-2.5.5/include/ruby-2.5.0/x86_64-darwin17 -I/Users/ilmira/.rvm/rubies/ruby-2.5.5/include/ruby-2.5.0/ruby/backward -I/Users/ilmira/.rvm/rubies/ruby-2.5.5/include/ruby-2.5.0 -I. -I/opt/local/include  -I/usr/local/opt/libyaml/include -I/usr/local/opt/libksba/include -I/usr/local/opt/readline/include -I/usr/local/opt/zlib/include -I/usr/local/opt/openssl@1.1/include -D_XOPEN_SOURCE -D_DARWIN_C_SOURCE -D_DARWIN_UNLIMITED_SELECT -D_REENTRANT   -O3 -ggdb3 -Wall -Wextra -Wno-unused-parameter -Wno-parentheses -Wno-long-long -Wno-missing-field-initializers -Wno-tautological-compare -Wno-parentheses-equality -Wno-constant-logical-operand -Wno-self-assign -Wunused-variable -Wimplicit-int -Wpointer-arith -Wwrite-strings -Wdeclaration-after-statement -Wshorten-64-to-32 -Wimplicit-function-declaration -Wdivision-by-zero -Wdeprecated-declarations -Wextra-tokens  -fno-common -pipe  conftest.c  -L. -L/Users/ilmira/.rvm/rubies/ruby-2.5.5/lib -L/usr/local/opt/libyaml/lib -L/usr/local/opt/libksba/lib -L/usr/local/opt/readline/lib -L/usr/local/opt/zlib/lib -L/usr/local/opt/openssl@1.1/lib -L. -fstack-protector -L/usr/local/lib -L/usr/local/opt/libyaml/lib -L/usr/local/opt/libksba/lib -L/usr/local/opt/readline/lib -L/usr/local/opt/zlib/lib -L/usr/local/opt/openssl@1.1/lib -L/opt/local/lib     -lssl -lcrypto -lruby.2.5.5  -lssl -lcrypto -lpthread -lgmp -ldl -lobjc "
conftest.c:13:57: error: use of undeclared identifier 'TS_RESP_CTX_set_time_cb'
int t(void) { void ((*volatile p)()); p = (void ((*)()))TS_RESP_CTX_set_time_cb; return !p; }
                                                        ^
1 error generated.
checked program was:
/* begin */
 1: #include "ruby.h"
 2: 
 3: /*top*/
 4: extern int t(void);
 5: int main(int argc, char **argv)
 6: {
 7:   if (argc > 1000000) {
 8:     printf("%p", &t);
 9:   }
10: 
11:   return 0;
12: }
13: int t(void) { void ((*volatile p)()); p = (void ((*)()))TS_RESP_CTX_set_time_cb; return !p; }
/* end */

"gcc -o conftest -I/Users/ilmira/.rvm/rubies/ruby-2.5.5/include/ruby-2.5.0/x86_64-darwin17 -I/Users/ilmira/.rvm/rubies/ruby-2.5.5/include/ruby-2.5.0/ruby/backward -I/Users/ilmira/.rvm/rubies/ruby-2.5.5/include/ruby-2.5.0 -I. -I/opt/local/include  -I/usr/local/opt/libyaml/include -I/usr/local/opt/libksba/include -I/usr/local/opt/readline/include -I/usr/local/opt/zlib/include -I/usr/local/opt/openssl@1.1/include -D_XOPEN_SOURCE -D_DARWIN_C_SOURCE -D_DARWIN_UNLIMITED_SELECT -D_REENTRANT   -O3 -ggdb3 -Wall -Wextra -Wno-unused-parameter -Wno-parentheses -Wno-long-long -Wno-missing-field-initializers -Wno-tautological-compare -Wno-parentheses-equality -Wno-constant-logical-operand -Wno-self-assign -Wunused-variable -Wimplicit-int -Wpointer-arith -Wwrite-strings -Wdeclaration-after-statement -Wshorten-64-to-32 -Wimplicit-function-declaration -Wdivision-by-zero -Wdeprecated-declarations -Wextra-tokens  -fno-common -pipe  conftest.c  -L. -L/Users/ilmira/.rvm/rubies/ruby-2.5.5/lib -L/usr/local/opt/libyaml/lib -L/usr/local/opt/libksba/lib -L/usr/local/opt/readline/lib -L/usr/local/opt/zlib/lib -L/usr/local/opt/openssl@1.1/lib -L. -fstack-protector -L/usr/local/lib -L/usr/local/opt/libyaml/lib -L/usr/local/opt/libksba/lib -L/usr/local/opt/readline/lib -L/usr/local/opt/zlib/lib -L/usr/local/opt/openssl@1.1/lib -L/opt/local/lib     -lssl -lcrypto -lruby.2.5.5  -lssl -lcrypto -lpthread -lgmp -ldl -lobjc "
checked program was:
/* begin */
 1: #include "ruby.h"
 2: 
 3: /*top*/
 4: extern int t(void);
 5: int main(int argc, char **argv)
 6: {
 7:   if (argc > 1000000) {
 8:     printf("%p", &t);
 9:   }
10: 
11:   return 0;
12: }
13: extern void TS_RESP_CTX_set_time_cb();
14: int t(void) { TS_RESP_CTX_set_time_cb(); return 0; }
/* end */

--------------------

have_func: checking for EVP_PBE_scrypt()... -------------------- yes

"gcc -o conftest -I/Users/ilmira/.rvm/rubies/ruby-2.5.5/include/ruby-2.5.0/x86_64-darwin17 -I/Users/ilmira/.rvm/rubies/ruby-2.5.5/include/ruby-2.5.0/ruby/backward -I/Users/ilmira/.rvm/rubies/ruby-2.5.5/include/ruby-2.5.0 -I. -I/opt/local/include  -I/usr/local/opt/libyaml/include -I/usr/local/opt/libksba/include -I/usr/local/opt/readline/include -I/usr/local/opt/zlib/include -I/usr/local/opt/openssl@1.1/include -D_XOPEN_SOURCE -D_DARWIN_C_SOURCE -D_DARWIN_UNLIMITED_SELECT -D_REENTRANT   -O3 -ggdb3 -Wall -Wextra -Wno-unused-parameter -Wno-parentheses -Wno-long-long -Wno-missing-field-initializers -Wno-tautological-compare -Wno-parentheses-equality -Wno-constant-logical-operand -Wno-self-assign -Wunused-variable -Wimplicit-int -Wpointer-arith -Wwrite-strings -Wdeclaration-after-statement -Wshorten-64-to-32 -Wimplicit-function-declaration -Wdivision-by-zero -Wdeprecated-declarations -Wextra-tokens  -fno-common -pipe  conftest.c  -L. -L/Users/ilmira/.rvm/rubies/ruby-2.5.5/lib -L/usr/local/opt/libyaml/lib -L/usr/local/opt/libksba/lib -L/usr/local/opt/readline/lib -L/usr/local/opt/zlib/lib -L/usr/local/opt/openssl@1.1/lib -L. -fstack-protector -L/usr/local/lib -L/usr/local/opt/libyaml/lib -L/usr/local/opt/libksba/lib -L/usr/local/opt/readline/lib -L/usr/local/opt/zlib/lib -L/usr/local/opt/openssl@1.1/lib -L/opt/local/lib     -lssl -lcrypto -lruby.2.5.5  -lssl -lcrypto -lpthread -lgmp -ldl -lobjc "
conftest.c:13:57: error: use of undeclared identifier 'EVP_PBE_scrypt'
int t(void) { void ((*volatile p)()); p = (void ((*)()))EVP_PBE_scrypt; return !p; }
                                                        ^
1 error generated.
checked program was:
/* begin */
 1: #include "ruby.h"
 2: 
 3: /*top*/
 4: extern int t(void);
 5: int main(int argc, char **argv)
 6: {
 7:   if (argc > 1000000) {
 8:     printf("%p", &t);
 9:   }
10: 
11:   return 0;
12: }
13: int t(void) { void ((*volatile p)()); p = (void ((*)()))EVP_PBE_scrypt; return !p; }
/* end */

"gcc -o conftest -I/Users/ilmira/.rvm/rubies/ruby-2.5.5/include/ruby-2.5.0/x86_64-darwin17 -I/Users/ilmira/.rvm/rubies/ruby-2.5.5/include/ruby-2.5.0/ruby/backward -I/Users/ilmira/.rvm/rubies/ruby-2.5.5/include/ruby-2.5.0 -I. -I/opt/local/include  -I/usr/local/opt/libyaml/include -I/usr/local/opt/libksba/include -I/usr/local/opt/readline/include -I/usr/local/opt/zlib/include -I/usr/local/opt/openssl@1.1/include -D_XOPEN_SOURCE -D_DARWIN_C_SOURCE -D_DARWIN_UNLIMITED_SELECT -D_REENTRANT   -O3 -ggdb3 -Wall -Wextra -Wno-unused-parameter -Wno-parentheses -Wno-long-long -Wno-missing-field-initializers -Wno-tautological-compare -Wno-parentheses-equality -Wno-constant-logical-operand -Wno-self-assign -Wunused-variable -Wimplicit-int -Wpointer-arith -Wwrite-strings -Wdeclaration-after-statement -Wshorten-64-to-32 -Wimplicit-function-declaration -Wdivision-by-zero -Wdeprecated-declarations -Wextra-tokens  -fno-common -pipe  conftest.c  -L. -L/Users/ilmira/.rvm/rubies/ruby-2.5.5/lib -L/usr/local/opt/libyaml/lib -L/usr/local/opt/libksba/lib -L/usr/local/opt/readline/lib -L/usr/local/opt/zlib/lib -L/usr/local/opt/openssl@1.1/lib -L. -fstack-protector -L/usr/local/lib -L/usr/local/opt/libyaml/lib -L/usr/local/opt/libksba/lib -L/usr/local/opt/readline/lib -L/usr/local/opt/zlib/lib -L/usr/local/opt/openssl@1.1/lib -L/opt/local/lib     -lssl -lcrypto -lruby.2.5.5  -lssl -lcrypto -lpthread -lgmp -ldl -lobjc "
checked program was:
/* begin */
 1: #include "ruby.h"
 2: 
 3: /*top*/
 4: extern int t(void);
 5: int main(int argc, char **argv)
 6: {
 7:   if (argc > 1000000) {
 8:     printf("%p", &t);
 9:   }
10: 
11:   return 0;
12: }
13: extern void EVP_PBE_scrypt();
14: int t(void) { EVP_PBE_scrypt(); return 0; }
/* end */

--------------------

have_func: checking for SSL_CTX_set_post_handshake_auth()... -------------------- yes

"gcc -o conftest -I/Users/ilmira/.rvm/rubies/ruby-2.5.5/include/ruby-2.5.0/x86_64-darwin17 -I/Users/ilmira/.rvm/rubies/ruby-2.5.5/include/ruby-2.5.0/ruby/backward -I/Users/ilmira/.rvm/rubies/ruby-2.5.5/include/ruby-2.5.0 -I. -I/opt/local/include  -I/usr/local/opt/libyaml/include -I/usr/local/opt/libksba/include -I/usr/local/opt/readline/include -I/usr/local/opt/zlib/include -I/usr/local/opt/openssl@1.1/include -D_XOPEN_SOURCE -D_DARWIN_C_SOURCE -D_DARWIN_UNLIMITED_SELECT -D_REENTRANT   -O3 -ggdb3 -Wall -Wextra -Wno-unused-parameter -Wno-parentheses -Wno-long-long -Wno-missing-field-initializers -Wno-tautological-compare -Wno-parentheses-equality -Wno-constant-logical-operand -Wno-self-assign -Wunused-variable -Wimplicit-int -Wpointer-arith -Wwrite-strings -Wdeclaration-after-statement -Wshorten-64-to-32 -Wimplicit-function-declaration -Wdivision-by-zero -Wdeprecated-declarations -Wextra-tokens  -fno-common -pipe  conftest.c  -L. -L/Users/ilmira/.rvm/rubies/ruby-2.5.5/lib -L/usr/local/opt/libyaml/lib -L/usr/local/opt/libksba/lib -L/usr/local/opt/readline/lib -L/usr/local/opt/zlib/lib -L/usr/local/opt/openssl@1.1/lib -L. -fstack-protector -L/usr/local/lib -L/usr/local/opt/libyaml/lib -L/usr/local/opt/libksba/lib -L/usr/local/opt/readline/lib -L/usr/local/opt/zlib/lib -L/usr/local/opt/openssl@1.1/lib -L/opt/local/lib     -lssl -lcrypto -lruby.2.5.5  -lssl -lcrypto -lpthread -lgmp -ldl -lobjc "
conftest.c:13:57: error: use of undeclared identifier 'SSL_CTX_set_post_handshake_auth'
int t(void) { void ((*volatile p)()); p = (void ((*)()))SSL_CTX_set_post_handshake_auth; return !p; }
                                                        ^
1 error generated.
checked program was:
/* begin */
 1: #include "ruby.h"
 2: 
 3: /*top*/
 4: extern int t(void);
 5: int main(int argc, char **argv)
 6: {
 7:   if (argc > 1000000) {
 8:     printf("%p", &t);
 9:   }
10: 
11:   return 0;
12: }
13: int t(void) { void ((*volatile p)()); p = (void ((*)()))SSL_CTX_set_post_handshake_auth; return !p; }
/* end */

"gcc -o conftest -I/Users/ilmira/.rvm/rubies/ruby-2.5.5/include/ruby-2.5.0/x86_64-darwin17 -I/Users/ilmira/.rvm/rubies/ruby-2.5.5/include/ruby-2.5.0/ruby/backward -I/Users/ilmira/.rvm/rubies/ruby-2.5.5/include/ruby-2.5.0 -I. -I/opt/local/include  -I/usr/local/opt/libyaml/include -I/usr/local/opt/libksba/include -I/usr/local/opt/readline/include -I/usr/local/opt/zlib/include -I/usr/local/opt/openssl@1.1/include -D_XOPEN_SOURCE -D_DARWIN_C_SOURCE -D_DARWIN_UNLIMITED_SELECT -D_REENTRANT   -O3 -ggdb3 -Wall -Wextra -Wno-unused-parameter -Wno-parentheses -Wno-long-long -Wno-missing-field-initializers -Wno-tautological-compare -Wno-parentheses-equality -Wno-constant-logical-operand -Wno-self-assign -Wunused-variable -Wimplicit-int -Wpointer-arith -Wwrite-strings -Wdeclaration-after-statement -Wshorten-64-to-32 -Wimplicit-function-declaration -Wdivision-by-zero -Wdeprecated-declarations -Wextra-tokens  -fno-common -pipe  conftest.c  -L. -L/Users/ilmira/.rvm/rubies/ruby-2.5.5/lib -L/usr/local/opt/libyaml/lib -L/usr/local/opt/libksba/lib -L/usr/local/opt/readline/lib -L/usr/local/opt/zlib/lib -L/usr/local/opt/openssl@1.1/lib -L. -fstack-protector -L/usr/local/lib -L/usr/local/opt/libyaml/lib -L/usr/local/opt/libksba/lib -L/usr/local/opt/readline/lib -L/usr/local/opt/zlib/lib -L/usr/local/opt/openssl@1.1/lib -L/opt/local/lib     -lssl -lcrypto -lruby.2.5.5  -lssl -lcrypto -lpthread -lgmp -ldl -lobjc "
checked program was:
/* begin */
 1: #include "ruby.h"
 2: 
 3: /*top*/
 4: extern int t(void);
 5: int main(int argc, char **argv)
 6: {
 7:   if (argc > 1000000) {
 8:     printf("%p", &t);
 9:   }
10: 
11:   return 0;
12: }
13: extern void SSL_CTX_set_post_handshake_auth();
14: int t(void) { SSL_CTX_set_post_handshake_auth(); return 0; }
/* end */

--------------------

=== Checking done. ===
extconf.h is:
/* begin */
 1: #ifndef EXTCONF_H
 2: #define EXTCONF_H
 3: #define HAVE_OPENSSL_SSL_H 1
 4: #define HAVE_ENGINE_LOAD_DYNAMIC 1
 5: #define HAVE_ENGINE_LOAD_CRYPTODEV 1
 6: #define HAVE_EC_CURVE_NIST2NID 1
 7: #define HAVE_X509_REVOKED_DUP 1
 8: #define HAVE_X509_STORE_CTX_GET0_STORE 1
 9: #define HAVE_SSL_CTX_SET_ALPN_SELECT_CB 1
10: #define HAVE_SSL_CTX_SET1_CURVES_LIST 1
11: #define HAVE_SSL_CTX_SET_ECDH_AUTO 1
12: #define HAVE_SSL_GET_SERVER_TMP_KEY 1
13: #define HAVE_SSL_IS_SERVER 1
14: #define HAVE_OPAQUE_OPENSSL 1
15: #define HAVE_OPENSSL_110_THREADING_API 1
16: #define HAVE_BN_GENCB_NEW 1
17: #define HAVE_BN_GENCB_FREE 1
18: #define HAVE_BN_GENCB_GET_ARG 1
19: #define HAVE_EVP_MD_CTX_NEW 1
20: #define HAVE_EVP_MD_CTX_FREE 1
21: #define HAVE_HMAC_CTX_NEW 1
22: #define HAVE_HMAC_CTX_FREE 1
23: #define HAVE_X509_STORE_GET_EX_DATA 1
24: #define HAVE_X509_STORE_SET_EX_DATA 1
25: #define HAVE_X509_CRL_GET0_SIGNATURE 1
26: #define HAVE_X509_REQ_GET0_SIGNATURE 1
27: #define HAVE_X509_REVOKED_GET0_SERIALNUMBER 1
28: #define HAVE_X509_REVOKED_GET0_REVOCATIONDATE 1
29: #define HAVE_X509_GET0_TBS_SIGALG 1
30: #define HAVE_X509_STORE_CTX_GET0_UNTRUSTED 1
31: #define HAVE_X509_STORE_CTX_GET0_CERT 1
32: #define HAVE_X509_STORE_CTX_GET0_CHAIN 1
33: #define HAVE_OCSP_SINGLERESP_GET0_ID 1
34: #define HAVE_SSL_CTX_GET_CIPHERS 1
35: #define HAVE_X509_UP_REF 1
36: #define HAVE_X509_CRL_UP_REF 1
37: #define HAVE_X509_STORE_UP_REF 1
38: #define HAVE_SSL_SESSION_UP_REF 1
39: #define HAVE_EVP_PKEY_UP_REF 1
40: #define HAVE_SSL_CTX_SET_MIN_PROTO_VERSION 1
41: #define HAVE_SSL_CTX_GET_SECURITY_LEVEL 1
42: #define HAVE_X509_GET0_NOTBEFORE 1
43: #define HAVE_SSL_SESSION_GET_PROTOCOL_VERSION 1
44: #define HAVE_TS_STATUS_INFO_GET0_STATUS 1
45: #define HAVE_TS_STATUS_INFO_GET0_TEXT 1
46: #define HAVE_TS_STATUS_INFO_GET0_FAILURE_INFO 1
47: #define HAVE_TS_VERIFY_CTS_SET_CERTS 1
48: #define HAVE_TS_VERIFY_CTX_SET_STORE 1
49: #define HAVE_TS_VERIFY_CTX_ADD_FLAGS 1
50: #define HAVE_TS_RESP_CTX_SET_TIME_CB 1
51: #define HAVE_EVP_PBE_SCRYPT 1
52: #define HAVE_SSL_CTX_SET_POST_HANDSHAKE_AUTH 1
53: #endif
/* end */

Done.
